<?xml version="1.0" encoding="UTF-8"?>
<testsuite xmlns:xsi="http://www.w3.org/2001/XMLSchema-instance" xsi:noNamespaceSchemaLocation="https://maven.apache.org/surefire/maven-surefire-plugin/xsd/surefire-test-report-3.0.xsd" version="3.0" name="com.garage.controller.GarageControllerIntegrationTest" time="0.78" tests="2" errors="0" skipped="0" failures="0">
  <properties>
[...]
</properties>
  <testcase name="testCreateGarage" classname="com.garage.controller.GarageControllerIntegrationTest" time="0.588">
    <system-out><![CDATA[2026-02-10 08:54:43 - On TransactionImpl creation, JpaCompliance#isJpaTransactionComplianceEnabled == false
2026-02-10 08:54:43 - begin
2026-02-10 08:54:43 - Created new SQL alias : g1_0
2026-02-10 08:54:43 - Registration of TableGroup [StandardTableGroup(com.mvgore.garageapi.entity.Garage(52256687987200))] with identifierForTableGroup [com.mvgore.garageapi.entity.Garage] for NavigablePath [com.mvgore.garageapi.entity.Garage] 
2026-02-10 08:54:43 - Registration of TableGroup [org.hibernate.sql.ast.tree.from.LazyTableGroup@127e838b] with identifierForTableGroup [com.mvgore.garageapi.entity.Garage.owner] for NavigablePath [com.mvgore.garageapi.entity.Garage.owner] 
2026-02-10 08:54:43 - DomainResult Graph:
 \-EntityResultImpl [com.mvgore.garageapi.entity.Garage(52256687987200)]
 |  +-DelayedCollectionFetch [com.mvgore.garageapi.entity.Garage(52256687987200).bookings]
 |  +-BasicFetch [com.mvgore.garageapi.entity.Garage(52256687987200).description]
 |  +-BasicFetch [com.mvgore.garageapi.entity.Garage(52256687987200).location]
 |  +-BasicFetch [com.mvgore.garageapi.entity.Garage(52256687987200).name]
 |  +-CircularFetchImpl [com.mvgore.garageapi.entity.Garage(52256687987200).owner]
 |  +-BasicFetch [com.mvgore.garageapi.entity.Garage(52256687987200).priceRange]
 |  \-DelayedCollectionFetch [com.mvgore.garageapi.entity.Garage(52256687987200).services]

2026-02-10 08:54:43 - SQL AST Tree:
    SelectStatement {
      FromClause {
        StandardTableGroup (g1 : com.mvgore.garageapi.entity.Garage(52256687987200)) {
          primaryTableReference : garages as g1_0
          TableGroupJoins {
            left  join LazyTableGroup (o1 : com.mvgore.garageapi.entity.Garage(52256687987200).owner) {
            }
          }
        }
      }
    }

2026-02-10 08:54:43 - Skipping reading Query result cache data: cache-enabled = false, cache-mode = NORMAL
2026-02-10 08:54:43 - Initializer list:
	  com.mvgore.garageapi.entity.Garage(52256687987200).services -> DelayedCollectionInitializer(com.mvgore.garageapi.entity.Garage(52256687987200).services)@2088546289 (PluralAttribute(com.mvgore.garageapi.entity.Garage.services))
	  com.mvgore.garageapi.entity.Garage(52256687987200) -> EntityResultInitializer(com.mvgore.garageapi.entity.Garage(52256687987200))@1174935745 (SingleTableEntityPersister(com.mvgore.garageapi.entity.Garage))
	  com.mvgore.garageapi.entity.Garage(52256687987200).owner -> EntitySelectFetchInitializer(com.mvgore.garageapi.entity.Garage(52256687987200).owner)@912906156 (ToOneAttributeMapping(NavigableRole[com.mvgore.garageapi.entity.Garage.owner])@556812393)
	  com.mvgore.garageapi.entity.Garage(52256687987200).bookings -> DelayedCollectionInitializer(com.mvgore.garageapi.entity.Garage(52256687987200).bookings)@1349351473 (PluralAttribute(com.mvgore.garageapi.entity.Garage.bookings))

2026-02-10 08:54:43 - 
    /* <criteria> */ select
        g1_0.id,
        g1_0.description,
        g1_0.location,
        g1_0.name,
        g1_0.owner_id,
        g1_0.price_range 
    from
        garages g1_0
Hibernate: 
    /* <criteria> */ select
        g1_0.id,
        g1_0.description,
        g1_0.location,
        g1_0.name,
        g1_0.owner_id,
        g1_0.price_range 
    from
        garages g1_0
2026-02-10 08:54:43 - Extracted JDBC value [0] - [2]
2026-02-10 08:54:43 - (EntityResultInitializer) Hydrated EntityKey (com.mvgore.garageapi.entity.Garage(52256687987200)): 2
2026-02-10 08:54:43 - Extracted JDBC value [0] - [2]
2026-02-10 08:54:43 - (DelayedCollectionInitializer) Current row collection key : com.mvgore.garageapi.entity.Garage(52256687987200).bookings#2
2026-02-10 08:54:43 - Extracted JDBC value [0] - [2]
2026-02-10 08:54:43 - (DelayedCollectionInitializer) Current row collection key : com.mvgore.garageapi.entity.Garage(52256687987200).services#2
2026-02-10 08:54:43 - (EntityResultInitializer) Created new entity instance [com.mvgore.garageapi.entity.Garage(52256687987200)#2] : 924052457
2026-02-10 08:54:43 - Extracted JDBC value [4] - [3]
2026-02-10 08:54:43 - (EntitySelectFetchInitializer) Invoking session#internalLoad for entity (com.mvgore.garageapi.entity.Garage(52256687987200).owner#3) : 3
2026-02-10 08:54:43 - Skipping reading Query result cache data: cache-enabled = false, cache-mode = IGNORE
2026-02-10 08:54:43 - Initializer list:
	  com.mvgore.garageapi.entity.User.bookings -> DelayedCollectionInitializer(com.mvgore.garageapi.entity.User.bookings)@1286858604 (PluralAttribute(com.mvgore.garageapi.entity.User.bookings))
	  com.mvgore.garageapi.entity.User.garages -> DelayedCollectionInitializer(com.mvgore.garageapi.entity.User.garages)@1691816368 (PluralAttribute(com.mvgore.garageapi.entity.User.garages))
	  com.mvgore.garageapi.entity.User -> EntityResultInitializer(com.mvgore.garageapi.entity.User)@1307899409 (SingleTableEntityPersister(com.mvgore.garageapi.entity.User))

2026-02-10 08:54:43 - 
    select
        u1_0.id,
        u1_0.email,
        u1_0.name,
        u1_0.password,
        u1_0.role 
    from
        users u1_0 
    where
        u1_0.id=?
Hibernate: 
    select
        u1_0.id,
        u1_0.email,
        u1_0.name,
        u1_0.password,
        u1_0.role 
    from
        users u1_0 
    where
        u1_0.id=?
2026-02-10 08:54:43 - (EntityResultInitializer) Hydrated EntityKey (com.mvgore.garageapi.entity.User): 3
2026-02-10 08:54:43 - Extracted JDBC value [0] - [3]
2026-02-10 08:54:43 - (DelayedCollectionInitializer) Current row collection key : com.mvgore.garageapi.entity.User.bookings#3
2026-02-10 08:54:43 - Extracted JDBC value [0] - [3]
2026-02-10 08:54:43 - (DelayedCollectionInitializer) Current row collection key : com.mvgore.garageapi.entity.User.garages#3
2026-02-10 08:54:44 - (EntityResultInitializer) Created new entity instance [com.mvgore.garageapi.entity.User#3] : 40625646
2026-02-10 08:54:44 - Extracted JDBC value [1] - [owner1@test.com]
2026-02-10 08:54:44 - Extracted JDBC value [2] - [owner1]
2026-02-10 08:54:44 - Extracted JDBC value [3] - [pass]
2026-02-10 08:54:44 - Extracted JDBC value [4] - [GARAGE_OWNER]
2026-02-10 08:54:44 - (EntityResultInitializer) Done materializing entityInstance : com.mvgore.garageapi.entity.User#3
2026-02-10 08:54:44 - Calling top-level assembler (0 / 1) : org.hibernate.sql.results.graph.entity.internal.EntityAssembler@636787fd
2026-02-10 08:54:44 - (EntitySelectFetchInitializer) Entity [com.mvgore.garageapi.entity.Garage(52256687987200).owner#3] : 3 has being loaded by session.internalLoad.
2026-02-10 08:54:44 - Extracted JDBC value [1] - [null]
2026-02-10 08:54:44 - Extracted JDBC value [2] - [Test Location]
2026-02-10 08:54:44 - Extracted JDBC value [3] - [Test Garage]
2026-02-10 08:54:44 - Extracted JDBC value [5] - [null]
2026-02-10 08:54:44 - (EntityResultInitializer) Done materializing entityInstance : com.mvgore.garageapi.entity.Garage(52256687987200)#2
2026-02-10 08:54:44 - Calling top-level assembler (0 / 1) : org.hibernate.sql.results.graph.entity.internal.EntityAssembler@3e7e4aea
2026-02-10 08:54:44 - jakarta.persistence.PersistenceUnitUtil.getIdentifier is only intended to work with enhanced entities (although Hibernate also adapts this support to its proxies); however the passed entity was not enhanced (nor a proxy).. may not be able to read identifier
2026-02-10 08:54:44 - jakarta.persistence.PersistenceUnitUtil.getIdentifier is only intended to work with enhanced entities (although Hibernate also adapts this support to its proxies); however the passed entity was not enhanced (nor a proxy).. may not be able to read identifier
2026-02-10 08:54:44 - Skipping reading Query result cache data: cache-enabled = false, cache-mode = IGNORE
2026-02-10 08:54:44 - Initializer list:
	  com.mvgore.garageapi.entity.Garage.bookings.{element}.service.garage.owner -> EntityJoinedFetchInitializer(com.mvgore.garageapi.entity.Garage.bookings.{element}.service.garage.owner)@2021874006 (ToOneAttributeMapping(NavigableRole[com.mvgore.garageapi.entity.Garage.owner])@556812393)
	  com.mvgore.garageapi.entity.Garage.bookings.{element}.service.garage -> EntityJoinedFetchInitializer(com.mvgore.garageapi.entity.Garage.bookings.{element}.service.garage)@59217059 (ToOneAttributeMapping(NavigableRole[com.mvgore.garageapi.entity.GarageServiceEntity.garage])@675572486)
	  com.mvgore.garageapi.entity.Garage.bookings.{element}.service -> EntityJoinedFetchInitializer(com.mvgore.garageapi.entity.Garage.bookings.{element}.service)@1543549761 (ToOneAttributeMapping(NavigableRole[com.mvgore.garageapi.entity.Booking.service])@1688248774)
	  com.mvgore.garageapi.entity.Garage.bookings.{element}.service.garage.bookings -> DelayedCollectionInitializer(com.mvgore.garageapi.entity.Garage.bookings.{element}.service.garage.bookings)@275090225 (PluralAttribute(com.mvgore.garageapi.entity.Garage.bookings))
	  com.mvgore.garageapi.entity.Garage.bookings.{element}.service.garage.owner.bookings -> DelayedCollectionInitializer(com.mvgore.garageapi.entity.Garage.bookings.{element}.service.garage.owner.bookings)@1926113666 (PluralAttribute(com.mvgore.garageapi.entity.User.bookings))
	  com.mvgore.garageapi.entity.Garage.bookings.{element}.garage -> EntitySelectFetchInitializer(com.mvgore.garageapi.entity.Garage.bookings.{element}.garage)@1297324532 (ToOneAttributeMapping(NavigableRole[com.mvgore.garageapi.entity.Booking.garage])@1047156219)
	  com.mvgore.garageapi.entity.Garage.bookings.{element}.service.garage.owner.garages -> DelayedCollectionInitializer(com.mvgore.garageapi.entity.Garage.bookings.{element}.service.garage.owner.garages)@345026980 (PluralAttribute(com.mvgore.garageapi.entity.User.garages))
	  com.mvgore.garageapi.entity.Garage.bookings.{element} -> EntityJoinedFetchInitializer(com.mvgore.garageapi.entity.Garage.bookings.{element})@680561668 (EntityCollectionPart(com.mvgore.garageapi.entity.Garage.bookings#{element})@1556161140)
	  com.mvgore.garageapi.entity.Garage.bookings.{element}.customer.bookings -> DelayedCollectionInitializer(com.mvgore.garageapi.entity.Garage.bookings.{element}.customer.bookings)@730935981 (PluralAttribute(com.mvgore.garageapi.entity.User.bookings))
	  com.mvgore.garageapi.entity.Garage.bookings.{element}.customer.garages -> DelayedCollectionInitializer(com.mvgore.garageapi.entity.Garage.bookings.{element}.customer.garages)@2061271570 (PluralAttribute(com.mvgore.garageapi.entity.User.garages))
	  com.mvgore.garageapi.entity.Garage.bookings.{element}.customer -> EntityJoinedFetchInitializer(com.mvgore.garageapi.entity.Garage.bookings.{element}.customer)@1800405372 (ToOneAttributeMapping(NavigableRole[com.mvgore.garageapi.entity.Booking.customer])@770012055)
	  com.mvgore.garageapi.entity.Garage.bookings.{element}.service.garage.services -> DelayedCollectionInitializer(com.mvgore.garageapi.entity.Garage.bookings.{element}.service.garage.services)@1191985342 (PluralAttribute(com.mvgore.garageapi.entity.Garage.services))
	  com.mvgore.garageapi.entity.Garage.bookings -> SetInitializer(com.mvgore.garageapi.entity.Garage.bookings)@1697257128 (PluralAttribute(com.mvgore.garageapi.entity.Garage.bookings))

2026-02-10 08:54:44 - 
    select
        b1_0.garage_id,
        b1_0.id,
        b1_0.booking_time,
        b1_0.customer_id,
        c1_0.id,
        c1_0.email,
        c1_0.name,
        c1_0.password,
        c1_0.role,
        b1_0.service_id,
        s1_0.id,
        s1_0.duration,
        s1_0.garage_id,
        g2_0.id,
        g2_0.description,
        g2_0.location,
        g2_0.name,
        g2_0.owner_id,
        o1_0.id,
        o1_0.email,
        o1_0.name,
        o1_0.password,
        o1_0.role,
        g2_0.price_range,
        s1_0.name,
        s1_0.price,
        b1_0.status 
    from
        bookings b1_0 
    left join
        users c1_0 
            on c1_0.id=b1_0.customer_id 
    left join
        services s1_0 
            on s1_0.id=b1_0.service_id 
    left join
        garages g2_0 
            on g2_0.id=s1_0.garage_id 
    left join
        users o1_0 
            on o1_0.id=g2_0.owner_id 
    where
        b1_0.garage_id=?
Hibernate: 
    select
        b1_0.garage_id,
        b1_0.id,
        b1_0.booking_time,
        b1_0.customer_id,
        c1_0.id,
        c1_0.email,
        c1_0.name,
        c1_0.password,
        c1_0.role,
        b1_0.service_id,
        s1_0.id,
        s1_0.duration,
        s1_0.garage_id,
        g2_0.id,
        g2_0.description,
        g2_0.location,
        g2_0.name,
        g2_0.owner_id,
        o1_0.id,
        o1_0.email,
        o1_0.name,
        o1_0.password,
        o1_0.role,
        g2_0.price_range,
        s1_0.name,
        s1_0.price,
        b1_0.status 
    from
        bookings b1_0 
    left join
        users c1_0 
            on c1_0.id=b1_0.customer_id 
    left join
        services s1_0 
            on s1_0.id=b1_0.service_id 
    left join
        garages g2_0 
            on g2_0.id=s1_0.garage_id 
    left join
        users o1_0 
            on o1_0.id=g2_0.owner_id 
    where
        b1_0.garage_id=?
2026-02-10 08:54:44 - Extracted JDBC value [4] - [4]
2026-02-10 08:54:44 - (EntityJoinedFetchInitializer) Hydrated EntityKey (com.mvgore.garageapi.entity.Garage.bookings.{element}.customer): 4
2026-02-10 08:54:44 - Extracted JDBC value [3] - [4]
2026-02-10 08:54:44 - Extracted JDBC value [18] - [3]
2026-02-10 08:54:44 - (EntityJoinedFetchInitializer) Hydrated EntityKey (com.mvgore.garageapi.entity.Garage.bookings.{element}.service.garage.owner): 3
2026-02-10 08:54:44 - Extracted JDBC value [17] - [3]
2026-02-10 08:54:44 - Extracted JDBC value [13] - [2]
2026-02-10 08:54:44 - (EntityJoinedFetchInitializer) Hydrated EntityKey (com.mvgore.garageapi.entity.Garage.bookings.{element}.service.garage): 2
2026-02-10 08:54:44 - Extracted JDBC value [12] - [2]
2026-02-10 08:54:44 - Extracted JDBC value [10] - [2]
2026-02-10 08:54:44 - (EntityJoinedFetchInitializer) Hydrated EntityKey (com.mvgore.garageapi.entity.Garage.bookings.{element}.service): 2
2026-02-10 08:54:44 - Extracted JDBC value [9] - [2]
2026-02-10 08:54:44 - Extracted JDBC value [1] - [2]
2026-02-10 08:54:44 - (EntityJoinedFetchInitializer) Hydrated EntityKey (com.mvgore.garageapi.entity.Garage.bookings.{element}): 2
2026-02-10 08:54:44 - Extracted JDBC value [4] - [4]
2026-02-10 08:54:44 - (DelayedCollectionInitializer) Current row collection key : com.mvgore.garageapi.entity.Garage.bookings.{element}.customer.bookings#4
2026-02-10 08:54:44 - Extracted JDBC value [4] - [4]
2026-02-10 08:54:44 - (DelayedCollectionInitializer) Current row collection key : com.mvgore.garageapi.entity.Garage.bookings.{element}.customer.garages#4
2026-02-10 08:54:44 - Extracted JDBC value [13] - [2]
2026-02-10 08:54:44 - (DelayedCollectionInitializer) Current row collection key : com.mvgore.garageapi.entity.Garage.bookings.{element}.service.garage.bookings#2
2026-02-10 08:54:44 - Extracted JDBC value [18] - [3]
2026-02-10 08:54:44 - (DelayedCollectionInitializer) Current row collection key : com.mvgore.garageapi.entity.Garage.bookings.{element}.service.garage.owner.bookings#3
2026-02-10 08:54:44 - Extracted JDBC value [18] - [3]
2026-02-10 08:54:44 - (DelayedCollectionInitializer) Current row collection key : com.mvgore.garageapi.entity.Garage.bookings.{element}.service.garage.owner.garages#3
2026-02-10 08:54:44 - Extracted JDBC value [13] - [2]
2026-02-10 08:54:44 - (DelayedCollectionInitializer) Current row collection key : com.mvgore.garageapi.entity.Garage.bookings.{element}.service.garage.services#2
2026-02-10 08:54:44 - Extracted JDBC value [0] - [2]
2026-02-10 08:54:44 - (SetInitializer) Current row collection key : com.mvgore.garageapi.entity.Garage.bookings#2
2026-02-10 08:54:44 - Extracted JDBC value [0] - [2]
2026-02-10 08:54:44 - (EntityJoinedFetchInitializer) Created new entity instance [com.mvgore.garageapi.entity.Garage.bookings.{element}.customer#4] : 895798008
2026-02-10 08:54:44 - (EntityJoinedFetchInitializer) Created new entity instance [com.mvgore.garageapi.entity.Garage.bookings.{element}.service#2] : 13505962
2026-02-10 08:54:44 - (EntityJoinedFetchInitializer) Created new entity instance [com.mvgore.garageapi.entity.Garage.bookings.{element}#2] : 1034678546
2026-02-10 08:54:44 - Extracted JDBC value [0] - [2]
2026-02-10 08:54:44 - (EntitySelectFetchInitializer) Found existing loading entry [com.mvgore.garageapi.entity.Garage.bookings.{element}.garage#2] - using loading instance
2026-02-10 08:54:44 - (SetInitializer) Responsible for loading collection [com.mvgore.garageapi.entity.Garage.bookings#2] : org.hibernate.collection.spi.PersistentSet@201630154
2026-02-10 08:54:44 - Extracted JDBC value [5] - [customer1@test.com]
2026-02-10 08:54:44 - Extracted JDBC value [6] - [customer1]
2026-02-10 08:54:44 - Extracted JDBC value [7] - [pass]
2026-02-10 08:54:44 - Extracted JDBC value [8] - [CUSTOMER]
2026-02-10 08:54:44 - (EntityJoinedFetchInitializer) Done materializing entityInstance : com.mvgore.garageapi.entity.Garage.bookings.{element}.customer#4
2026-02-10 08:54:44 - Extracted JDBC value [11] - [30]
2026-02-10 08:54:44 - Extracted JDBC value [24] - [Oil Change]
2026-02-10 08:54:44 - Extracted JDBC value [25] - [499.0]
2026-02-10 08:54:44 - (EntityJoinedFetchInitializer) Done materializing entityInstance : com.mvgore.garageapi.entity.Garage.bookings.{element}.service#2
2026-02-10 08:54:44 - Extracted JDBC value [2] - [2026-02-11T08:54:43.750564]
2026-02-10 08:54:44 - Extracted JDBC value [26] - [PENDING]
2026-02-10 08:54:44 - (EntityJoinedFetchInitializer) Done materializing entityInstance : com.mvgore.garageapi.entity.Garage.bookings.{element}#2
2026-02-10 08:54:44 - (SetInitializer) Reading element from row for collection [com.mvgore.garageapi.entity.Garage.bookings#2] -> org.hibernate.collection.spi.PersistentSet@201630154
2026-02-10 08:54:44 - Calling top-level assembler (0 / 1) : org.hibernate.sql.results.graph.collection.internal.EagerCollectionAssembler@70bc684b
2026-02-10 08:54:44 - Collection fully initialized: [com.mvgore.garageapi.entity.Garage.bookings#2]
2026-02-10 08:54:44 - Skipping reading Query result cache data: cache-enabled = false, cache-mode = IGNORE
2026-02-10 08:54:44 - Initializer list:
	  com.mvgore.garageapi.entity.Garage.services.{element}.garage -> EntitySelectFetchInitializer(com.mvgore.garageapi.entity.Garage.services.{element}.garage)@1923613717 (ToOneAttributeMapping(NavigableRole[com.mvgore.garageapi.entity.GarageServiceEntity.garage])@675572486)
	  com.mvgore.garageapi.entity.Garage.services -> SetInitializer(com.mvgore.garageapi.entity.Garage.services)@685669934 (PluralAttribute(com.mvgore.garageapi.entity.Garage.services))
	  com.mvgore.garageapi.entity.Garage.services.{element} -> EntityJoinedFetchInitializer(com.mvgore.garageapi.entity.Garage.services.{element})@993244494 (EntityCollectionPart(com.mvgore.garageapi.entity.Garage.services#{element})@824753705)

2026-02-10 08:54:44 - 
    select
        s1_0.garage_id,
        s1_0.id,
        s1_0.duration,
        s1_0.name,
        s1_0.price 
    from
        services s1_0 
    where
        s1_0.garage_id=?
Hibernate: 
    select
        s1_0.garage_id,
        s1_0.id,
        s1_0.duration,
        s1_0.name,
        s1_0.price 
    from
        services s1_0 
    where
        s1_0.garage_id=?
2026-02-10 08:54:44 - Extracted JDBC value [1] - [2]
2026-02-10 08:54:44 - (EntityJoinedFetchInitializer) Hydrated EntityKey (com.mvgore.garageapi.entity.Garage.services.{element}): 2
2026-02-10 08:54:44 - Extracted JDBC value [0] - [2]
2026-02-10 08:54:44 - (SetInitializer) Current row collection key : com.mvgore.garageapi.entity.Garage.services#2
2026-02-10 08:54:44 - Extracted JDBC value [0] - [2]
2026-02-10 08:54:44 - (SetInitializer) Responsible for loading collection [com.mvgore.garageapi.entity.Garage.services#2] : org.hibernate.collection.spi.PersistentSet@2134374070
2026-02-10 08:54:44 - (SetInitializer) Reading element from row for collection [com.mvgore.garageapi.entity.Garage.services#2] -> org.hibernate.collection.spi.PersistentSet@2134374070
2026-02-10 08:54:44 - Calling top-level assembler (0 / 1) : org.hibernate.sql.results.graph.collection.internal.EagerCollectionAssembler@276af32d
2026-02-10 08:54:44 - Collection fully initialized: [com.mvgore.garageapi.entity.Garage.services#2]
2026-02-10 08:54:44 - committing
2026-02-10 08:54:44 - Processing flush-time cascades
2026-02-10 08:54:44 - Dirty checking collections
2026-02-10 08:54:44 - Collection found: [com.mvgore.garageapi.entity.User.bookings#3], was: [com.mvgore.garageapi.entity.User.bookings#3] (uninitialized)
2026-02-10 08:54:44 - Collection found: [com.mvgore.garageapi.entity.User.garages#3], was: [com.mvgore.garageapi.entity.User.garages#3] (uninitialized)
2026-02-10 08:54:44 - Collection found: [com.mvgore.garageapi.entity.User.bookings#4], was: [com.mvgore.garageapi.entity.User.bookings#4] (uninitialized)
2026-02-10 08:54:44 - Collection found: [com.mvgore.garageapi.entity.User.garages#4], was: [com.mvgore.garageapi.entity.User.garages#4] (uninitialized)
2026-02-10 08:54:44 - Collection dereferenced: [com.mvgore.garageapi.entity.Garage.bookings#2]
2026-02-10 08:54:44 - Collection dereferenced: [com.mvgore.garageapi.entity.Garage.services#2]
2026-02-10 08:54:44 - Flushed: 0 insertions, 0 updates, 3 deletions to 5 objects
2026-02-10 08:54:44 - Flushed: 0 (re)creations, 0 updates, 2 removals to 6 collections
2026-02-10 08:54:44 - Listing entities:
2026-02-10 08:54:44 - com.mvgore.garageapi.entity.Garage{owner=com.mvgore.garageapi.entity.User#3, name=Test Garage, description=null, location=Test Location, id=2, services=[com.mvgore.garageapi.entity.GarageServiceEntity#2], bookings=[com.mvgore.garageapi.entity.Booking#2], priceRange=null}
2026-02-10 08:54:44 - com.mvgore.garageapi.entity.User{garages=<uninitialized>, password=pass, role=GARAGE_OWNER, name=owner1, id=3, bookings=<uninitialized>, email=owner1@test.com}
2026-02-10 08:54:44 - com.mvgore.garageapi.entity.User{garages=<uninitialized>, password=pass, role=CUSTOMER, name=customer1, id=4, bookings=<uninitialized>, email=customer1@test.com}
2026-02-10 08:54:44 - com.mvgore.garageapi.entity.GarageServiceEntity{duration=30, price=499.0, garage=com.mvgore.garageapi.entity.Garage#2, name=Oil Change, id=2}
2026-02-10 08:54:44 - com.mvgore.garageapi.entity.Booking{bookingTime=2026-02-11T08:54:43.750564, service=com.mvgore.garageapi.entity.GarageServiceEntity#2, garage=com.mvgore.garageapi.entity.Garage#2, id=2, customer=com.mvgore.garageapi.entity.User#4, status=PENDING}
2026-02-10 08:54:44 - 
    /* delete for com.mvgore.garageapi.entity.Booking */delete 
    from
        bookings 
    where
        id=?
Hibernate: 
    /* delete for com.mvgore.garageapi.entity.Booking */delete 
    from
        bookings 
    where
        id=?
2026-02-10 08:54:44 - 
    /* delete for com.mvgore.garageapi.entity.GarageServiceEntity */delete 
    from
        services 
    where
        id=?
Hibernate: 
    /* delete for com.mvgore.garageapi.entity.GarageServiceEntity */delete 
    from
        services 
    where
        id=?
2026-02-10 08:54:44 - 
    /* delete for com.mvgore.garageapi.entity.Garage */delete 
    from
        garages 
    where
        id=?
Hibernate: 
    /* delete for com.mvgore.garageapi.entity.Garage */delete 
    from
        garages 
    where
        id=?
2026-02-10 08:54:44 - On TransactionImpl creation, JpaCompliance#isJpaTransactionComplianceEnabled == false
2026-02-10 08:54:44 - begin
2026-02-10 08:54:44 - Created new SQL alias : u1_0
2026-02-10 08:54:44 - Registration of TableGroup [StandardTableGroup(com.mvgore.garageapi.entity.User(52256812778800))] with identifierForTableGroup [com.mvgore.garageapi.entity.User] for NavigablePath [com.mvgore.garageapi.entity.User] 
2026-02-10 08:54:44 - DomainResult Graph:
 \-EntityResultImpl [com.mvgore.garageapi.entity.User(52256812778800)]
 |  +-DelayedCollectionFetch [com.mvgore.garageapi.entity.User(52256812778800).bookings]
 |  +-BasicFetch [com.mvgore.garageapi.entity.User(52256812778800).email]
 |  +-DelayedCollectionFetch [com.mvgore.garageapi.entity.User(52256812778800).garages]
 |  +-BasicFetch [com.mvgore.garageapi.entity.User(52256812778800).name]
 |  +-BasicFetch [com.mvgore.garageapi.entity.User(52256812778800).password]
 |  \-BasicFetch [com.mvgore.garageapi.entity.User(52256812778800).role]

2026-02-10 08:54:44 - SQL AST Tree:
    SelectStatement {
      FromClause {
        StandardTableGroup (u1 : com.mvgore.garageapi.entity.User(52256812778800)) {
          primaryTableReference : users as u1_0
        }
      }
    }

2026-02-10 08:54:44 - Skipping reading Query result cache data: cache-enabled = false, cache-mode = NORMAL
2026-02-10 08:54:44 - Initializer list:
	  com.mvgore.garageapi.entity.User(52256812778800).bookings -> DelayedCollectionInitializer(com.mvgore.garageapi.entity.User(52256812778800).bookings)@1174605053 (PluralAttribute(com.mvgore.garageapi.entity.User.bookings))
	  com.mvgore.garageapi.entity.User(52256812778800) -> EntityResultInitializer(com.mvgore.garageapi.entity.User(52256812778800))@1090623857 (SingleTableEntityPersister(com.mvgore.garageapi.entity.User))
	  com.mvgore.garageapi.entity.User(52256812778800).garages -> DelayedCollectionInitializer(com.mvgore.garageapi.entity.User(52256812778800).garages)@138330288 (PluralAttribute(com.mvgore.garageapi.entity.User.garages))

2026-02-10 08:54:44 - 
    /* <criteria> */ select
        u1_0.id,
        u1_0.email,
        u1_0.name,
        u1_0.password,
        u1_0.role 
    from
        users u1_0
Hibernate: 
    /* <criteria> */ select
        u1_0.id,
        u1_0.email,
        u1_0.name,
        u1_0.password,
        u1_0.role 
    from
        users u1_0
2026-02-10 08:54:44 - Extracted JDBC value [0] - [3]
2026-02-10 08:54:44 - (EntityResultInitializer) Hydrated EntityKey (com.mvgore.garageapi.entity.User(52256812778800)): 3
2026-02-10 08:54:44 - Extracted JDBC value [0] - [3]
2026-02-10 08:54:44 - (DelayedCollectionInitializer) Current row collection key : com.mvgore.garageapi.entity.User(52256812778800).bookings#3
2026-02-10 08:54:44 - Extracted JDBC value [0] - [3]
2026-02-10 08:54:44 - (DelayedCollectionInitializer) Current row collection key : com.mvgore.garageapi.entity.User(52256812778800).garages#3
2026-02-10 08:54:44 - (EntityResultInitializer) Created new entity instance [com.mvgore.garageapi.entity.User(52256812778800)#3] : 1219579466
2026-02-10 08:54:44 - Extracted JDBC value [1] - [owner1@test.com]
2026-02-10 08:54:44 - Extracted JDBC value [2] - [owner1]
2026-02-10 08:54:44 - Extracted JDBC value [3] - [pass]
2026-02-10 08:54:44 - Extracted JDBC value [4] - [GARAGE_OWNER]
2026-02-10 08:54:44 - (EntityResultInitializer) Done materializing entityInstance : com.mvgore.garageapi.entity.User(52256812778800)#3
2026-02-10 08:54:44 - Calling top-level assembler (0 / 1) : org.hibernate.sql.results.graph.entity.internal.EntityAssembler@7820a19d
2026-02-10 08:54:44 - Extracted JDBC value [0] - [4]
2026-02-10 08:54:44 - (EntityResultInitializer) Hydrated EntityKey (com.mvgore.garageapi.entity.User(52256812778800)): 4
2026-02-10 08:54:44 - Extracted JDBC value [0] - [4]
2026-02-10 08:54:44 - (DelayedCollectionInitializer) Current row collection key : com.mvgore.garageapi.entity.User(52256812778800).bookings#4
2026-02-10 08:54:44 - Extracted JDBC value [0] - [4]
2026-02-10 08:54:44 - (DelayedCollectionInitializer) Current row collection key : com.mvgore.garageapi.entity.User(52256812778800).garages#4
2026-02-10 08:54:44 - (EntityResultInitializer) Created new entity instance [com.mvgore.garageapi.entity.User(52256812778800)#4] : 975270861
2026-02-10 08:54:44 - Extracted JDBC value [1] - [customer1@test.com]
2026-02-10 08:54:44 - Extracted JDBC value [2] - [customer1]
2026-02-10 08:54:44 - Extracted JDBC value [3] - [pass]
2026-02-10 08:54:44 - Extracted JDBC value [4] - [CUSTOMER]
2026-02-10 08:54:44 - (EntityResultInitializer) Done materializing entityInstance : com.mvgore.garageapi.entity.User(52256812778800)#4
2026-02-10 08:54:44 - Calling top-level assembler (0 / 1) : org.hibernate.sql.results.graph.entity.internal.EntityAssembler@7820a19d
2026-02-10 08:54:44 - jakarta.persistence.PersistenceUnitUtil.getIdentifier is only intended to work with enhanced entities (although Hibernate also adapts this support to its proxies); however the passed entity was not enhanced (nor a proxy).. may not be able to read identifier
2026-02-10 08:54:44 - jakarta.persistence.PersistenceUnitUtil.getIdentifier is only intended to work with enhanced entities (although Hibernate also adapts this support to its proxies); however the passed entity was not enhanced (nor a proxy).. may not be able to read identifier
2026-02-10 08:54:44 - Skipping reading Query result cache data: cache-enabled = false, cache-mode = IGNORE
2026-02-10 08:54:44 - Initializer list:
	  com.mvgore.garageapi.entity.User.bookings.{element}.service.garage.owner -> EntityJoinedFetchInitializer(com.mvgore.garageapi.entity.User.bookings.{element}.service.garage.owner)@933569224 (ToOneAttributeMapping(NavigableRole[com.mvgore.garageapi.entity.Garage.owner])@556812393)
	  com.mvgore.garageapi.entity.User.bookings.{element}.garage.owner.garages -> DelayedCollectionInitializer(com.mvgore.garageapi.entity.User.bookings.{element}.garage.owner.garages)@111902954 (PluralAttribute(com.mvgore.garageapi.entity.User.garages))
	  com.mvgore.garageapi.entity.User.bookings.{element}.garage.services -> DelayedCollectionInitializer(com.mvgore.garageapi.entity.User.bookings.{element}.garage.services)@1233302288 (PluralAttribute(com.mvgore.garageapi.entity.Garage.services))
	  com.mvgore.garageapi.entity.User.bookings.{element}.garage.owner.bookings -> DelayedCollectionInitializer(com.mvgore.garageapi.entity.User.bookings.{element}.garage.owner.bookings)@569143868 (PluralAttribute(com.mvgore.garageapi.entity.User.bookings))
	  com.mvgore.garageapi.entity.User.bookings.{element}.service.garage.owner.garages -> DelayedCollectionInitializer(com.mvgore.garageapi.entity.User.bookings.{element}.service.garage.owner.garages)@1061267371 (PluralAttribute(com.mvgore.garageapi.entity.User.garages))
	  com.mvgore.garageapi.entity.User.bookings.{element} -> EntityJoinedFetchInitializer(com.mvgore.garageapi.entity.User.bookings.{element})@1698159737 (EntityCollectionPart(com.mvgore.garageapi.entity.User.bookings#{element})@218193338)
	  com.mvgore.garageapi.entity.User.bookings.{element}.garage.owner -> EntityJoinedFetchInitializer(com.mvgore.garageapi.entity.User.bookings.{element}.garage.owner)@972155388 (ToOneAttributeMapping(NavigableRole[com.mvgore.garageapi.entity.Garage.owner])@556812393)
	  com.mvgore.garageapi.entity.User.bookings -> SetInitializer(com.mvgore.garageapi.entity.User.bookings)@2077098348 (PluralAttribute(com.mvgore.garageapi.entity.User.bookings))
	  com.mvgore.garageapi.entity.User.bookings.{element}.customer -> EntitySelectFetchInitializer(com.mvgore.garageapi.entity.User.bookings.{element}.customer)@1233161537 (ToOneAttributeMapping(NavigableRole[com.mvgore.garageapi.entity.Booking.customer])@770012055)
	  com.mvgore.garageapi.entity.User.bookings.{element}.service.garage.services -> DelayedCollectionInitializer(com.mvgore.garageapi.entity.User.bookings.{element}.service.garage.services)@302990364 (PluralAttribute(com.mvgore.garageapi.entity.Garage.services))
	  com.mvgore.garageapi.entity.User.bookings.{element}.garage -> EntityJoinedFetchInitializer(com.mvgore.garageapi.entity.User.bookings.{element}.garage)@604500392 (ToOneAttributeMapping(NavigableRole[com.mvgore.garageapi.entity.Booking.garage])@1047156219)
	  com.mvgore.garageapi.entity.User.bookings.{element}.service -> EntityJoinedFetchInitializer(com.mvgore.garageapi.entity.User.bookings.{element}.service)@801718565 (ToOneAttributeMapping(NavigableRole[com.mvgore.garageapi.entity.Booking.service])@1688248774)
	  com.mvgore.garageapi.entity.User.bookings.{element}.garage.bookings -> DelayedCollectionInitializer(com.mvgore.garageapi.entity.User.bookings.{element}.garage.bookings)@1651391256 (PluralAttribute(com.mvgore.garageapi.entity.Garage.bookings))
	  com.mvgore.garageapi.entity.User.bookings.{element}.service.garage.owner.bookings -> DelayedCollectionInitializer(com.mvgore.garageapi.entity.User.bookings.{element}.service.garage.owner.bookings)@170503405 (PluralAttribute(com.mvgore.garageapi.entity.User.bookings))
	  com.mvgore.garageapi.entity.User.bookings.{element}.service.garage.bookings -> DelayedCollectionInitializer(com.mvgore.garageapi.entity.User.bookings.{element}.service.garage.bookings)@288917169 (PluralAttribute(com.mvgore.garageapi.entity.Garage.bookings))
	  com.mvgore.garageapi.entity.User.bookings.{element}.service.garage -> EntityJoinedFetchInitializer(com.mvgore.garageapi.entity.User.bookings.{element}.service.garage)@1948069338 (ToOneAttributeMapping(NavigableRole[com.mvgore.garageapi.entity.GarageServiceEntity.garage])@675572486)

2026-02-10 08:54:44 - 
    select
        b1_0.customer_id,
        b1_0.id,
        b1_0.booking_time,
        b1_0.garage_id,
        g1_0.id,
        g1_0.description,
        g1_0.location,
        g1_0.name,
        g1_0.owner_id,
        o1_0.id,
        o1_0.email,
        o1_0.name,
        o1_0.password,
        o1_0.role,
        g1_0.price_range,
        b1_0.service_id,
        s1_0.id,
        s1_0.duration,
        s1_0.garage_id,
        g2_0.id,
        g2_0.description,
        g2_0.location,
        g2_0.name,
        g2_0.owner_id,
        o2_0.id,
        o2_0.email,
        o2_0.name,
        o2_0.password,
        o2_0.role,
        g2_0.price_range,
        s1_0.name,
        s1_0.price,
        b1_0.status 
    from
        bookings b1_0 
    left join
        garages g1_0 
            on g1_0.id=b1_0.garage_id 
    left join
        users o1_0 
            on o1_0.id=g1_0.owner_id 
    left join
        services s1_0 
            on s1_0.id=b1_0.service_id 
    left join
        garages g2_0 
            on g2_0.id=s1_0.garage_id 
    left join
        users o2_0 
            on o2_0.id=g2_0.owner_id 
    where
        b1_0.customer_id=?
Hibernate: 
    select
        b1_0.customer_id,
        b1_0.id,
        b1_0.booking_time,
        b1_0.garage_id,
        g1_0.id,
        g1_0.description,
        g1_0.location,
        g1_0.name,
        g1_0.owner_id,
        o1_0.id,
        o1_0.email,
        o1_0.name,
        o1_0.password,
        o1_0.role,
        g1_0.price_range,
        b1_0.service_id,
        s1_0.id,
        s1_0.duration,
        s1_0.garage_id,
        g2_0.id,
        g2_0.description,
        g2_0.location,
        g2_0.name,
        g2_0.owner_id,
        o2_0.id,
        o2_0.email,
        o2_0.name,
        o2_0.password,
        o2_0.role,
        g2_0.price_range,
        s1_0.name,
        s1_0.price,
        b1_0.status 
    from
        bookings b1_0 
    left join
        garages g1_0 
            on g1_0.id=b1_0.garage_id 
    left join
        users o1_0 
            on o1_0.id=g1_0.owner_id 
    left join
        services s1_0 
            on s1_0.id=b1_0.service_id 
    left join
        garages g2_0 
            on g2_0.id=s1_0.garage_id 
    left join
        users o2_0 
            on o2_0.id=g2_0.owner_id 
    where
        b1_0.customer_id=?
2026-02-10 08:54:44 - Collection fully initialized: [com.mvgore.garageapi.entity.User.bookings#3]
2026-02-10 08:54:44 - Skipping reading Query result cache data: cache-enabled = false, cache-mode = IGNORE
2026-02-10 08:54:44 - Initializer list:
	  com.mvgore.garageapi.entity.User.garages.{element} -> EntityJoinedFetchInitializer(com.mvgore.garageapi.entity.User.garages.{element})@1969876957 (EntityCollectionPart(com.mvgore.garageapi.entity.User.garages#{element})@2033307298)
	  com.mvgore.garageapi.entity.User.garages.{element}.owner -> EntitySelectFetchInitializer(com.mvgore.garageapi.entity.User.garages.{element}.owner)@1745317719 (ToOneAttributeMapping(NavigableRole[com.mvgore.garageapi.entity.Garage.owner])@556812393)
	  com.mvgore.garageapi.entity.User.garages -> SetInitializer(com.mvgore.garageapi.entity.User.garages)@1282277699 (PluralAttribute(com.mvgore.garageapi.entity.User.garages))
	  com.mvgore.garageapi.entity.User.garages.{element}.services -> DelayedCollectionInitializer(com.mvgore.garageapi.entity.User.garages.{element}.services)@1664299746 (PluralAttribute(com.mvgore.garageapi.entity.Garage.services))
	  com.mvgore.garageapi.entity.User.garages.{element}.bookings -> DelayedCollectionInitializer(com.mvgore.garageapi.entity.User.garages.{element}.bookings)@1495154270 (PluralAttribute(com.mvgore.garageapi.entity.Garage.bookings))

2026-02-10 08:54:44 - 
    select
        g1_0.owner_id,
        g1_0.id,
        g1_0.description,
        g1_0.location,
        g1_0.name,
        g1_0.price_range 
    from
        garages g1_0 
    where
        g1_0.owner_id=?
Hibernate: 
    select
        g1_0.owner_id,
        g1_0.id,
        g1_0.description,
        g1_0.location,
        g1_0.name,
        g1_0.price_range 
    from
        garages g1_0 
    where
        g1_0.owner_id=?
2026-02-10 08:54:44 - Collection fully initialized: [com.mvgore.garageapi.entity.User.garages#3]
2026-02-10 08:54:44 - jakarta.persistence.PersistenceUnitUtil.getIdentifier is only intended to work with enhanced entities (although Hibernate also adapts this support to its proxies); however the passed entity was not enhanced (nor a proxy).. may not be able to read identifier
2026-02-10 08:54:44 - jakarta.persistence.PersistenceUnitUtil.getIdentifier is only intended to work with enhanced entities (although Hibernate also adapts this support to its proxies); however the passed entity was not enhanced (nor a proxy).. may not be able to read identifier
2026-02-10 08:54:44 - Skipping reading Query result cache data: cache-enabled = false, cache-mode = IGNORE
2026-02-10 08:54:44 - Initializer list:
	  com.mvgore.garageapi.entity.User.bookings.{element}.service.garage.owner -> EntityJoinedFetchInitializer(com.mvgore.garageapi.entity.User.bookings.{element}.service.garage.owner)@1278632956 (ToOneAttributeMapping(NavigableRole[com.mvgore.garageapi.entity.Garage.owner])@556812393)
	  com.mvgore.garageapi.entity.User.bookings.{element}.garage.owner.garages -> DelayedCollectionInitializer(com.mvgore.garageapi.entity.User.bookings.{element}.garage.owner.garages)@1693599978 (PluralAttribute(com.mvgore.garageapi.entity.User.garages))
	  com.mvgore.garageapi.entity.User.bookings.{element}.garage.services -> DelayedCollectionInitializer(com.mvgore.garageapi.entity.User.bookings.{element}.garage.services)@1790143726 (PluralAttribute(com.mvgore.garageapi.entity.Garage.services))
	  com.mvgore.garageapi.entity.User.bookings.{element}.garage.owner.bookings -> DelayedCollectionInitializer(com.mvgore.garageapi.entity.User.bookings.{element}.garage.owner.bookings)@456490418 (PluralAttribute(com.mvgore.garageapi.entity.User.bookings))
	  com.mvgore.garageapi.entity.User.bookings.{element}.service.garage.owner.garages -> DelayedCollectionInitializer(com.mvgore.garageapi.entity.User.bookings.{element}.service.garage.owner.garages)@1692652715 (PluralAttribute(com.mvgore.garageapi.entity.User.garages))
	  com.mvgore.garageapi.entity.User.bookings.{element} -> EntityJoinedFetchInitializer(com.mvgore.garageapi.entity.User.bookings.{element})@312501701 (EntityCollectionPart(com.mvgore.garageapi.entity.User.bookings#{element})@218193338)
	  com.mvgore.garageapi.entity.User.bookings.{element}.garage.owner -> EntityJoinedFetchInitializer(com.mvgore.garageapi.entity.User.bookings.{element}.garage.owner)@1669705571 (ToOneAttributeMapping(NavigableRole[com.mvgore.garageapi.entity.Garage.owner])@556812393)
	  com.mvgore.garageapi.entity.User.bookings -> SetInitializer(com.mvgore.garageapi.entity.User.bookings)@1408075340 (PluralAttribute(com.mvgore.garageapi.entity.User.bookings))
	  com.mvgore.garageapi.entity.User.bookings.{element}.customer -> EntitySelectFetchInitializer(com.mvgore.garageapi.entity.User.bookings.{element}.customer)@693192214 (ToOneAttributeMapping(NavigableRole[com.mvgore.garageapi.entity.Booking.customer])@770012055)
	  com.mvgore.garageapi.entity.User.bookings.{element}.service.garage.services -> DelayedCollectionInitializer(com.mvgore.garageapi.entity.User.bookings.{element}.service.garage.services)@953061556 (PluralAttribute(com.mvgore.garageapi.entity.Garage.services))
	  com.mvgore.garageapi.entity.User.bookings.{element}.garage -> EntityJoinedFetchInitializer(com.mvgore.garageapi.entity.User.bookings.{element}.garage)@1996410489 (ToOneAttributeMapping(NavigableRole[com.mvgore.garageapi.entity.Booking.garage])@1047156219)
	  com.mvgore.garageapi.entity.User.bookings.{element}.service -> EntityJoinedFetchInitializer(com.mvgore.garageapi.entity.User.bookings.{element}.service)@1226766604 (ToOneAttributeMapping(NavigableRole[com.mvgore.garageapi.entity.Booking.service])@1688248774)
	  com.mvgore.garageapi.entity.User.bookings.{element}.garage.bookings -> DelayedCollectionInitializer(com.mvgore.garageapi.entity.User.bookings.{element}.garage.bookings)@1784440783 (PluralAttribute(com.mvgore.garageapi.entity.Garage.bookings))
	  com.mvgore.garageapi.entity.User.bookings.{element}.service.garage.owner.bookings -> DelayedCollectionInitializer(com.mvgore.garageapi.entity.User.bookings.{element}.service.garage.owner.bookings)@651890944 (PluralAttribute(com.mvgore.garageapi.entity.User.bookings))
	  com.mvgore.garageapi.entity.User.bookings.{element}.service.garage.bookings -> DelayedCollectionInitializer(com.mvgore.garageapi.entity.User.bookings.{element}.service.garage.bookings)@651595428 (PluralAttribute(com.mvgore.garageapi.entity.Garage.bookings))
	  com.mvgore.garageapi.entity.User.bookings.{element}.service.garage -> EntityJoinedFetchInitializer(com.mvgore.garageapi.entity.User.bookings.{element}.service.garage)@415155691 (ToOneAttributeMapping(NavigableRole[com.mvgore.garageapi.entity.GarageServiceEntity.garage])@675572486)

2026-02-10 08:54:44 - 
    select
        b1_0.customer_id,
        b1_0.id,
        b1_0.booking_time,
        b1_0.garage_id,
        g1_0.id,
        g1_0.description,
        g1_0.location,
        g1_0.name,
        g1_0.owner_id,
        o1_0.id,
        o1_0.email,
        o1_0.name,
        o1_0.password,
        o1_0.role,
        g1_0.price_range,
        b1_0.service_id,
        s1_0.id,
        s1_0.duration,
        s1_0.garage_id,
        g2_0.id,
        g2_0.description,
        g2_0.location,
        g2_0.name,
        g2_0.owner_id,
        o2_0.id,
        o2_0.email,
        o2_0.name,
        o2_0.password,
        o2_0.role,
        g2_0.price_range,
        s1_0.name,
        s1_0.price,
        b1_0.status 
    from
        bookings b1_0 
    left join
        garages g1_0 
            on g1_0.id=b1_0.garage_id 
    left join
        users o1_0 
            on o1_0.id=g1_0.owner_id 
    left join
        services s1_0 
            on s1_0.id=b1_0.service_id 
    left join
        garages g2_0 
            on g2_0.id=s1_0.garage_id 
    left join
        users o2_0 
            on o2_0.id=g2_0.owner_id 
    where
        b1_0.customer_id=?
Hibernate: 
    select
        b1_0.customer_id,
        b1_0.id,
        b1_0.booking_time,
        b1_0.garage_id,
        g1_0.id,
        g1_0.description,
        g1_0.location,
        g1_0.name,
        g1_0.owner_id,
        o1_0.id,
        o1_0.email,
        o1_0.name,
        o1_0.password,
        o1_0.role,
        g1_0.price_range,
        b1_0.service_id,
        s1_0.id,
        s1_0.duration,
        s1_0.garage_id,
        g2_0.id,
        g2_0.description,
        g2_0.location,
        g2_0.name,
        g2_0.owner_id,
        o2_0.id,
        o2_0.email,
        o2_0.name,
        o2_0.password,
        o2_0.role,
        g2_0.price_range,
        s1_0.name,
        s1_0.price,
        b1_0.status 
    from
        bookings b1_0 
    left join
        garages g1_0 
            on g1_0.id=b1_0.garage_id 
    left join
        users o1_0 
            on o1_0.id=g1_0.owner_id 
    left join
        services s1_0 
            on s1_0.id=b1_0.service_id 
    left join
        garages g2_0 
            on g2_0.id=s1_0.garage_id 
    left join
        users o2_0 
            on o2_0.id=g2_0.owner_id 
    where
        b1_0.customer_id=?
2026-02-10 08:54:44 - Collection fully initialized: [com.mvgore.garageapi.entity.User.bookings#4]
2026-02-10 08:54:44 - Skipping reading Query result cache data: cache-enabled = false, cache-mode = IGNORE
2026-02-10 08:54:44 - Initializer list:
	  com.mvgore.garageapi.entity.User.garages.{element} -> EntityJoinedFetchInitializer(com.mvgore.garageapi.entity.User.garages.{element})@2101996530 (EntityCollectionPart(com.mvgore.garageapi.entity.User.garages#{element})@2033307298)
	  com.mvgore.garageapi.entity.User.garages.{element}.owner -> EntitySelectFetchInitializer(com.mvgore.garageapi.entity.User.garages.{element}.owner)@330758189 (ToOneAttributeMapping(NavigableRole[com.mvgore.garageapi.entity.Garage.owner])@556812393)
	  com.mvgore.garageapi.entity.User.garages -> SetInitializer(com.mvgore.garageapi.entity.User.garages)@788934076 (PluralAttribute(com.mvgore.garageapi.entity.User.garages))
	  com.mvgore.garageapi.entity.User.garages.{element}.services -> DelayedCollectionInitializer(com.mvgore.garageapi.entity.User.garages.{element}.services)@126769944 (PluralAttribute(com.mvgore.garageapi.entity.Garage.services))
	  com.mvgore.garageapi.entity.User.garages.{element}.bookings -> DelayedCollectionInitializer(com.mvgore.garageapi.entity.User.garages.{element}.bookings)@891954784 (PluralAttribute(com.mvgore.garageapi.entity.Garage.bookings))

2026-02-10 08:54:44 - 
    select
        g1_0.owner_id,
        g1_0.id,
        g1_0.description,
        g1_0.location,
        g1_0.name,
        g1_0.price_range 
    from
        garages g1_0 
    where
        g1_0.owner_id=?
Hibernate: 
    select
        g1_0.owner_id,
        g1_0.id,
        g1_0.description,
        g1_0.location,
        g1_0.name,
        g1_0.price_range 
    from
        garages g1_0 
    where
        g1_0.owner_id=?
2026-02-10 08:54:44 - Collection fully initialized: [com.mvgore.garageapi.entity.User.garages#4]
2026-02-10 08:54:44 - committing
2026-02-10 08:54:44 - Processing flush-time cascades
2026-02-10 08:54:44 - Dirty checking collections
2026-02-10 08:54:44 - Collection dereferenced: [com.mvgore.garageapi.entity.User.bookings#3]
2026-02-10 08:54:44 - Collection dereferenced: [com.mvgore.garageapi.entity.User.garages#3]
2026-02-10 08:54:44 - Collection dereferenced: [com.mvgore.garageapi.entity.User.bookings#4]
2026-02-10 08:54:44 - Collection dereferenced: [com.mvgore.garageapi.entity.User.garages#4]
2026-02-10 08:54:44 - Flushed: 0 insertions, 0 updates, 2 deletions to 2 objects
2026-02-10 08:54:44 - Flushed: 0 (re)creations, 0 updates, 4 removals to 4 collections
2026-02-10 08:54:44 - Listing entities:
2026-02-10 08:54:44 - com.mvgore.garageapi.entity.User{garages=[], password=pass, role=GARAGE_OWNER, name=owner1, id=3, bookings=[], email=owner1@test.com}
2026-02-10 08:54:44 - com.mvgore.garageapi.entity.User{garages=[], password=pass, role=CUSTOMER, name=customer1, id=4, bookings=[], email=customer1@test.com}
2026-02-10 08:54:44 - 
    /* delete for com.mvgore.garageapi.entity.User */delete 
    from
        users 
    where
        id=?
Hibernate: 
    /* delete for com.mvgore.garageapi.entity.User */delete 
    from
        users 
    where
        id=?
2026-02-10 08:54:44 - 
    /* delete for com.mvgore.garageapi.entity.User */delete 
    from
        users 
    where
        id=?
Hibernate: 
    /* delete for com.mvgore.garageapi.entity.User */delete 
    from
        users 
    where
        id=?
2026-02-10 08:54:44 - On TransactionImpl creation, JpaCompliance#isJpaTransactionComplianceEnabled == false
2026-02-10 08:54:44 - begin
2026-02-10 08:54:44 - jakarta.persistence.PersistenceUnitUtil.getIdentifier is only intended to work with enhanced entities (although Hibernate also adapts this support to its proxies); however the passed entity was not enhanced (nor a proxy).. may not be able to read identifier
2026-02-10 08:54:44 - Executing identity-insert immediately
2026-02-10 08:54:44 - 
    /* insert for
        com.mvgore.garageapi.entity.User */insert 
    into
        users (email, name, password, role, id) 
    values
        (?, ?, ?, ?, default)
Hibernate: 
    /* insert for
        com.mvgore.garageapi.entity.User */insert 
    into
        users (email, name, password, role, id) 
    values
        (?, ?, ?, ?, default)
2026-02-10 08:54:44 - Natively generated identity (com.mvgore.garageapi.entity.User) : 5
2026-02-10 08:54:44 - HHH000387: ResultSet's statement was not registered
2026-02-10 08:54:44 - Exception clearing maxRows/queryTimeout [The object is already closed [90007-224]]
2026-02-10 08:54:44 - committing
2026-02-10 08:54:44 - Processing flush-time cascades
2026-02-10 08:54:44 - Dirty checking collections
2026-02-10 08:54:44 - Flushed: 0 insertions, 0 updates, 0 deletions to 1 objects
2026-02-10 08:54:44 - Flushed: 0 (re)creations, 0 updates, 0 removals to 0 collections
2026-02-10 08:54:44 - Listing entities:
2026-02-10 08:54:44 - com.mvgore.garageapi.entity.User{garages=null, password=pass, role=GARAGE_OWNER, name=Garage Owner, id=5, bookings=null, email=owner@test.com}
2026-02-10 08:54:44 - Created new SQL alias : u1_0
2026-02-10 08:54:44 - Registration of TableGroup [StandardTableGroup(com.mvgore.garageapi.entity.User(52248562176300))] with identifierForTableGroup [com.mvgore.garageapi.entity.User] for NavigablePath [com.mvgore.garageapi.entity.User] 
2026-02-10 08:54:44 - Determining mapping-model type for SqmParameter : org.hibernate.query.sqm.tree.expression.SqmJpaCriteriaParameterWrapper@2857dbe3
2026-02-10 08:54:44 - Determining mapping-model type for SqmPath : SqmBasicValuedSimplePath(com.mvgore.garageapi.entity.User(52248562176300).email) 
2026-02-10 08:54:44 - DomainResult Graph:
 \-EntityResultImpl [com.mvgore.garageapi.entity.User(52248562176300)]
 |  +-DelayedCollectionFetch [com.mvgore.garageapi.entity.User(52248562176300).bookings]
 |  +-BasicFetch [com.mvgore.garageapi.entity.User(52248562176300).email]
 |  +-DelayedCollectionFetch [com.mvgore.garageapi.entity.User(52248562176300).garages]
 |  +-BasicFetch [com.mvgore.garageapi.entity.User(52248562176300).name]
 |  +-BasicFetch [com.mvgore.garageapi.entity.User(52248562176300).password]
 |  \-BasicFetch [com.mvgore.garageapi.entity.User(52248562176300).role]

2026-02-10 08:54:44 - SQL AST Tree:
    SelectStatement {
      FromClause {
        StandardTableGroup (u1 : com.mvgore.garageapi.entity.User(52248562176300)) {
          primaryTableReference : users as u1_0
        }
      }
    }

2026-02-10 08:54:44 - Skipping reading Query result cache data: cache-enabled = false, cache-mode = NORMAL
2026-02-10 08:54:44 - Initializer list:
	  com.mvgore.garageapi.entity.User(52248562176300).bookings -> DelayedCollectionInitializer(com.mvgore.garageapi.entity.User(52248562176300).bookings)@195465343 (PluralAttribute(com.mvgore.garageapi.entity.User.bookings))
	  com.mvgore.garageapi.entity.User(52248562176300) -> EntityResultInitializer(com.mvgore.garageapi.entity.User(52248562176300))@490261035 (SingleTableEntityPersister(com.mvgore.garageapi.entity.User))
	  com.mvgore.garageapi.entity.User(52248562176300).garages -> DelayedCollectionInitializer(com.mvgore.garageapi.entity.User(52248562176300).garages)@1789462987 (PluralAttribute(com.mvgore.garageapi.entity.User.garages))

2026-02-10 08:54:44 - 
    /* <criteria> */ select
        u1_0.id,
        u1_0.email,
        u1_0.name,
        u1_0.password,
        u1_0.role 
    from
        users u1_0 
    where
        u1_0.email=?
Hibernate: 
    /* <criteria> */ select
        u1_0.id,
        u1_0.email,
        u1_0.name,
        u1_0.password,
        u1_0.role 
    from
        users u1_0 
    where
        u1_0.email=?
2026-02-10 08:54:44 - Extracted JDBC value [0] - [5]
2026-02-10 08:54:44 - (EntityResultInitializer) Hydrated EntityKey (com.mvgore.garageapi.entity.User(52248562176300)): 5
2026-02-10 08:54:44 - Extracted JDBC value [0] - [5]
2026-02-10 08:54:44 - (DelayedCollectionInitializer) Current row collection key : com.mvgore.garageapi.entity.User(52248562176300).bookings#5
2026-02-10 08:54:44 - Extracted JDBC value [0] - [5]
2026-02-10 08:54:44 - (DelayedCollectionInitializer) Current row collection key : com.mvgore.garageapi.entity.User(52248562176300).garages#5
2026-02-10 08:54:44 - (EntityResultInitializer) Created new entity instance [com.mvgore.garageapi.entity.User(52248562176300)#5] : 793770805
2026-02-10 08:54:44 - Extracted JDBC value [1] - [owner@test.com]
2026-02-10 08:54:44 - Extracted JDBC value [2] - [Garage Owner]
2026-02-10 08:54:44 - Extracted JDBC value [3] - [pass]
2026-02-10 08:54:44 - Extracted JDBC value [4] - [GARAGE_OWNER]
2026-02-10 08:54:44 - (EntityResultInitializer) Done materializing entityInstance : com.mvgore.garageapi.entity.User(52248562176300)#5
2026-02-10 08:54:44 - Calling top-level assembler (0 / 1) : org.hibernate.sql.results.graph.entity.internal.EntityAssembler@605ef319
2026-02-10 08:54:44 - On TransactionImpl creation, JpaCompliance#isJpaTransactionComplianceEnabled == false
2026-02-10 08:54:44 - begin
2026-02-10 08:54:44 - jakarta.persistence.PersistenceUnitUtil.getIdentifier is only intended to work with enhanced entities (although Hibernate also adapts this support to its proxies); however the passed entity was not enhanced (nor a proxy).. may not be able to read identifier
2026-02-10 08:54:44 - Executing identity-insert immediately
2026-02-10 08:54:44 - 
    /* insert for
        com.mvgore.garageapi.entity.Garage */insert 
    into
        garages (description, location, name, owner_id, price_range, id) 
    values
        (?, ?, ?, ?, ?, default)
Hibernate: 
    /* insert for
        com.mvgore.garageapi.entity.Garage */insert 
    into
        garages (description, location, name, owner_id, price_range, id) 
    values
        (?, ?, ?, ?, ?, default)
2026-02-10 08:54:44 - Natively generated identity (com.mvgore.garageapi.entity.Garage) : 3
2026-02-10 08:54:44 - HHH000387: ResultSet's statement was not registered
2026-02-10 08:54:44 - Exception clearing maxRows/queryTimeout [The object is already closed [90007-224]]
2026-02-10 08:54:44 - committing
2026-02-10 08:54:44 - Processing flush-time cascades
2026-02-10 08:54:44 - Dirty checking collections
2026-02-10 08:54:44 - Flushed: 0 insertions, 0 updates, 0 deletions to 1 objects
2026-02-10 08:54:44 - Flushed: 0 (re)creations, 0 updates, 0 removals to 0 collections
2026-02-10 08:54:44 - Listing entities:
2026-02-10 08:54:44 - com.mvgore.garageapi.entity.Garage{owner=com.mvgore.garageapi.entity.User#5, name=New Garage, description=null, location=Mumbai, id=3, services=null, bookings=null, priceRange=null}
2026-02-10 08:54:44 - Evaluating path: $['name']
]]></system-out>
  </testcase>
  <testcase name="testGetGarages" classname="com.garage.controller.GarageControllerIntegrationTest" time="0.158">
    <system-out><![CDATA[2026-02-10 08:54:44 - On TransactionImpl creation, JpaCompliance#isJpaTransactionComplianceEnabled == false
2026-02-10 08:54:44 - begin
2026-02-10 08:54:44 - Created new SQL alias : g1_0
2026-02-10 08:54:44 - Registration of TableGroup [StandardTableGroup(com.mvgore.garageapi.entity.Garage(52257279750600))] with identifierForTableGroup [com.mvgore.garageapi.entity.Garage] for NavigablePath [com.mvgore.garageapi.entity.Garage] 
2026-02-10 08:54:44 - Registration of TableGroup [org.hibernate.sql.ast.tree.from.LazyTableGroup@58d291c1] with identifierForTableGroup [com.mvgore.garageapi.entity.Garage.owner] for NavigablePath [com.mvgore.garageapi.entity.Garage.owner] 
2026-02-10 08:54:44 - DomainResult Graph:
 \-EntityResultImpl [com.mvgore.garageapi.entity.Garage(52257279750600)]
 |  +-DelayedCollectionFetch [com.mvgore.garageapi.entity.Garage(52257279750600).bookings]
 |  +-BasicFetch [com.mvgore.garageapi.entity.Garage(52257279750600).description]
 |  +-BasicFetch [com.mvgore.garageapi.entity.Garage(52257279750600).location]
 |  +-BasicFetch [com.mvgore.garageapi.entity.Garage(52257279750600).name]
 |  +-CircularFetchImpl [com.mvgore.garageapi.entity.Garage(52257279750600).owner]
 |  +-BasicFetch [com.mvgore.garageapi.entity.Garage(52257279750600).priceRange]
 |  \-DelayedCollectionFetch [com.mvgore.garageapi.entity.Garage(52257279750600).services]

2026-02-10 08:54:44 - SQL AST Tree:
    SelectStatement {
      FromClause {
        StandardTableGroup (g1 : com.mvgore.garageapi.entity.Garage(52257279750600)) {
          primaryTableReference : garages as g1_0
          TableGroupJoins {
            left  join LazyTableGroup (o1 : com.mvgore.garageapi.entity.Garage(52257279750600).owner) {
            }
          }
        }
      }
    }

2026-02-10 08:54:44 - Skipping reading Query result cache data: cache-enabled = false, cache-mode = NORMAL
2026-02-10 08:54:44 - Initializer list:
	  com.mvgore.garageapi.entity.Garage(52257279750600).owner -> EntitySelectFetchInitializer(com.mvgore.garageapi.entity.Garage(52257279750600).owner)@13084627 (ToOneAttributeMapping(NavigableRole[com.mvgore.garageapi.entity.Garage.owner])@556812393)
	  com.mvgore.garageapi.entity.Garage(52257279750600).services -> DelayedCollectionInitializer(com.mvgore.garageapi.entity.Garage(52257279750600).services)@2034639977 (PluralAttribute(com.mvgore.garageapi.entity.Garage.services))
	  com.mvgore.garageapi.entity.Garage(52257279750600).bookings -> DelayedCollectionInitializer(com.mvgore.garageapi.entity.Garage(52257279750600).bookings)@859945614 (PluralAttribute(com.mvgore.garageapi.entity.Garage.bookings))
	  com.mvgore.garageapi.entity.Garage(52257279750600) -> EntityResultInitializer(com.mvgore.garageapi.entity.Garage(52257279750600))@2136046014 (SingleTableEntityPersister(com.mvgore.garageapi.entity.Garage))

2026-02-10 08:54:44 - 
    /* <criteria> */ select
        g1_0.id,
        g1_0.description,
        g1_0.location,
        g1_0.name,
        g1_0.owner_id,
        g1_0.price_range 
    from
        garages g1_0
Hibernate: 
    /* <criteria> */ select
        g1_0.id,
        g1_0.description,
        g1_0.location,
        g1_0.name,
        g1_0.owner_id,
        g1_0.price_range 
    from
        garages g1_0
2026-02-10 08:54:44 - Extracted JDBC value [0] - [3]
2026-02-10 08:54:44 - (EntityResultInitializer) Hydrated EntityKey (com.mvgore.garageapi.entity.Garage(52257279750600)): 3
2026-02-10 08:54:44 - Extracted JDBC value [0] - [3]
2026-02-10 08:54:44 - (DelayedCollectionInitializer) Current row collection key : com.mvgore.garageapi.entity.Garage(52257279750600).bookings#3
2026-02-10 08:54:44 - Extracted JDBC value [0] - [3]
2026-02-10 08:54:44 - (DelayedCollectionInitializer) Current row collection key : com.mvgore.garageapi.entity.Garage(52257279750600).services#3
2026-02-10 08:54:44 - (EntityResultInitializer) Created new entity instance [com.mvgore.garageapi.entity.Garage(52257279750600)#3] : 873721852
2026-02-10 08:54:44 - Extracted JDBC value [4] - [5]
2026-02-10 08:54:44 - (EntitySelectFetchInitializer) Invoking session#internalLoad for entity (com.mvgore.garageapi.entity.Garage(52257279750600).owner#5) : 5
2026-02-10 08:54:44 - Skipping reading Query result cache data: cache-enabled = false, cache-mode = IGNORE
2026-02-10 08:54:44 - Initializer list:
	  com.mvgore.garageapi.entity.User.bookings -> DelayedCollectionInitializer(com.mvgore.garageapi.entity.User.bookings)@1618771800 (PluralAttribute(com.mvgore.garageapi.entity.User.bookings))
	  com.mvgore.garageapi.entity.User.garages -> DelayedCollectionInitializer(com.mvgore.garageapi.entity.User.garages)@1270546596 (PluralAttribute(com.mvgore.garageapi.entity.User.garages))
	  com.mvgore.garageapi.entity.User -> EntityResultInitializer(com.mvgore.garageapi.entity.User)@1413293102 (SingleTableEntityPersister(com.mvgore.garageapi.entity.User))

2026-02-10 08:54:44 - 
    select
        u1_0.id,
        u1_0.email,
        u1_0.name,
        u1_0.password,
        u1_0.role 
    from
        users u1_0 
    where
        u1_0.id=?
Hibernate: 
    select
        u1_0.id,
        u1_0.email,
        u1_0.name,
        u1_0.password,
        u1_0.role 
    from
        users u1_0 
    where
        u1_0.id=?
2026-02-10 08:54:44 - (EntityResultInitializer) Hydrated EntityKey (com.mvgore.garageapi.entity.User): 5
2026-02-10 08:54:44 - Extracted JDBC value [0] - [5]
2026-02-10 08:54:44 - (DelayedCollectionInitializer) Current row collection key : com.mvgore.garageapi.entity.User.bookings#5
2026-02-10 08:54:44 - Extracted JDBC value [0] - [5]
2026-02-10 08:54:44 - (DelayedCollectionInitializer) Current row collection key : com.mvgore.garageapi.entity.User.garages#5
2026-02-10 08:54:44 - (EntityResultInitializer) Created new entity instance [com.mvgore.garageapi.entity.User#5] : 1329520064
2026-02-10 08:54:44 - Extracted JDBC value [1] - [owner@test.com]
2026-02-10 08:54:44 - Extracted JDBC value [2] - [Garage Owner]
2026-02-10 08:54:44 - Extracted JDBC value [3] - [pass]
2026-02-10 08:54:44 - Extracted JDBC value [4] - [GARAGE_OWNER]
2026-02-10 08:54:44 - (EntityResultInitializer) Done materializing entityInstance : com.mvgore.garageapi.entity.User#5
2026-02-10 08:54:44 - Calling top-level assembler (0 / 1) : org.hibernate.sql.results.graph.entity.internal.EntityAssembler@58a01e47
2026-02-10 08:54:44 - (EntitySelectFetchInitializer) Entity [com.mvgore.garageapi.entity.Garage(52257279750600).owner#5] : 5 has being loaded by session.internalLoad.
2026-02-10 08:54:44 - Extracted JDBC value [1] - [null]
2026-02-10 08:54:44 - Extracted JDBC value [2] - [Mumbai]
2026-02-10 08:54:44 - Extracted JDBC value [3] - [New Garage]
2026-02-10 08:54:44 - Extracted JDBC value [5] - [null]
2026-02-10 08:54:44 - (EntityResultInitializer) Done materializing entityInstance : com.mvgore.garageapi.entity.Garage(52257279750600)#3
2026-02-10 08:54:44 - Calling top-level assembler (0 / 1) : org.hibernate.sql.results.graph.entity.internal.EntityAssembler@6149184e
2026-02-10 08:54:44 - jakarta.persistence.PersistenceUnitUtil.getIdentifier is only intended to work with enhanced entities (although Hibernate also adapts this support to its proxies); however the passed entity was not enhanced (nor a proxy).. may not be able to read identifier
2026-02-10 08:54:44 - jakarta.persistence.PersistenceUnitUtil.getIdentifier is only intended to work with enhanced entities (although Hibernate also adapts this support to its proxies); however the passed entity was not enhanced (nor a proxy).. may not be able to read identifier
2026-02-10 08:54:44 - Skipping reading Query result cache data: cache-enabled = false, cache-mode = IGNORE
2026-02-10 08:54:44 - Initializer list:
	  com.mvgore.garageapi.entity.Garage.bookings.{element}.service.garage.owner -> EntityJoinedFetchInitializer(com.mvgore.garageapi.entity.Garage.bookings.{element}.service.garage.owner)@1866108254 (ToOneAttributeMapping(NavigableRole[com.mvgore.garageapi.entity.Garage.owner])@556812393)
	  com.mvgore.garageapi.entity.Garage.bookings.{element}.service.garage -> EntityJoinedFetchInitializer(com.mvgore.garageapi.entity.Garage.bookings.{element}.service.garage)@1745844830 (ToOneAttributeMapping(NavigableRole[com.mvgore.garageapi.entity.GarageServiceEntity.garage])@675572486)
	  com.mvgore.garageapi.entity.Garage.bookings.{element}.service -> EntityJoinedFetchInitializer(com.mvgore.garageapi.entity.Garage.bookings.{element}.service)@805638974 (ToOneAttributeMapping(NavigableRole[com.mvgore.garageapi.entity.Booking.service])@1688248774)
	  com.mvgore.garageapi.entity.Garage.bookings.{element}.service.garage.bookings -> DelayedCollectionInitializer(com.mvgore.garageapi.entity.Garage.bookings.{element}.service.garage.bookings)@430433816 (PluralAttribute(com.mvgore.garageapi.entity.Garage.bookings))
	  com.mvgore.garageapi.entity.Garage.bookings.{element}.service.garage.owner.bookings -> DelayedCollectionInitializer(com.mvgore.garageapi.entity.Garage.bookings.{element}.service.garage.owner.bookings)@583849999 (PluralAttribute(com.mvgore.garageapi.entity.User.bookings))
	  com.mvgore.garageapi.entity.Garage.bookings.{element}.garage -> EntitySelectFetchInitializer(com.mvgore.garageapi.entity.Garage.bookings.{element}.garage)@830643074 (ToOneAttributeMapping(NavigableRole[com.mvgore.garageapi.entity.Booking.garage])@1047156219)
	  com.mvgore.garageapi.entity.Garage.bookings.{element}.service.garage.owner.garages -> DelayedCollectionInitializer(com.mvgore.garageapi.entity.Garage.bookings.{element}.service.garage.owner.garages)@696705647 (PluralAttribute(com.mvgore.garageapi.entity.User.garages))
	  com.mvgore.garageapi.entity.Garage.bookings.{element} -> EntityJoinedFetchInitializer(com.mvgore.garageapi.entity.Garage.bookings.{element})@263669345 (EntityCollectionPart(com.mvgore.garageapi.entity.Garage.bookings#{element})@1556161140)
	  com.mvgore.garageapi.entity.Garage.bookings.{element}.customer.bookings -> DelayedCollectionInitializer(com.mvgore.garageapi.entity.Garage.bookings.{element}.customer.bookings)@1266674488 (PluralAttribute(com.mvgore.garageapi.entity.User.bookings))
	  com.mvgore.garageapi.entity.Garage.bookings.{element}.customer.garages -> DelayedCollectionInitializer(com.mvgore.garageapi.entity.Garage.bookings.{element}.customer.garages)@1845765982 (PluralAttribute(com.mvgore.garageapi.entity.User.garages))
	  com.mvgore.garageapi.entity.Garage.bookings.{element}.customer -> EntityJoinedFetchInitializer(com.mvgore.garageapi.entity.Garage.bookings.{element}.customer)@1880044907 (ToOneAttributeMapping(NavigableRole[com.mvgore.garageapi.entity.Booking.customer])@770012055)
	  com.mvgore.garageapi.entity.Garage.bookings.{element}.service.garage.services -> DelayedCollectionInitializer(com.mvgore.garageapi.entity.Garage.bookings.{element}.service.garage.services)@1161752901 (PluralAttribute(com.mvgore.garageapi.entity.Garage.services))
	  com.mvgore.garageapi.entity.Garage.bookings -> SetInitializer(com.mvgore.garageapi.entity.Garage.bookings)@1898767601 (PluralAttribute(com.mvgore.garageapi.entity.Garage.bookings))

2026-02-10 08:54:44 - 
    select
        b1_0.garage_id,
        b1_0.id,
        b1_0.booking_time,
        b1_0.customer_id,
        c1_0.id,
        c1_0.email,
        c1_0.name,
        c1_0.password,
        c1_0.role,
        b1_0.service_id,
        s1_0.id,
        s1_0.duration,
        s1_0.garage_id,
        g2_0.id,
        g2_0.description,
        g2_0.location,
        g2_0.name,
        g2_0.owner_id,
        o1_0.id,
        o1_0.email,
        o1_0.name,
        o1_0.password,
        o1_0.role,
        g2_0.price_range,
        s1_0.name,
        s1_0.price,
        b1_0.status 
    from
        bookings b1_0 
    left join
        users c1_0 
            on c1_0.id=b1_0.customer_id 
    left join
        services s1_0 
            on s1_0.id=b1_0.service_id 
    left join
        garages g2_0 
            on g2_0.id=s1_0.garage_id 
    left join
        users o1_0 
            on o1_0.id=g2_0.owner_id 
    where
        b1_0.garage_id=?
Hibernate: 
    select
        b1_0.garage_id,
        b1_0.id,
        b1_0.booking_time,
        b1_0.customer_id,
        c1_0.id,
        c1_0.email,
        c1_0.name,
        c1_0.password,
        c1_0.role,
        b1_0.service_id,
        s1_0.id,
        s1_0.duration,
        s1_0.garage_id,
        g2_0.id,
        g2_0.description,
        g2_0.location,
        g2_0.name,
        g2_0.owner_id,
        o1_0.id,
        o1_0.email,
        o1_0.name,
        o1_0.password,
        o1_0.role,
        g2_0.price_range,
        s1_0.name,
        s1_0.price,
        b1_0.status 
    from
        bookings b1_0 
    left join
        users c1_0 
            on c1_0.id=b1_0.customer_id 
    left join
        services s1_0 
            on s1_0.id=b1_0.service_id 
    left join
        garages g2_0 
            on g2_0.id=s1_0.garage_id 
    left join
        users o1_0 
            on o1_0.id=g2_0.owner_id 
    where
        b1_0.garage_id=?
2026-02-10 08:54:44 - Collection fully initialized: [com.mvgore.garageapi.entity.Garage.bookings#3]
2026-02-10 08:54:44 - Skipping reading Query result cache data: cache-enabled = false, cache-mode = IGNORE
2026-02-10 08:54:44 - Initializer list:
	  com.mvgore.garageapi.entity.Garage.services.{element}.garage -> EntitySelectFetchInitializer(com.mvgore.garageapi.entity.Garage.services.{element}.garage)@100054770 (ToOneAttributeMapping(NavigableRole[com.mvgore.garageapi.entity.GarageServiceEntity.garage])@675572486)
	  com.mvgore.garageapi.entity.Garage.services -> SetInitializer(com.mvgore.garageapi.entity.Garage.services)@325833169 (PluralAttribute(com.mvgore.garageapi.entity.Garage.services))
	  com.mvgore.garageapi.entity.Garage.services.{element} -> EntityJoinedFetchInitializer(com.mvgore.garageapi.entity.Garage.services.{element})@1174044442 (EntityCollectionPart(com.mvgore.garageapi.entity.Garage.services#{element})@824753705)

2026-02-10 08:54:44 - 
    select
        s1_0.garage_id,
        s1_0.id,
        s1_0.duration,
        s1_0.name,
        s1_0.price 
    from
        services s1_0 
    where
        s1_0.garage_id=?
Hibernate: 
    select
        s1_0.garage_id,
        s1_0.id,
        s1_0.duration,
        s1_0.name,
        s1_0.price 
    from
        services s1_0 
    where
        s1_0.garage_id=?
2026-02-10 08:54:44 - Collection fully initialized: [com.mvgore.garageapi.entity.Garage.services#3]
2026-02-10 08:54:44 - committing
2026-02-10 08:54:44 - Processing flush-time cascades
2026-02-10 08:54:44 - Dirty checking collections
2026-02-10 08:54:44 - Collection found: [com.mvgore.garageapi.entity.User.bookings#5], was: [com.mvgore.garageapi.entity.User.bookings#5] (uninitialized)
2026-02-10 08:54:44 - Collection found: [com.mvgore.garageapi.entity.User.garages#5], was: [com.mvgore.garageapi.entity.User.garages#5] (uninitialized)
2026-02-10 08:54:44 - Collection dereferenced: [com.mvgore.garageapi.entity.Garage.bookings#3]
2026-02-10 08:54:44 - Collection dereferenced: [com.mvgore.garageapi.entity.Garage.services#3]
2026-02-10 08:54:44 - Flushed: 0 insertions, 0 updates, 1 deletions to 2 objects
2026-02-10 08:54:44 - Flushed: 0 (re)creations, 0 updates, 2 removals to 4 collections
2026-02-10 08:54:44 - Listing entities:
2026-02-10 08:54:44 - com.mvgore.garageapi.entity.Garage{owner=com.mvgore.garageapi.entity.User#5, name=New Garage, description=null, location=Mumbai, id=3, services=[], bookings=[], priceRange=null}
2026-02-10 08:54:44 - com.mvgore.garageapi.entity.User{garages=<uninitialized>, password=pass, role=GARAGE_OWNER, name=Garage Owner, id=5, bookings=<uninitialized>, email=owner@test.com}
2026-02-10 08:54:44 - 
    /* delete for com.mvgore.garageapi.entity.Garage */delete 
    from
        garages 
    where
        id=?
Hibernate: 
    /* delete for com.mvgore.garageapi.entity.Garage */delete 
    from
        garages 
    where
        id=?
2026-02-10 08:54:44 - On TransactionImpl creation, JpaCompliance#isJpaTransactionComplianceEnabled == false
2026-02-10 08:54:44 - begin
2026-02-10 08:54:44 - Created new SQL alias : u1_0
2026-02-10 08:54:44 - Registration of TableGroup [StandardTableGroup(com.mvgore.garageapi.entity.User(52257317279600))] with identifierForTableGroup [com.mvgore.garageapi.entity.User] for NavigablePath [com.mvgore.garageapi.entity.User] 
2026-02-10 08:54:44 - DomainResult Graph:
 \-EntityResultImpl [com.mvgore.garageapi.entity.User(52257317279600)]
 |  +-DelayedCollectionFetch [com.mvgore.garageapi.entity.User(52257317279600).bookings]
 |  +-BasicFetch [com.mvgore.garageapi.entity.User(52257317279600).email]
 |  +-DelayedCollectionFetch [com.mvgore.garageapi.entity.User(52257317279600).garages]
 |  +-BasicFetch [com.mvgore.garageapi.entity.User(52257317279600).name]
 |  +-BasicFetch [com.mvgore.garageapi.entity.User(52257317279600).password]
 |  \-BasicFetch [com.mvgore.garageapi.entity.User(52257317279600).role]

2026-02-10 08:54:44 - SQL AST Tree:
    SelectStatement {
      FromClause {
        StandardTableGroup (u1 : com.mvgore.garageapi.entity.User(52257317279600)) {
          primaryTableReference : users as u1_0
        }
      }
    }

2026-02-10 08:54:44 - Skipping reading Query result cache data: cache-enabled = false, cache-mode = NORMAL
2026-02-10 08:54:44 - Initializer list:
	  com.mvgore.garageapi.entity.User(52257317279600).garages -> DelayedCollectionInitializer(com.mvgore.garageapi.entity.User(52257317279600).garages)@400101249 (PluralAttribute(com.mvgore.garageapi.entity.User.garages))
	  com.mvgore.garageapi.entity.User(52257317279600).bookings -> DelayedCollectionInitializer(com.mvgore.garageapi.entity.User(52257317279600).bookings)@2064934627 (PluralAttribute(com.mvgore.garageapi.entity.User.bookings))
	  com.mvgore.garageapi.entity.User(52257317279600) -> EntityResultInitializer(com.mvgore.garageapi.entity.User(52257317279600))@211753297 (SingleTableEntityPersister(com.mvgore.garageapi.entity.User))

2026-02-10 08:54:44 - 
    /* <criteria> */ select
        u1_0.id,
        u1_0.email,
        u1_0.name,
        u1_0.password,
        u1_0.role 
    from
        users u1_0
Hibernate: 
    /* <criteria> */ select
        u1_0.id,
        u1_0.email,
        u1_0.name,
        u1_0.password,
        u1_0.role 
    from
        users u1_0
2026-02-10 08:54:44 - Extracted JDBC value [0] - [5]
2026-02-10 08:54:44 - (EntityResultInitializer) Hydrated EntityKey (com.mvgore.garageapi.entity.User(52257317279600)): 5
2026-02-10 08:54:44 - Extracted JDBC value [0] - [5]
2026-02-10 08:54:44 - (DelayedCollectionInitializer) Current row collection key : com.mvgore.garageapi.entity.User(52257317279600).bookings#5
2026-02-10 08:54:44 - Extracted JDBC value [0] - [5]
2026-02-10 08:54:44 - (DelayedCollectionInitializer) Current row collection key : com.mvgore.garageapi.entity.User(52257317279600).garages#5
2026-02-10 08:54:44 - (EntityResultInitializer) Created new entity instance [com.mvgore.garageapi.entity.User(52257317279600)#5] : 1833549064
2026-02-10 08:54:44 - Extracted JDBC value [1] - [owner@test.com]
2026-02-10 08:54:44 - Extracted JDBC value [2] - [Garage Owner]
2026-02-10 08:54:44 - Extracted JDBC value [3] - [pass]
2026-02-10 08:54:44 - Extracted JDBC value [4] - [GARAGE_OWNER]
2026-02-10 08:54:44 - (EntityResultInitializer) Done materializing entityInstance : com.mvgore.garageapi.entity.User(52257317279600)#5
2026-02-10 08:54:44 - Calling top-level assembler (0 / 1) : org.hibernate.sql.results.graph.entity.internal.EntityAssembler@13e6b26c
2026-02-10 08:54:44 - jakarta.persistence.PersistenceUnitUtil.getIdentifier is only intended to work with enhanced entities (although Hibernate also adapts this support to its proxies); however the passed entity was not enhanced (nor a proxy).. may not be able to read identifier
2026-02-10 08:54:44 - jakarta.persistence.PersistenceUnitUtil.getIdentifier is only intended to work with enhanced entities (although Hibernate also adapts this support to its proxies); however the passed entity was not enhanced (nor a proxy).. may not be able to read identifier
2026-02-10 08:54:44 - Skipping reading Query result cache data: cache-enabled = false, cache-mode = IGNORE
2026-02-10 08:54:44 - Initializer list:
	  com.mvgore.garageapi.entity.User.bookings.{element}.service.garage.owner -> EntityJoinedFetchInitializer(com.mvgore.garageapi.entity.User.bookings.{element}.service.garage.owner)@870837477 (ToOneAttributeMapping(NavigableRole[com.mvgore.garageapi.entity.Garage.owner])@556812393)
	  com.mvgore.garageapi.entity.User.bookings.{element}.garage.owner.garages -> DelayedCollectionInitializer(com.mvgore.garageapi.entity.User.bookings.{element}.garage.owner.garages)@1769364884 (PluralAttribute(com.mvgore.garageapi.entity.User.garages))
	  com.mvgore.garageapi.entity.User.bookings.{element}.garage.services -> DelayedCollectionInitializer(com.mvgore.garageapi.entity.User.bookings.{element}.garage.services)@1660050994 (PluralAttribute(com.mvgore.garageapi.entity.Garage.services))
	  com.mvgore.garageapi.entity.User.bookings.{element}.garage.owner.bookings -> DelayedCollectionInitializer(com.mvgore.garageapi.entity.User.bookings.{element}.garage.owner.bookings)@1151460818 (PluralAttribute(com.mvgore.garageapi.entity.User.bookings))
	  com.mvgore.garageapi.entity.User.bookings.{element}.service.garage.owner.garages -> DelayedCollectionInitializer(com.mvgore.garageapi.entity.User.bookings.{element}.service.garage.owner.garages)@1219344743 (PluralAttribute(com.mvgore.garageapi.entity.User.garages))
	  com.mvgore.garageapi.entity.User.bookings.{element} -> EntityJoinedFetchInitializer(com.mvgore.garageapi.entity.User.bookings.{element})@325900059 (EntityCollectionPart(com.mvgore.garageapi.entity.User.bookings#{element})@218193338)
	  com.mvgore.garageapi.entity.User.bookings.{element}.garage.owner -> EntityJoinedFetchInitializer(com.mvgore.garageapi.entity.User.bookings.{element}.garage.owner)@1662982282 (ToOneAttributeMapping(NavigableRole[com.mvgore.garageapi.entity.Garage.owner])@556812393)
	  com.mvgore.garageapi.entity.User.bookings -> SetInitializer(com.mvgore.garageapi.entity.User.bookings)@677113422 (PluralAttribute(com.mvgore.garageapi.entity.User.bookings))
	  com.mvgore.garageapi.entity.User.bookings.{element}.customer -> EntitySelectFetchInitializer(com.mvgore.garageapi.entity.User.bookings.{element}.customer)@219684003 (ToOneAttributeMapping(NavigableRole[com.mvgore.garageapi.entity.Booking.customer])@770012055)
	  com.mvgore.garageapi.entity.User.bookings.{element}.service.garage.services -> DelayedCollectionInitializer(com.mvgore.garageapi.entity.User.bookings.{element}.service.garage.services)@2025444884 (PluralAttribute(com.mvgore.garageapi.entity.Garage.services))
	  com.mvgore.garageapi.entity.User.bookings.{element}.garage -> EntityJoinedFetchInitializer(com.mvgore.garageapi.entity.User.bookings.{element}.garage)@1677286081 (ToOneAttributeMapping(NavigableRole[com.mvgore.garageapi.entity.Booking.garage])@1047156219)
	  com.mvgore.garageapi.entity.User.bookings.{element}.service -> EntityJoinedFetchInitializer(com.mvgore.garageapi.entity.User.bookings.{element}.service)@346546542 (ToOneAttributeMapping(NavigableRole[com.mvgore.garageapi.entity.Booking.service])@1688248774)
	  com.mvgore.garageapi.entity.User.bookings.{element}.garage.bookings -> DelayedCollectionInitializer(com.mvgore.garageapi.entity.User.bookings.{element}.garage.bookings)@1494686301 (PluralAttribute(com.mvgore.garageapi.entity.Garage.bookings))
	  com.mvgore.garageapi.entity.User.bookings.{element}.service.garage.owner.bookings -> DelayedCollectionInitializer(com.mvgore.garageapi.entity.User.bookings.{element}.service.garage.owner.bookings)@1864920605 (PluralAttribute(com.mvgore.garageapi.entity.User.bookings))
	  com.mvgore.garageapi.entity.User.bookings.{element}.service.garage.bookings -> DelayedCollectionInitializer(com.mvgore.garageapi.entity.User.bookings.{element}.service.garage.bookings)@1185816171 (PluralAttribute(com.mvgore.garageapi.entity.Garage.bookings))
	  com.mvgore.garageapi.entity.User.bookings.{element}.service.garage -> EntityJoinedFetchInitializer(com.mvgore.garageapi.entity.User.bookings.{element}.service.garage)@1831418689 (ToOneAttributeMapping(NavigableRole[com.mvgore.garageapi.entity.GarageServiceEntity.garage])@675572486)

2026-02-10 08:54:44 - 
    select
        b1_0.customer_id,
        b1_0.id,
        b1_0.booking_time,
        b1_0.garage_id,
        g1_0.id,
        g1_0.description,
        g1_0.location,
        g1_0.name,
        g1_0.owner_id,
        o1_0.id,
        o1_0.email,
        o1_0.name,
        o1_0.password,
        o1_0.role,
        g1_0.price_range,
        b1_0.service_id,
        s1_0.id,
        s1_0.duration,
        s1_0.garage_id,
        g2_0.id,
        g2_0.description,
        g2_0.location,
        g2_0.name,
        g2_0.owner_id,
        o2_0.id,
        o2_0.email,
        o2_0.name,
        o2_0.password,
        o2_0.role,
        g2_0.price_range,
        s1_0.name,
        s1_0.price,
        b1_0.status 
    from
        bookings b1_0 
    left join
        garages g1_0 
            on g1_0.id=b1_0.garage_id 
    left join
        users o1_0 
            on o1_0.id=g1_0.owner_id 
    left join
        services s1_0 
            on s1_0.id=b1_0.service_id 
    left join
        garages g2_0 
            on g2_0.id=s1_0.garage_id 
    left join
        users o2_0 
            on o2_0.id=g2_0.owner_id 
    where
        b1_0.customer_id=?
Hibernate: 
    select
        b1_0.customer_id,
        b1_0.id,
        b1_0.booking_time,
        b1_0.garage_id,
        g1_0.id,
        g1_0.description,
        g1_0.location,
        g1_0.name,
        g1_0.owner_id,
        o1_0.id,
        o1_0.email,
        o1_0.name,
        o1_0.password,
        o1_0.role,
        g1_0.price_range,
        b1_0.service_id,
        s1_0.id,
        s1_0.duration,
        s1_0.garage_id,
        g2_0.id,
        g2_0.description,
        g2_0.location,
        g2_0.name,
        g2_0.owner_id,
        o2_0.id,
        o2_0.email,
        o2_0.name,
        o2_0.password,
        o2_0.role,
        g2_0.price_range,
        s1_0.name,
        s1_0.price,
        b1_0.status 
    from
        bookings b1_0 
    left join
        garages g1_0 
            on g1_0.id=b1_0.garage_id 
    left join
        users o1_0 
            on o1_0.id=g1_0.owner_id 
    left join
        services s1_0 
            on s1_0.id=b1_0.service_id 
    left join
        garages g2_0 
            on g2_0.id=s1_0.garage_id 
    left join
        users o2_0 
            on o2_0.id=g2_0.owner_id 
    where
        b1_0.customer_id=?
2026-02-10 08:54:44 - Collection fully initialized: [com.mvgore.garageapi.entity.User.bookings#5]
2026-02-10 08:54:44 - Skipping reading Query result cache data: cache-enabled = false, cache-mode = IGNORE
2026-02-10 08:54:44 - Initializer list:
	  com.mvgore.garageapi.entity.User.garages.{element} -> EntityJoinedFetchInitializer(com.mvgore.garageapi.entity.User.garages.{element})@378720627 (EntityCollectionPart(com.mvgore.garageapi.entity.User.garages#{element})@2033307298)
	  com.mvgore.garageapi.entity.User.garages.{element}.owner -> EntitySelectFetchInitializer(com.mvgore.garageapi.entity.User.garages.{element}.owner)@851772371 (ToOneAttributeMapping(NavigableRole[com.mvgore.garageapi.entity.Garage.owner])@556812393)
	  com.mvgore.garageapi.entity.User.garages -> SetInitializer(com.mvgore.garageapi.entity.User.garages)@1445383049 (PluralAttribute(com.mvgore.garageapi.entity.User.garages))
	  com.mvgore.garageapi.entity.User.garages.{element}.services -> DelayedCollectionInitializer(com.mvgore.garageapi.entity.User.garages.{element}.services)@952339546 (PluralAttribute(com.mvgore.garageapi.entity.Garage.services))
	  com.mvgore.garageapi.entity.User.garages.{element}.bookings -> DelayedCollectionInitializer(com.mvgore.garageapi.entity.User.garages.{element}.bookings)@953863032 (PluralAttribute(com.mvgore.garageapi.entity.Garage.bookings))

2026-02-10 08:54:44 - 
    select
        g1_0.owner_id,
        g1_0.id,
        g1_0.description,
        g1_0.location,
        g1_0.name,
        g1_0.price_range 
    from
        garages g1_0 
    where
        g1_0.owner_id=?
Hibernate: 
    select
        g1_0.owner_id,
        g1_0.id,
        g1_0.description,
        g1_0.location,
        g1_0.name,
        g1_0.price_range 
    from
        garages g1_0 
    where
        g1_0.owner_id=?
2026-02-10 08:54:44 - Collection fully initialized: [com.mvgore.garageapi.entity.User.garages#5]
2026-02-10 08:54:44 - committing
2026-02-10 08:54:44 - Processing flush-time cascades
2026-02-10 08:54:44 - Dirty checking collections
2026-02-10 08:54:44 - Collection dereferenced: [com.mvgore.garageapi.entity.User.bookings#5]
2026-02-10 08:54:44 - Collection dereferenced: [com.mvgore.garageapi.entity.User.garages#5]
2026-02-10 08:54:44 - Flushed: 0 insertions, 0 updates, 1 deletions to 1 objects
2026-02-10 08:54:44 - Flushed: 0 (re)creations, 0 updates, 2 removals to 2 collections
2026-02-10 08:54:44 - Listing entities:
2026-02-10 08:54:44 - com.mvgore.garageapi.entity.User{garages=[], password=pass, role=GARAGE_OWNER, name=Garage Owner, id=5, bookings=[], email=owner@test.com}
2026-02-10 08:54:44 - 
    /* delete for com.mvgore.garageapi.entity.User */delete 
    from
        users 
    where
        id=?
Hibernate: 
    /* delete for com.mvgore.garageapi.entity.User */delete 
    from
        users 
    where
        id=?
2026-02-10 08:54:44 - On TransactionImpl creation, JpaCompliance#isJpaTransactionComplianceEnabled == false
2026-02-10 08:54:44 - begin
2026-02-10 08:54:44 - jakarta.persistence.PersistenceUnitUtil.getIdentifier is only intended to work with enhanced entities (although Hibernate also adapts this support to its proxies); however the passed entity was not enhanced (nor a proxy).. may not be able to read identifier
2026-02-10 08:54:44 - Executing identity-insert immediately
2026-02-10 08:54:44 - 
    /* insert for
        com.mvgore.garageapi.entity.User */insert 
    into
        users (email, name, password, role, id) 
    values
        (?, ?, ?, ?, default)
Hibernate: 
    /* insert for
        com.mvgore.garageapi.entity.User */insert 
    into
        users (email, name, password, role, id) 
    values
        (?, ?, ?, ?, default)
2026-02-10 08:54:44 - Natively generated identity (com.mvgore.garageapi.entity.User) : 6
2026-02-10 08:54:44 - HHH000387: ResultSet's statement was not registered
2026-02-10 08:54:44 - Exception clearing maxRows/queryTimeout [The object is already closed [90007-224]]
2026-02-10 08:54:44 - committing
2026-02-10 08:54:44 - Processing flush-time cascades
2026-02-10 08:54:44 - Dirty checking collections
2026-02-10 08:54:44 - Flushed: 0 insertions, 0 updates, 0 deletions to 1 objects
2026-02-10 08:54:44 - Flushed: 0 (re)creations, 0 updates, 0 removals to 0 collections
2026-02-10 08:54:44 - Listing entities:
2026-02-10 08:54:44 - com.mvgore.garageapi.entity.User{garages=null, password=pass, role=GARAGE_OWNER, name=Garage Owner, id=6, bookings=null, email=owner@test.com}
2026-02-10 08:54:44 - Created new SQL alias : u1_0
2026-02-10 08:54:44 - Registration of TableGroup [StandardTableGroup(com.mvgore.garageapi.entity.User(52248562176300))] with identifierForTableGroup [com.mvgore.garageapi.entity.User] for NavigablePath [com.mvgore.garageapi.entity.User] 
2026-02-10 08:54:44 - Determining mapping-model type for SqmParameter : org.hibernate.query.sqm.tree.expression.SqmJpaCriteriaParameterWrapper@54139bd3
2026-02-10 08:54:44 - Determining mapping-model type for SqmPath : SqmBasicValuedSimplePath(com.mvgore.garageapi.entity.User(52248562176300).email) 
2026-02-10 08:54:44 - DomainResult Graph:
 \-EntityResultImpl [com.mvgore.garageapi.entity.User(52248562176300)]
 |  +-DelayedCollectionFetch [com.mvgore.garageapi.entity.User(52248562176300).bookings]
 |  +-BasicFetch [com.mvgore.garageapi.entity.User(52248562176300).email]
 |  +-DelayedCollectionFetch [com.mvgore.garageapi.entity.User(52248562176300).garages]
 |  +-BasicFetch [com.mvgore.garageapi.entity.User(52248562176300).name]
 |  +-BasicFetch [com.mvgore.garageapi.entity.User(52248562176300).password]
 |  \-BasicFetch [com.mvgore.garageapi.entity.User(52248562176300).role]

2026-02-10 08:54:44 - SQL AST Tree:
    SelectStatement {
      FromClause {
        StandardTableGroup (u1 : com.mvgore.garageapi.entity.User(52248562176300)) {
          primaryTableReference : users as u1_0
        }
      }
    }

2026-02-10 08:54:44 - Skipping reading Query result cache data: cache-enabled = false, cache-mode = NORMAL
2026-02-10 08:54:44 - Initializer list:
	  com.mvgore.garageapi.entity.User(52248562176300).bookings -> DelayedCollectionInitializer(com.mvgore.garageapi.entity.User(52248562176300).bookings)@596016023 (PluralAttribute(com.mvgore.garageapi.entity.User.bookings))
	  com.mvgore.garageapi.entity.User(52248562176300) -> EntityResultInitializer(com.mvgore.garageapi.entity.User(52248562176300))@1803792695 (SingleTableEntityPersister(com.mvgore.garageapi.entity.User))
	  com.mvgore.garageapi.entity.User(52248562176300).garages -> DelayedCollectionInitializer(com.mvgore.garageapi.entity.User(52248562176300).garages)@1083745968 (PluralAttribute(com.mvgore.garageapi.entity.User.garages))

2026-02-10 08:54:44 - 
    /* <criteria> */ select
        u1_0.id,
        u1_0.email,
        u1_0.name,
        u1_0.password,
        u1_0.role 
    from
        users u1_0 
    where
        u1_0.email=?
Hibernate: 
    /* <criteria> */ select
        u1_0.id,
        u1_0.email,
        u1_0.name,
        u1_0.password,
        u1_0.role 
    from
        users u1_0 
    where
        u1_0.email=?
2026-02-10 08:54:44 - Extracted JDBC value [0] - [6]
2026-02-10 08:54:44 - (EntityResultInitializer) Hydrated EntityKey (com.mvgore.garageapi.entity.User(52248562176300)): 6
2026-02-10 08:54:44 - Extracted JDBC value [0] - [6]
2026-02-10 08:54:44 - (DelayedCollectionInitializer) Current row collection key : com.mvgore.garageapi.entity.User(52248562176300).bookings#6
2026-02-10 08:54:44 - Extracted JDBC value [0] - [6]
2026-02-10 08:54:44 - (DelayedCollectionInitializer) Current row collection key : com.mvgore.garageapi.entity.User(52248562176300).garages#6
2026-02-10 08:54:44 - (EntityResultInitializer) Created new entity instance [com.mvgore.garageapi.entity.User(52248562176300)#6] : 972564142
2026-02-10 08:54:44 - Extracted JDBC value [1] - [owner@test.com]
2026-02-10 08:54:44 - Extracted JDBC value [2] - [Garage Owner]
2026-02-10 08:54:44 - Extracted JDBC value [3] - [pass]
2026-02-10 08:54:44 - Extracted JDBC value [4] - [GARAGE_OWNER]
2026-02-10 08:54:44 - (EntityResultInitializer) Done materializing entityInstance : com.mvgore.garageapi.entity.User(52248562176300)#6
2026-02-10 08:54:44 - Calling top-level assembler (0 / 1) : org.hibernate.sql.results.graph.entity.internal.EntityAssembler@78cb1a92
2026-02-10 08:54:44 - Setting JDBC Connection [HikariProxyConnection@1092175623 wrapping conn0: url=jdbc:h2:mem:garage_test user=SA] read-only
2026-02-10 08:54:44 - On TransactionImpl creation, JpaCompliance#isJpaTransactionComplianceEnabled == false
2026-02-10 08:54:44 - begin
2026-02-10 08:54:44 - Created new SQL alias : g1_0
2026-02-10 08:54:44 - Registration of TableGroup [StandardTableGroup(com.mvgore.garageapi.entity.Garage(52257398978400))] with identifierForTableGroup [com.mvgore.garageapi.entity.Garage] for NavigablePath [com.mvgore.garageapi.entity.Garage] 
2026-02-10 08:54:44 - Registration of TableGroup [org.hibernate.sql.ast.tree.from.LazyTableGroup@5a0d25ba] with identifierForTableGroup [com.mvgore.garageapi.entity.Garage.owner] for NavigablePath [com.mvgore.garageapi.entity.Garage.owner] 
2026-02-10 08:54:44 - DomainResult Graph:
 \-EntityResultImpl [com.mvgore.garageapi.entity.Garage(52257398978400)]
 |  +-DelayedCollectionFetch [com.mvgore.garageapi.entity.Garage(52257398978400).bookings]
 |  +-BasicFetch [com.mvgore.garageapi.entity.Garage(52257398978400).description]
 |  +-BasicFetch [com.mvgore.garageapi.entity.Garage(52257398978400).location]
 |  +-BasicFetch [com.mvgore.garageapi.entity.Garage(52257398978400).name]
 |  +-CircularFetchImpl [com.mvgore.garageapi.entity.Garage(52257398978400).owner]
 |  +-BasicFetch [com.mvgore.garageapi.entity.Garage(52257398978400).priceRange]
 |  \-DelayedCollectionFetch [com.mvgore.garageapi.entity.Garage(52257398978400).services]

2026-02-10 08:54:44 - SQL AST Tree:
    SelectStatement {
      FromClause {
        StandardTableGroup (g1 : com.mvgore.garageapi.entity.Garage(52257398978400)) {
          primaryTableReference : garages as g1_0
          TableGroupJoins {
            left  join LazyTableGroup (o1 : com.mvgore.garageapi.entity.Garage(52257398978400).owner) {
            }
          }
        }
      }
    }

2026-02-10 08:54:44 - Skipping reading Query result cache data: cache-enabled = false, cache-mode = NORMAL
2026-02-10 08:54:44 - Initializer list:
	  com.mvgore.garageapi.entity.Garage(52257398978400).owner -> EntitySelectFetchInitializer(com.mvgore.garageapi.entity.Garage(52257398978400).owner)@1927847138 (ToOneAttributeMapping(NavigableRole[com.mvgore.garageapi.entity.Garage.owner])@556812393)
	  com.mvgore.garageapi.entity.Garage(52257398978400).services -> DelayedCollectionInitializer(com.mvgore.garageapi.entity.Garage(52257398978400).services)@464957683 (PluralAttribute(com.mvgore.garageapi.entity.Garage.services))
	  com.mvgore.garageapi.entity.Garage(52257398978400).bookings -> DelayedCollectionInitializer(com.mvgore.garageapi.entity.Garage(52257398978400).bookings)@726350104 (PluralAttribute(com.mvgore.garageapi.entity.Garage.bookings))
	  com.mvgore.garageapi.entity.Garage(52257398978400) -> EntityResultInitializer(com.mvgore.garageapi.entity.Garage(52257398978400))@408484158 (SingleTableEntityPersister(com.mvgore.garageapi.entity.Garage))

2026-02-10 08:54:44 - 
    /* <criteria> */ select
        g1_0.id,
        g1_0.description,
        g1_0.location,
        g1_0.name,
        g1_0.owner_id,
        g1_0.price_range 
    from
        garages g1_0
Hibernate: 
    /* <criteria> */ select
        g1_0.id,
        g1_0.description,
        g1_0.location,
        g1_0.name,
        g1_0.owner_id,
        g1_0.price_range 
    from
        garages g1_0
2026-02-10 08:54:44 - committing
2026-02-10 08:54:44 - Resetting read-only flag of JDBC Connection [HikariProxyConnection@1092175623 wrapping conn0: url=jdbc:h2:mem:garage_test user=SA]
]]></system-out>
  </testcase>
</testsuite>