<?xml version="1.0" encoding="UTF-8"?>
<testsuite xmlns:xsi="http://www.w3.org/2001/XMLSchema-instance" xsi:noNamespaceSchemaLocation="https://maven.apache.org/surefire/maven-surefire-plugin/xsd/surefire-test-report-3.0.xsd" version="3.0" name="com.garage.service.BookingServiceTest" time="4.715" tests="2" errors="0" skipped="0" failures="0">
  <properties>
[...]
</properties>
  <testcase name="testCreateBookingSuccess" classname="com.garage.service.BookingServiceTest" time="0.197">
    <system-out><![CDATA[
  .   ____          _            __ _ _
 /\\ / ___'_ __ _ _(_)_ __  __ _ \ \ \ \
( ( )\___ | '_ | '_| | '_ \/ _` | \ \ \ \
 \\/  ___)| |_)| | | | | || (_| |  ) ) ) )
  '  |____| .__|_| |_|_| |_\__, | / / / /
 =========|_|==============|___/=/_/_/_/
 :: Spring Boot ::                (v3.2.1)

2026-02-10 08:54:45 - Starting BookingServiceTest using Java 17.0.12 with PID 13792 (started by Admin in C:\Users\Admin\Documents\VisualStudio Code\garage-booking-api)
2026-02-10 08:54:45 - Running with Spring Boot v3.2.1, Spring v6.1.2
2026-02-10 08:54:45 - The following 1 profile is active: "test"
2026-02-10 08:54:46 - Bootstrapping Spring Data JPA repositories in DEFAULT mode.
2026-02-10 08:54:46 - Finished Spring Data repository scanning in 65 ms. Found 4 JPA repository interfaces.
2026-02-10 08:54:46 - Driver class org.h2.Driver found in Thread context class loader jdk.internal.loader.ClassLoaders$AppClassLoader@73d16e93
2026-02-10 08:54:47 - PersistenceUnitInfo [
	name: default
	persistence provider classname: null
	classloader: jdk.internal.loader.ClassLoaders$AppClassLoader@73d16e93
	excludeUnlistedClasses: true
	JTA datasource: null
	Non JTA datasource: HikariDataSource (null)
	Transaction type: RESOURCE_LOCAL
	PU root URL: file:/C:/Users/Admin/Documents/VisualStudio%20Code/garage-booking-api/target/test-classes/
	Shared Cache Mode: UNSPECIFIED
	Validation Mode: AUTO
	Jar files URLs []
	Managed classes names [
		com.mvgore.garageapi.entity.Booking
		com.mvgore.garageapi.entity.Garage
		com.mvgore.garageapi.entity.GarageServiceEntity
		com.mvgore.garageapi.entity.User]
	Mapping files names []
	Properties []
2026-02-10 08:54:47 - Adding Integrator [org.hibernate.boot.beanvalidation.BeanValidationIntegrator].
2026-02-10 08:54:47 - Adding Integrator [org.hibernate.cache.internal.CollectionCacheInvalidator].
2026-02-10 08:54:47 - Registering IdentifierGenerator strategy [uuid2] -> [org.hibernate.id.UUIDGenerator]
2026-02-10 08:54:47 - Registering IdentifierGenerator strategy [guid] -> [org.hibernate.id.GUIDGenerator]
2026-02-10 08:54:47 - Registering IdentifierGenerator strategy [uuid] -> [org.hibernate.id.UUIDHexGenerator]
2026-02-10 08:54:47 - Registering IdentifierGenerator strategy [uuid.hex] -> [org.hibernate.id.UUIDHexGenerator]
2026-02-10 08:54:47 - Registering IdentifierGenerator strategy [assigned] -> [org.hibernate.id.Assigned]
2026-02-10 08:54:47 - Registering IdentifierGenerator strategy [identity] -> [org.hibernate.id.IdentityGenerator]
2026-02-10 08:54:47 - Registering IdentifierGenerator strategy [select] -> [org.hibernate.id.SelectGenerator]
2026-02-10 08:54:47 - Registering IdentifierGenerator strategy [sequence] -> [org.hibernate.id.enhanced.SequenceStyleGenerator]
2026-02-10 08:54:47 - Registering IdentifierGenerator strategy [increment] -> [org.hibernate.id.IncrementGenerator]
2026-02-10 08:54:47 - Registering IdentifierGenerator strategy [foreign] -> [org.hibernate.id.ForeignGenerator]
2026-02-10 08:54:47 - Registering IdentifierGenerator strategy [enhanced-sequence] -> [org.hibernate.id.enhanced.SequenceStyleGenerator]
2026-02-10 08:54:47 - Registering IdentifierGenerator strategy [enhanced-table] -> [org.hibernate.id.enhanced.TableGenerator]
2026-02-10 08:54:47 - Cannot default RegionFactory based on registered strategies as `[]` RegionFactory strategies were registered
2026-02-10 08:54:47 - HHH000026: Second-level cache disabled
2026-02-10 08:54:47 - Adding type registration boolean -> org.hibernate.type.BasicTypeReference@7b9e25bd
2026-02-10 08:54:47 - Adding type registration boolean -> org.hibernate.type.BasicTypeReference@7b9e25bd
2026-02-10 08:54:47 - Adding type registration java.lang.Boolean -> org.hibernate.type.BasicTypeReference@7b9e25bd
2026-02-10 08:54:47 - Adding type registration numeric_boolean -> org.hibernate.type.BasicTypeReference@2d206a71
2026-02-10 08:54:47 - Adding type registration org.hibernate.type.NumericBooleanConverter -> org.hibernate.type.BasicTypeReference@2d206a71
2026-02-10 08:54:47 - Adding type registration true_false -> org.hibernate.type.BasicTypeReference@37e7c4cc
2026-02-10 08:54:47 - Adding type registration org.hibernate.type.TrueFalseConverter -> org.hibernate.type.BasicTypeReference@37e7c4cc
2026-02-10 08:54:47 - Adding type registration yes_no -> org.hibernate.type.BasicTypeReference@3a40bb52
2026-02-10 08:54:47 - Adding type registration org.hibernate.type.YesNoConverter -> org.hibernate.type.BasicTypeReference@3a40bb52
2026-02-10 08:54:47 - Adding type registration byte -> org.hibernate.type.BasicTypeReference@3079c26a
2026-02-10 08:54:47 - Adding type registration byte -> org.hibernate.type.BasicTypeReference@3079c26a
2026-02-10 08:54:47 - Adding type registration java.lang.Byte -> org.hibernate.type.BasicTypeReference@3079c26a
2026-02-10 08:54:47 - Adding type registration binary -> org.hibernate.type.BasicTypeReference@1e2445f6
2026-02-10 08:54:47 - Adding type registration byte[] -> org.hibernate.type.BasicTypeReference@1e2445f6
2026-02-10 08:54:47 - Adding type registration [B -> org.hibernate.type.BasicTypeReference@1e2445f6
2026-02-10 08:54:47 - Adding type registration binary_wrapper -> org.hibernate.type.BasicTypeReference@17ec335a
2026-02-10 08:54:47 - Adding type registration wrapper-binary -> org.hibernate.type.BasicTypeReference@17ec335a
2026-02-10 08:54:47 - Adding type registration image -> org.hibernate.type.BasicTypeReference@284990de
2026-02-10 08:54:47 - Adding type registration blob -> org.hibernate.type.BasicTypeReference@565d7d2f
2026-02-10 08:54:47 - Adding type registration java.sql.Blob -> org.hibernate.type.BasicTypeReference@565d7d2f
2026-02-10 08:54:47 - Adding type registration materialized_blob -> org.hibernate.type.BasicTypeReference@6aea99e7
2026-02-10 08:54:47 - Adding type registration materialized_blob_wrapper -> org.hibernate.type.BasicTypeReference@1c6a0103
2026-02-10 08:54:47 - Adding type registration short -> org.hibernate.type.BasicTypeReference@7841bd30
2026-02-10 08:54:47 - Adding type registration short -> org.hibernate.type.BasicTypeReference@7841bd30
2026-02-10 08:54:47 - Adding type registration java.lang.Short -> org.hibernate.type.BasicTypeReference@7841bd30
2026-02-10 08:54:47 - Adding type registration integer -> org.hibernate.type.BasicTypeReference@45c80312
2026-02-10 08:54:47 - Adding type registration int -> org.hibernate.type.BasicTypeReference@45c80312
2026-02-10 08:54:47 - Adding type registration java.lang.Integer -> org.hibernate.type.BasicTypeReference@45c80312
2026-02-10 08:54:47 - Adding type registration long -> org.hibernate.type.BasicTypeReference@7bd38fed
2026-02-10 08:54:47 - Adding type registration long -> org.hibernate.type.BasicTypeReference@7bd38fed
2026-02-10 08:54:47 - Adding type registration java.lang.Long -> org.hibernate.type.BasicTypeReference@7bd38fed
2026-02-10 08:54:47 - Adding type registration float -> org.hibernate.type.BasicTypeReference@377dfb8d
2026-02-10 08:54:47 - Adding type registration float -> org.hibernate.type.BasicTypeReference@377dfb8d
2026-02-10 08:54:47 - Adding type registration java.lang.Float -> org.hibernate.type.BasicTypeReference@377dfb8d
2026-02-10 08:54:47 - Adding type registration double -> org.hibernate.type.BasicTypeReference@42a0786f
2026-02-10 08:54:47 - Adding type registration double -> org.hibernate.type.BasicTypeReference@42a0786f
2026-02-10 08:54:47 - Adding type registration java.lang.Double -> org.hibernate.type.BasicTypeReference@42a0786f
2026-02-10 08:54:47 - Adding type registration big_integer -> org.hibernate.type.BasicTypeReference@477523ba
2026-02-10 08:54:47 - Adding type registration java.math.BigInteger -> org.hibernate.type.BasicTypeReference@477523ba
2026-02-10 08:54:47 - Adding type registration big_decimal -> org.hibernate.type.BasicTypeReference@203e705e
2026-02-10 08:54:47 - Adding type registration java.math.BigDecimal -> org.hibernate.type.BasicTypeReference@203e705e
2026-02-10 08:54:47 - Adding type registration character -> org.hibernate.type.BasicTypeReference@78c74647
2026-02-10 08:54:47 - Adding type registration char -> org.hibernate.type.BasicTypeReference@78c74647
2026-02-10 08:54:47 - Adding type registration java.lang.Character -> org.hibernate.type.BasicTypeReference@78c74647
2026-02-10 08:54:47 - Adding type registration character_nchar -> org.hibernate.type.BasicTypeReference@39652a30
2026-02-10 08:54:47 - Adding type registration string -> org.hibernate.type.BasicTypeReference@5763a655
2026-02-10 08:54:47 - Adding type registration java.lang.String -> org.hibernate.type.BasicTypeReference@5763a655
2026-02-10 08:54:47 - Adding type registration nstring -> org.hibernate.type.BasicTypeReference@40c8067
2026-02-10 08:54:47 - Adding type registration characters -> org.hibernate.type.BasicTypeReference@46bb0bdf
2026-02-10 08:54:47 - Adding type registration char[] -> org.hibernate.type.BasicTypeReference@46bb0bdf
2026-02-10 08:54:47 - Adding type registration [C -> org.hibernate.type.BasicTypeReference@46bb0bdf
2026-02-10 08:54:47 - Adding type registration wrapper-characters -> org.hibernate.type.BasicTypeReference@561f9d92
2026-02-10 08:54:47 - Adding type registration text -> org.hibernate.type.BasicTypeReference@1c84d80a
2026-02-10 08:54:47 - Adding type registration ntext -> org.hibernate.type.BasicTypeReference@7ceb6c45
2026-02-10 08:54:47 - Adding type registration clob -> org.hibernate.type.BasicTypeReference@629075f4
2026-02-10 08:54:47 - Adding type registration java.sql.Clob -> org.hibernate.type.BasicTypeReference@629075f4
2026-02-10 08:54:47 - Adding type registration nclob -> org.hibernate.type.BasicTypeReference@48499739
2026-02-10 08:54:47 - Adding type registration java.sql.NClob -> org.hibernate.type.BasicTypeReference@48499739
2026-02-10 08:54:47 - Adding type registration materialized_clob -> org.hibernate.type.BasicTypeReference@723742b2
2026-02-10 08:54:47 - Adding type registration materialized_clob_char_array -> org.hibernate.type.BasicTypeReference@559991f5
2026-02-10 08:54:47 - Adding type registration materialized_clob_character_array -> org.hibernate.type.BasicTypeReference@34c76167
2026-02-10 08:54:47 - Adding type registration materialized_nclob -> org.hibernate.type.BasicTypeReference@30b3d899
2026-02-10 08:54:47 - Adding type registration materialized_nclob_character_array -> org.hibernate.type.BasicTypeReference@78d92eef
2026-02-10 08:54:47 - Adding type registration materialized_nclob_char_array -> org.hibernate.type.BasicTypeReference@61d60e38
2026-02-10 08:54:47 - Adding type registration Duration -> org.hibernate.type.BasicTypeReference@6e95973c
2026-02-10 08:54:47 - Adding type registration java.time.Duration -> org.hibernate.type.BasicTypeReference@6e95973c
2026-02-10 08:54:47 - Adding type registration LocalDateTime -> org.hibernate.type.BasicTypeReference@404ced67
2026-02-10 08:54:47 - Adding type registration java.time.LocalDateTime -> org.hibernate.type.BasicTypeReference@404ced67
2026-02-10 08:54:47 - Adding type registration LocalDate -> org.hibernate.type.BasicTypeReference@71531dd7
2026-02-10 08:54:47 - Adding type registration java.time.LocalDate -> org.hibernate.type.BasicTypeReference@71531dd7
2026-02-10 08:54:47 - Adding type registration LocalTime -> org.hibernate.type.BasicTypeReference@20256a0b
2026-02-10 08:54:47 - Adding type registration java.time.LocalTime -> org.hibernate.type.BasicTypeReference@20256a0b
2026-02-10 08:54:47 - Adding type registration OffsetDateTime -> org.hibernate.type.BasicTypeReference@624b3544
2026-02-10 08:54:47 - Adding type registration java.time.OffsetDateTime -> org.hibernate.type.BasicTypeReference@624b3544
2026-02-10 08:54:47 - Adding type registration OffsetDateTimeWithTimezone -> org.hibernate.type.BasicTypeReference@454bcbbf
2026-02-10 08:54:47 - Adding type registration OffsetDateTimeWithoutTimezone -> org.hibernate.type.BasicTypeReference@2c9fdb64
2026-02-10 08:54:47 - Adding type registration OffsetTime -> org.hibernate.type.BasicTypeReference@27e199ce
2026-02-10 08:54:47 - Adding type registration java.time.OffsetTime -> org.hibernate.type.BasicTypeReference@27e199ce
2026-02-10 08:54:47 - Adding type registration OffsetTimeUtc -> org.hibernate.type.BasicTypeReference@1c3b6963
2026-02-10 08:54:47 - Adding type registration OffsetTimeWithTimezone -> org.hibernate.type.BasicTypeReference@7364f68
2026-02-10 08:54:47 - Adding type registration OffsetTimeWithoutTimezone -> org.hibernate.type.BasicTypeReference@55a0f011
2026-02-10 08:54:47 - Adding type registration ZonedDateTime -> org.hibernate.type.BasicTypeReference@7ea42c82
2026-02-10 08:54:47 - Adding type registration java.time.ZonedDateTime -> org.hibernate.type.BasicTypeReference@7ea42c82
2026-02-10 08:54:47 - Adding type registration ZonedDateTimeWithTimezone -> org.hibernate.type.BasicTypeReference@39133244
2026-02-10 08:54:47 - Adding type registration ZonedDateTimeWithoutTimezone -> org.hibernate.type.BasicTypeReference@ceb7701
2026-02-10 08:54:47 - Adding type registration date -> org.hibernate.type.BasicTypeReference@5e193ef5
2026-02-10 08:54:47 - Adding type registration java.sql.Date -> org.hibernate.type.BasicTypeReference@5e193ef5
2026-02-10 08:54:47 - Adding type registration time -> org.hibernate.type.BasicTypeReference@106c988
2026-02-10 08:54:47 - Adding type registration java.sql.Time -> org.hibernate.type.BasicTypeReference@106c988
2026-02-10 08:54:47 - Adding type registration timestamp -> org.hibernate.type.BasicTypeReference@21274afe
2026-02-10 08:54:47 - Adding type registration java.sql.Timestamp -> org.hibernate.type.BasicTypeReference@21274afe
2026-02-10 08:54:47 - Adding type registration java.util.Date -> org.hibernate.type.BasicTypeReference@21274afe
2026-02-10 08:54:47 - Adding type registration calendar -> org.hibernate.type.BasicTypeReference@76a362a4
2026-02-10 08:54:47 - Adding type registration java.util.Calendar -> org.hibernate.type.BasicTypeReference@76a362a4
2026-02-10 08:54:47 - Adding type registration java.util.GregorianCalendar -> org.hibernate.type.BasicTypeReference@76a362a4
2026-02-10 08:54:47 - Adding type registration calendar_date -> org.hibernate.type.BasicTypeReference@61da0413
2026-02-10 08:54:47 - Adding type registration calendar_time -> org.hibernate.type.BasicTypeReference@5627cb29
2026-02-10 08:54:47 - Adding type registration instant -> org.hibernate.type.BasicTypeReference@4d4c1ba9
2026-02-10 08:54:47 - Adding type registration java.time.Instant -> org.hibernate.type.BasicTypeReference@4d4c1ba9
2026-02-10 08:54:47 - Adding type registration uuid -> org.hibernate.type.BasicTypeReference@2017f6e6
2026-02-10 08:54:47 - Adding type registration java.util.UUID -> org.hibernate.type.BasicTypeReference@2017f6e6
2026-02-10 08:54:47 - Adding type registration pg-uuid -> org.hibernate.type.BasicTypeReference@2017f6e6
2026-02-10 08:54:47 - Adding type registration uuid-binary -> org.hibernate.type.BasicTypeReference@115c946b
2026-02-10 08:54:47 - Adding type registration uuid-char -> org.hibernate.type.BasicTypeReference@79ca7bea
2026-02-10 08:54:47 - Adding type registration class -> org.hibernate.type.BasicTypeReference@54f6b629
2026-02-10 08:54:47 - Adding type registration java.lang.Class -> org.hibernate.type.BasicTypeReference@54f6b629
2026-02-10 08:54:47 - Adding type registration currency -> org.hibernate.type.BasicTypeReference@4bc9ca97
2026-02-10 08:54:47 - Adding type registration Currency -> org.hibernate.type.BasicTypeReference@4bc9ca97
2026-02-10 08:54:47 - Adding type registration java.util.Currency -> org.hibernate.type.BasicTypeReference@4bc9ca97
2026-02-10 08:54:47 - Adding type registration locale -> org.hibernate.type.BasicTypeReference@3e43f049
2026-02-10 08:54:47 - Adding type registration java.util.Locale -> org.hibernate.type.BasicTypeReference@3e43f049
2026-02-10 08:54:47 - Adding type registration serializable -> org.hibernate.type.BasicTypeReference@147cc940
2026-02-10 08:54:47 - Adding type registration java.io.Serializable -> org.hibernate.type.BasicTypeReference@147cc940
2026-02-10 08:54:47 - Adding type registration timezone -> org.hibernate.type.BasicTypeReference@755a7218
2026-02-10 08:54:47 - Adding type registration java.util.TimeZone -> org.hibernate.type.BasicTypeReference@755a7218
2026-02-10 08:54:47 - Adding type registration ZoneOffset -> org.hibernate.type.BasicTypeReference@70c29356
2026-02-10 08:54:47 - Adding type registration java.time.ZoneOffset -> org.hibernate.type.BasicTypeReference@70c29356
2026-02-10 08:54:47 - Adding type registration url -> org.hibernate.type.BasicTypeReference@5122e4bf
2026-02-10 08:54:47 - Adding type registration java.net.URL -> org.hibernate.type.BasicTypeReference@5122e4bf
2026-02-10 08:54:47 - Adding type registration vector -> org.hibernate.type.BasicTypeReference@23e61112
2026-02-10 08:54:47 - Adding type registration row_version -> org.hibernate.type.BasicTypeReference@58a7dc4
2026-02-10 08:54:47 - Adding type registration object -> org.hibernate.type.JavaObjectType@7f0766ef
2026-02-10 08:54:47 - Adding type registration java.lang.Object -> org.hibernate.type.JavaObjectType@7f0766ef
2026-02-10 08:54:47 - Adding type registration null -> org.hibernate.type.NullType@27ab206
2026-02-10 08:54:47 - Adding type registration imm_date -> org.hibernate.type.BasicTypeReference@3a19b933
2026-02-10 08:54:47 - Adding type registration imm_time -> org.hibernate.type.BasicTypeReference@d476a21
2026-02-10 08:54:47 - Adding type registration imm_timestamp -> org.hibernate.type.BasicTypeReference@186b5db
2026-02-10 08:54:47 - Adding type registration imm_calendar -> org.hibernate.type.BasicTypeReference@7ba907cf
2026-02-10 08:54:47 - Adding type registration imm_calendar_date -> org.hibernate.type.BasicTypeReference@c0ef9a8
2026-02-10 08:54:47 - Adding type registration imm_calendar_time -> org.hibernate.type.BasicTypeReference@3a2e8c6a
2026-02-10 08:54:47 - Adding type registration imm_binary -> org.hibernate.type.BasicTypeReference@eb2ce99
2026-02-10 08:54:47 - Adding type registration imm_serializable -> org.hibernate.type.BasicTypeReference@3d1637ff
2026-02-10 08:54:47 - Injecting JPA temp ClassLoader [org.springframework.instrument.classloading.SimpleThrowawayClassLoader@8add32f] into BootstrapContext; was [null]
2026-02-10 08:54:47 - ClassLoaderAccessImpl#injectTempClassLoader(org.springframework.instrument.classloading.SimpleThrowawayClassLoader@8add32f) [was null]
2026-02-10 08:54:47 - Injecting ScanEnvironment [org.hibernate.jpa.boot.internal.StandardJpaScanEnvironmentImpl@107302a5] into BootstrapContext; was [null]
2026-02-10 08:54:47 - Injecting ScanOptions [org.hibernate.boot.archive.scan.internal.StandardScanOptions@1cd6769b] into BootstrapContext; was [org.hibernate.boot.archive.scan.internal.StandardScanOptions@281e2377]
2026-02-10 08:54:47 - HHH000021: Bytecode provider: bytebuddy
2026-02-10 08:54:47 - No LoadTimeWeaver setup: ignoring JPA class transformer
2026-02-10 08:54:47 - Injecting JPA temp ClassLoader [null] into BootstrapContext; was [org.springframework.instrument.classloading.SimpleThrowawayClassLoader@8add32f]
2026-02-10 08:54:47 - ClassLoaderAccessImpl#injectTempClassLoader(null) [was org.springframework.instrument.classloading.SimpleThrowawayClassLoader@8add32f]
2026-02-10 08:54:47 - HikariPool-2 - configuration:
2026-02-10 08:54:47 - allowPoolSuspension.............false
2026-02-10 08:54:47 - autoCommit......................true
2026-02-10 08:54:47 - catalog.........................none
2026-02-10 08:54:47 - connectionInitSql...............none
2026-02-10 08:54:47 - connectionTestQuery.............none
2026-02-10 08:54:47 - connectionTimeout...............30000
2026-02-10 08:54:47 - dataSource......................none
2026-02-10 08:54:47 - dataSourceClassName.............none
2026-02-10 08:54:47 - dataSourceJNDI..................none
2026-02-10 08:54:47 - dataSourceProperties............{password=<masked>}
2026-02-10 08:54:47 - driverClassName................."org.h2.Driver"
2026-02-10 08:54:47 - exceptionOverrideClassName......none
2026-02-10 08:54:47 - healthCheckProperties...........{}
2026-02-10 08:54:47 - healthCheckRegistry.............none
2026-02-10 08:54:47 - idleTimeout.....................600000
2026-02-10 08:54:47 - initializationFailTimeout.......1
2026-02-10 08:54:47 - isolateInternalQueries..........false
2026-02-10 08:54:47 - jdbcUrl.........................jdbc:h2:mem:garage_test;DB_CLOSE_DELAY=-1;DB_CLOSE_ON_EXIT=FALSE
2026-02-10 08:54:47 - keepaliveTime...................0
2026-02-10 08:54:47 - leakDetectionThreshold..........0
2026-02-10 08:54:47 - maxLifetime.....................1800000
2026-02-10 08:54:47 - maximumPoolSize.................10
2026-02-10 08:54:47 - metricRegistry..................none
2026-02-10 08:54:47 - metricsTrackerFactory...........none
2026-02-10 08:54:47 - minimumIdle.....................10
2026-02-10 08:54:47 - password........................<masked>
2026-02-10 08:54:47 - poolName........................"HikariPool-2"
2026-02-10 08:54:47 - readOnly........................false
2026-02-10 08:54:47 - registerMbeans..................false
2026-02-10 08:54:47 - scheduledExecutor...............none
2026-02-10 08:54:47 - schema..........................none
2026-02-10 08:54:47 - threadFactory...................internal
2026-02-10 08:54:47 - transactionIsolation............default
2026-02-10 08:54:47 - username........................"sa"
2026-02-10 08:54:47 - validationTimeout...............5000
2026-02-10 08:54:47 - HikariPool-2 - Starting...
2026-02-10 08:54:47 - HikariPool-2 - Added connection conn10: url=jdbc:h2:mem:garage_test user=SA
2026-02-10 08:54:47 - HikariPool-2 - Start completed.
2026-02-10 08:54:47 - Database ->
       name : H2
    version : 2.2.224 (2023-09-17)
      major : 2
      minor : 2
2026-02-10 08:54:47 - Driver ->
       name : H2 JDBC Driver
    version : 2.2.224 (2023-09-17)
      major : 2
      minor : 2
2026-02-10 08:54:47 - JDBC version : 4.2
2026-02-10 08:54:47 - HHH035001: Using dialect: org.hibernate.dialect.H2Dialect, version: 2.2.224
2026-02-10 08:54:47 - JDBC driver metadata reported database stores quoted identifiers in neither upper, lower nor mixed case
2026-02-10 08:54:47 - addDescriptor(NCharTypeDescriptor) replaced previous registration(CharTypeDescriptor)
2026-02-10 08:54:47 - addDescriptor(NVarcharTypeDescriptor) replaced previous registration(VarcharTypeDescriptor)
2026-02-10 08:54:47 - addDescriptor(LongNVarcharTypeDescriptor) replaced previous registration(LongVarcharTypeDescriptor)
2026-02-10 08:54:47 - addDescriptor(NClobTypeDescriptor(DEFAULT)) replaced previous registration(ClobTypeDescriptor(DEFAULT))
2026-02-10 08:54:47 - addDescriptor(2005, ClobTypeDescriptor(STREAM_BINDING)) replaced previous registration(ClobTypeDescriptor(DEFAULT))
2026-02-10 08:54:47 - addDescriptor(TimestampUtcDescriptor) replaced previous registration(TimestampUtcDescriptor)
2026-02-10 08:54:47 - Adding type registration org.hibernate.type.DurationType -> basicType@24(java.time.Duration,2)
2026-02-10 08:54:47 - Adding type registration Duration -> basicType@24(java.time.Duration,2)
2026-02-10 08:54:47 - Adding type registration java.time.Duration -> basicType@24(java.time.Duration,2)
2026-02-10 08:54:47 - Scoping TypeConfiguration [org.hibernate.type.spi.TypeConfiguration@1b9b8759] to MetadataBuildingContext [org.hibernate.boot.internal.MetadataBuildingContextRootImpl@4a8d8f50]
2026-02-10 08:54:47 - Created database namespace [logicalName=Name{catalog=null, schema=null}, physicalName=Name{catalog=null, schema=null}]
2026-02-10 08:54:47 - Binding entity from annotated class: com.mvgore.garageapi.entity.Booking
2026-02-10 08:54:47 - Import with entity name Booking
2026-02-10 08:54:47 - Bind entity com.mvgore.garageapi.entity.Booking on table bookings
2026-02-10 08:54:47 - Binding column: AnnotatedDiscriminatorColumn(column='DTYPE')
2026-02-10 08:54:47 - Binding column: AnnotatedColumn()
2026-02-10 08:54:47 - Not known whether passed class name [com.mvgore.garageapi.entity.Booking] is safe
2026-02-10 08:54:47 - No temp ClassLoader provided; using live ClassLoader for loading potentially unsafe class : com.mvgore.garageapi.entity.Booking
2026-02-10 08:54:47 - MetadataSourceProcessor property id with lazy=false
2026-02-10 08:54:47 - Attempting to locate auto-apply AttributeConverter for property [com.mvgore.garageapi.entity.Booking:id]
2026-02-10 08:54:47 - building BasicValue for id
2026-02-10 08:54:47 - Skipping column re-registration: bookings.id
2026-02-10 08:54:47 - Building property id
2026-02-10 08:54:47 - #makeIdGenerator(BasicValue([Column(id)]), id, identity, , ...)
2026-02-10 08:54:47 - Binding column: AnnotatedColumn()
2026-02-10 08:54:47 - MetadataSourceProcessor property bookingTime with lazy=false
2026-02-10 08:54:47 - Attempting to locate auto-apply AttributeConverter for property [com.mvgore.garageapi.entity.Booking:bookingTime]
2026-02-10 08:54:47 - building BasicValue for bookingTime
2026-02-10 08:54:47 - Skipping column re-registration: bookings.booking_time
2026-02-10 08:54:47 - Building property bookingTime
2026-02-10 08:54:47 - Binding column: AnnotatedJoinColumn(column='customer_id')
2026-02-10 08:54:47 - Binding column: AnnotatedColumn()
2026-02-10 08:54:47 - Building property customer
2026-02-10 08:54:47 - Binding column: AnnotatedJoinColumn(column='garage_id')
2026-02-10 08:54:47 - Binding column: AnnotatedColumn()
2026-02-10 08:54:47 - Building property garage
2026-02-10 08:54:47 - Binding column: AnnotatedJoinColumn(column='service_id')
2026-02-10 08:54:47 - Binding column: AnnotatedColumn()
2026-02-10 08:54:47 - Building property service
2026-02-10 08:54:47 - Binding column: AnnotatedColumn()
2026-02-10 08:54:47 - MetadataSourceProcessor property status with lazy=false
2026-02-10 08:54:47 - Attempting to locate auto-apply AttributeConverter for property [com.mvgore.garageapi.entity.Booking:status]
2026-02-10 08:54:47 - building BasicValue for status
2026-02-10 08:54:47 - Skipping column re-registration: bookings.status
2026-02-10 08:54:47 - Building property status
2026-02-10 08:54:47 - HHH000194: Package not found or wo package-info.java: com.mvgore.garageapi.entity
2026-02-10 08:54:47 - Binding entity from annotated class: com.mvgore.garageapi.entity.Garage
2026-02-10 08:54:47 - Import with entity name Garage
2026-02-10 08:54:47 - Bind entity com.mvgore.garageapi.entity.Garage on table garages
2026-02-10 08:54:47 - Binding column: AnnotatedDiscriminatorColumn(column='DTYPE')
2026-02-10 08:54:47 - Binding column: AnnotatedColumn()
2026-02-10 08:54:47 - Not known whether passed class name [com.mvgore.garageapi.entity.Garage] is safe
2026-02-10 08:54:47 - No temp ClassLoader provided; using live ClassLoader for loading potentially unsafe class : com.mvgore.garageapi.entity.Garage
2026-02-10 08:54:47 - MetadataSourceProcessor property id with lazy=false
2026-02-10 08:54:47 - Attempting to locate auto-apply AttributeConverter for property [com.mvgore.garageapi.entity.Garage:id]
2026-02-10 08:54:47 - building BasicValue for id
2026-02-10 08:54:47 - Skipping column re-registration: garages.id
2026-02-10 08:54:47 - Building property id
2026-02-10 08:54:47 - #makeIdGenerator(BasicValue([Column(id)]), id, identity, , ...)
2026-02-10 08:54:47 - Binding column: AnnotatedJoinColumn()
2026-02-10 08:54:47 - Binding column: AnnotatedColumn()
2026-02-10 08:54:47 - Binding column: IndexColumn(column='bookings_ORDER')
2026-02-10 08:54:47 - Binding column: AnnotatedColumn()
2026-02-10 08:54:47 - Binding column: AnnotatedColumn(column='bookings_KEY')
2026-02-10 08:54:47 - Binding column: AnnotatedJoinColumn(column='bookings_KEY')
2026-02-10 08:54:47 - Binding column: AnnotatedJoinColumn()
2026-02-10 08:54:47 - Binding column: AnnotatedJoinColumn()
2026-02-10 08:54:47 - Collection role: com.mvgore.garageapi.entity.Garage.bookings
2026-02-10 08:54:47 - Building property bookings
2026-02-10 08:54:47 - Binding column: AnnotatedColumn()
2026-02-10 08:54:47 - MetadataSourceProcessor property description with lazy=false
2026-02-10 08:54:47 - Attempting to locate auto-apply AttributeConverter for property [com.mvgore.garageapi.entity.Garage:description]
2026-02-10 08:54:47 - building BasicValue for description
2026-02-10 08:54:47 - Skipping column re-registration: garages.description
2026-02-10 08:54:47 - Building property description
2026-02-10 08:54:47 - Binding column: AnnotatedColumn()
2026-02-10 08:54:47 - MetadataSourceProcessor property location with lazy=false
2026-02-10 08:54:47 - Attempting to locate auto-apply AttributeConverter for property [com.mvgore.garageapi.entity.Garage:location]
2026-02-10 08:54:47 - building BasicValue for location
2026-02-10 08:54:47 - Skipping column re-registration: garages.location
2026-02-10 08:54:47 - Building property location
2026-02-10 08:54:47 - Binding column: AnnotatedColumn()
2026-02-10 08:54:47 - MetadataSourceProcessor property name with lazy=false
2026-02-10 08:54:47 - Attempting to locate auto-apply AttributeConverter for property [com.mvgore.garageapi.entity.Garage:name]
2026-02-10 08:54:47 - building BasicValue for name
2026-02-10 08:54:47 - Skipping column re-registration: garages.name
2026-02-10 08:54:47 - Building property name
2026-02-10 08:54:47 - Binding column: AnnotatedJoinColumn(column='owner_id')
2026-02-10 08:54:47 - Binding column: AnnotatedColumn()
2026-02-10 08:54:47 - Building property owner
2026-02-10 08:54:47 - Binding column: AnnotatedColumn(column='price_range')
2026-02-10 08:54:47 - MetadataSourceProcessor property priceRange with lazy=false
2026-02-10 08:54:47 - Attempting to locate auto-apply AttributeConverter for property [com.mvgore.garageapi.entity.Garage:priceRange]
2026-02-10 08:54:47 - building BasicValue for priceRange
2026-02-10 08:54:47 - Skipping column re-registration: garages.price_range
2026-02-10 08:54:47 - Building property priceRange
2026-02-10 08:54:47 - Binding column: AnnotatedJoinColumn()
2026-02-10 08:54:47 - Binding column: AnnotatedColumn()
2026-02-10 08:54:47 - Binding column: IndexColumn(column='services_ORDER')
2026-02-10 08:54:47 - Binding column: AnnotatedColumn()
2026-02-10 08:54:47 - Binding column: AnnotatedColumn(column='services_KEY')
2026-02-10 08:54:47 - Binding column: AnnotatedJoinColumn(column='services_KEY')
2026-02-10 08:54:47 - Binding column: AnnotatedJoinColumn()
2026-02-10 08:54:47 - Binding column: AnnotatedJoinColumn()
2026-02-10 08:54:47 - Collection role: com.mvgore.garageapi.entity.Garage.services
2026-02-10 08:54:47 - Building property services
2026-02-10 08:54:47 - HHH000194: Package not found or wo package-info.java: com.mvgore.garageapi.entity
2026-02-10 08:54:47 - Binding entity from annotated class: com.mvgore.garageapi.entity.GarageServiceEntity
2026-02-10 08:54:47 - Import with entity name GarageServiceEntity
2026-02-10 08:54:47 - Bind entity com.mvgore.garageapi.entity.GarageServiceEntity on table services
2026-02-10 08:54:47 - Binding column: AnnotatedDiscriminatorColumn(column='DTYPE')
2026-02-10 08:54:47 - Binding column: AnnotatedColumn()
2026-02-10 08:54:47 - Not known whether passed class name [com.mvgore.garageapi.entity.GarageServiceEntity] is safe
2026-02-10 08:54:47 - No temp ClassLoader provided; using live ClassLoader for loading potentially unsafe class : com.mvgore.garageapi.entity.GarageServiceEntity
2026-02-10 08:54:47 - MetadataSourceProcessor property id with lazy=false
2026-02-10 08:54:47 - Attempting to locate auto-apply AttributeConverter for property [com.mvgore.garageapi.entity.GarageServiceEntity:id]
2026-02-10 08:54:47 - building BasicValue for id
2026-02-10 08:54:47 - Skipping column re-registration: services.id
2026-02-10 08:54:47 - Building property id
2026-02-10 08:54:47 - #makeIdGenerator(BasicValue([Column(id)]), id, identity, , ...)
2026-02-10 08:54:47 - Binding column: AnnotatedColumn()
2026-02-10 08:54:47 - MetadataSourceProcessor property duration with lazy=false
2026-02-10 08:54:47 - Attempting to locate auto-apply AttributeConverter for property [com.mvgore.garageapi.entity.GarageServiceEntity:duration]
2026-02-10 08:54:47 - building BasicValue for duration
2026-02-10 08:54:47 - Skipping column re-registration: services.duration
2026-02-10 08:54:47 - Building property duration
2026-02-10 08:54:47 - Binding column: AnnotatedJoinColumn(column='garage_id')
2026-02-10 08:54:47 - Binding column: AnnotatedColumn()
2026-02-10 08:54:47 - Building property garage
2026-02-10 08:54:47 - Binding column: AnnotatedColumn()
2026-02-10 08:54:47 - MetadataSourceProcessor property name with lazy=false
2026-02-10 08:54:47 - Attempting to locate auto-apply AttributeConverter for property [com.mvgore.garageapi.entity.GarageServiceEntity:name]
2026-02-10 08:54:47 - building BasicValue for name
2026-02-10 08:54:47 - Skipping column re-registration: services.name
2026-02-10 08:54:47 - Building property name
2026-02-10 08:54:47 - Binding column: AnnotatedColumn()
2026-02-10 08:54:47 - MetadataSourceProcessor property price with lazy=false
2026-02-10 08:54:47 - Attempting to locate auto-apply AttributeConverter for property [com.mvgore.garageapi.entity.GarageServiceEntity:price]
2026-02-10 08:54:47 - building BasicValue for price
2026-02-10 08:54:47 - Skipping column re-registration: services.price
2026-02-10 08:54:47 - Building property price
2026-02-10 08:54:47 - HHH000194: Package not found or wo package-info.java: com.mvgore.garageapi.entity
2026-02-10 08:54:47 - Binding entity from annotated class: com.mvgore.garageapi.entity.User
2026-02-10 08:54:47 - Import with entity name User
2026-02-10 08:54:47 - Bind entity com.mvgore.garageapi.entity.User on table users
2026-02-10 08:54:47 - Binding column: AnnotatedDiscriminatorColumn(column='DTYPE')
2026-02-10 08:54:47 - Binding column: AnnotatedColumn()
2026-02-10 08:54:47 - Not known whether passed class name [com.mvgore.garageapi.entity.User] is safe
2026-02-10 08:54:47 - No temp ClassLoader provided; using live ClassLoader for loading potentially unsafe class : com.mvgore.garageapi.entity.User
2026-02-10 08:54:47 - MetadataSourceProcessor property id with lazy=false
2026-02-10 08:54:47 - Attempting to locate auto-apply AttributeConverter for property [com.mvgore.garageapi.entity.User:id]
2026-02-10 08:54:47 - building BasicValue for id
2026-02-10 08:54:47 - Skipping column re-registration: users.id
2026-02-10 08:54:47 - Building property id
2026-02-10 08:54:47 - #makeIdGenerator(BasicValue([Column(id)]), id, identity, , ...)
2026-02-10 08:54:47 - Binding column: AnnotatedJoinColumn()
2026-02-10 08:54:47 - Binding column: AnnotatedColumn()
2026-02-10 08:54:47 - Binding column: IndexColumn(column='bookings_ORDER')
2026-02-10 08:54:47 - Binding column: AnnotatedColumn()
2026-02-10 08:54:47 - Binding column: AnnotatedColumn(column='bookings_KEY')
2026-02-10 08:54:47 - Binding column: AnnotatedJoinColumn(column='bookings_KEY')
2026-02-10 08:54:47 - Binding column: AnnotatedJoinColumn()
2026-02-10 08:54:47 - Binding column: AnnotatedJoinColumn()
2026-02-10 08:54:47 - Collection role: com.mvgore.garageapi.entity.User.bookings
2026-02-10 08:54:47 - Building property bookings
2026-02-10 08:54:47 - Binding column: AnnotatedColumn()
2026-02-10 08:54:47 - MetadataSourceProcessor property email with lazy=false
2026-02-10 08:54:47 - Attempting to locate auto-apply AttributeConverter for property [com.mvgore.garageapi.entity.User:email]
2026-02-10 08:54:47 - building BasicValue for email
2026-02-10 08:54:47 - Skipping column re-registration: users.email
2026-02-10 08:54:47 - Building property email
2026-02-10 08:54:47 - Binding column: AnnotatedJoinColumn()
2026-02-10 08:54:47 - Binding column: AnnotatedColumn()
2026-02-10 08:54:47 - HikariPool-2 - Pool stats (total=1, active=0, idle=1, waiting=0)
2026-02-10 08:54:47 - Binding column: IndexColumn(column='garages_ORDER')
2026-02-10 08:54:47 - Binding column: AnnotatedColumn()
2026-02-10 08:54:47 - Binding column: AnnotatedColumn(column='garages_KEY')
2026-02-10 08:54:47 - Binding column: AnnotatedJoinColumn(column='garages_KEY')
2026-02-10 08:54:47 - HikariPool-2 - Added connection conn11: url=jdbc:h2:mem:garage_test user=SA
2026-02-10 08:54:47 - Binding column: AnnotatedJoinColumn()
2026-02-10 08:54:47 - Binding column: AnnotatedJoinColumn()
2026-02-10 08:54:47 - Collection role: com.mvgore.garageapi.entity.User.garages
2026-02-10 08:54:47 - Building property garages
2026-02-10 08:54:47 - Binding column: AnnotatedColumn()
2026-02-10 08:54:47 - MetadataSourceProcessor property name with lazy=false
2026-02-10 08:54:47 - Attempting to locate auto-apply AttributeConverter for property [com.mvgore.garageapi.entity.User:name]
2026-02-10 08:54:47 - building BasicValue for name
2026-02-10 08:54:47 - Skipping column re-registration: users.name
2026-02-10 08:54:47 - Building property name
2026-02-10 08:54:47 - Binding column: AnnotatedColumn()
2026-02-10 08:54:47 - MetadataSourceProcessor property password with lazy=false
2026-02-10 08:54:47 - Attempting to locate auto-apply AttributeConverter for property [com.mvgore.garageapi.entity.User:password]
2026-02-10 08:54:47 - building BasicValue for password
2026-02-10 08:54:47 - Skipping column re-registration: users.password
2026-02-10 08:54:47 - Building property password
2026-02-10 08:54:47 - Binding column: AnnotatedColumn()
2026-02-10 08:54:47 - MetadataSourceProcessor property role with lazy=false
2026-02-10 08:54:47 - Attempting to locate auto-apply AttributeConverter for property [com.mvgore.garageapi.entity.User:role]
2026-02-10 08:54:47 - building BasicValue for role
2026-02-10 08:54:47 - Skipping column re-registration: users.role
2026-02-10 08:54:47 - Building property role
2026-02-10 08:54:47 - HHH000194: Package not found or wo package-info.java: com.mvgore.garageapi.entity
2026-02-10 08:54:47 - Starting `BasicValueBinder#fillSimpleValue` for id
2026-02-10 08:54:47 - Starting `BasicValueBinder#fillSimpleValue` for bookingTime
2026-02-10 08:54:47 - Starting `BasicValueBinder#fillSimpleValue` for status
2026-02-10 08:54:47 - Starting `BasicValueBinder#fillSimpleValue` for id
2026-02-10 08:54:47 - Starting `BasicValueBinder#fillSimpleValue` for description
2026-02-10 08:54:47 - Starting `BasicValueBinder#fillSimpleValue` for location
2026-02-10 08:54:47 - Starting `BasicValueBinder#fillSimpleValue` for name
2026-02-10 08:54:47 - Starting `BasicValueBinder#fillSimpleValue` for priceRange
2026-02-10 08:54:47 - Starting `BasicValueBinder#fillSimpleValue` for id
2026-02-10 08:54:47 - Starting `BasicValueBinder#fillSimpleValue` for duration
2026-02-10 08:54:47 - Starting `BasicValueBinder#fillSimpleValue` for name
2026-02-10 08:54:47 - Starting `BasicValueBinder#fillSimpleValue` for price
2026-02-10 08:54:47 - Starting `BasicValueBinder#fillSimpleValue` for id
2026-02-10 08:54:47 - Starting `BasicValueBinder#fillSimpleValue` for email
2026-02-10 08:54:47 - Starting `BasicValueBinder#fillSimpleValue` for name
2026-02-10 08:54:47 - Starting `BasicValueBinder#fillSimpleValue` for password
2026-02-10 08:54:47 - Starting `BasicValueBinder#fillSimpleValue` for role
2026-02-10 08:54:47 - Forcing column [id] to be non-null as it is part of the primary key for table [bookings]
2026-02-10 08:54:47 - Forcing column [id] to be non-null as it is part of the primary key for table [garages]
2026-02-10 08:54:47 - Forcing column [id] to be non-null as it is part of the primary key for table [services]
2026-02-10 08:54:47 - Forcing column [id] to be non-null as it is part of the primary key for table [users]
2026-02-10 08:54:47 - Second pass for collection: com.mvgore.garageapi.entity.Garage.bookings
2026-02-10 08:54:47 - Binding a OneToMany: com.mvgore.garageapi.entity.Garage.bookings through a foreign key
2026-02-10 08:54:47 - Mapping collection: com.mvgore.garageapi.entity.Garage.bookings -> bookings
2026-02-10 08:54:47 - Retrieving property com.mvgore.garageapi.entity.Booking.garage
2026-02-10 08:54:47 - Mapped collection key: garage_id, one-to-many: com.mvgore.garageapi.entity.Booking
2026-02-10 08:54:47 - Second pass for collection: com.mvgore.garageapi.entity.Garage.services
2026-02-10 08:54:47 - Binding a OneToMany: com.mvgore.garageapi.entity.Garage.services through a foreign key
2026-02-10 08:54:47 - Mapping collection: com.mvgore.garageapi.entity.Garage.services -> services
2026-02-10 08:54:47 - Retrieving property com.mvgore.garageapi.entity.GarageServiceEntity.garage
2026-02-10 08:54:47 - Mapped collection key: garage_id, one-to-many: com.mvgore.garageapi.entity.GarageServiceEntity
2026-02-10 08:54:47 - Second pass for collection: com.mvgore.garageapi.entity.User.bookings
2026-02-10 08:54:47 - Binding a OneToMany: com.mvgore.garageapi.entity.User.bookings through a foreign key
2026-02-10 08:54:47 - Mapping collection: com.mvgore.garageapi.entity.User.bookings -> bookings
2026-02-10 08:54:47 - Retrieving property com.mvgore.garageapi.entity.Booking.customer
2026-02-10 08:54:47 - Mapped collection key: customer_id, one-to-many: com.mvgore.garageapi.entity.Booking
2026-02-10 08:54:47 - Second pass for collection: com.mvgore.garageapi.entity.User.garages
2026-02-10 08:54:47 - Binding a OneToMany: com.mvgore.garageapi.entity.User.garages through a foreign key
2026-02-10 08:54:47 - Mapping collection: com.mvgore.garageapi.entity.User.garages -> garages
2026-02-10 08:54:47 - Retrieving property com.mvgore.garageapi.entity.Garage.owner
2026-02-10 08:54:47 - Mapped collection key: owner_id, one-to-many: com.mvgore.garageapi.entity.Garage
2026-02-10 08:54:47 - Resolving reference to class: com.mvgore.garageapi.entity.User
2026-02-10 08:54:47 - Resolving reference to class: com.mvgore.garageapi.entity.Garage
2026-02-10 08:54:47 - Resolving reference to class: com.mvgore.garageapi.entity.GarageServiceEntity
2026-02-10 08:54:47 - Resolving reference to class: com.mvgore.garageapi.entity.User
2026-02-10 08:54:47 - Resolving reference to class: com.mvgore.garageapi.entity.Garage
2026-02-10 08:54:47 - HikariPool-2 - Added connection conn12: url=jdbc:h2:mem:garage_test user=SA
2026-02-10 08:54:47 - Resolving reference to class: com.mvgore.garageapi.entity.User
2026-02-10 08:54:47 - Resolving reference to class: com.mvgore.garageapi.entity.Garage
2026-02-10 08:54:47 - Resolving reference to class: com.mvgore.garageapi.entity.GarageServiceEntity
2026-02-10 08:54:47 - Resolving reference to class: com.mvgore.garageapi.entity.User
2026-02-10 08:54:47 - Resolving reference to class: com.mvgore.garageapi.entity.Garage
2026-02-10 08:54:47 - HHH000021: Bytecode provider: bytebuddy
2026-02-10 08:54:47 - Building session factory
2026-02-10 08:54:47 - EventListenerRegistry access via ServiceRegistry is deprecated.  Use `sessionFactory.getEventEngine().getListenerRegistry()` instead
2026-02-10 08:54:47 - Instantiating SessionFactory with settings: {hibernate.format_sql=true, java.specification.version=17, sun.cpu.isalist=amd64, hibernate.resource.beans.container=org.springframework.orm.hibernate5.SpringBeanContainer@39e16443, hibernate.connection.handling_mode=DELAYED_ACQUISITION_AND_HOLD, sun.jnu.encoding=Cp1252, hibernate.implicit_naming_strategy=org.springframework.boot.orm.jpa.hibernate.SpringImplicitNamingStrategy, java.class.path=C:\Users\Admin\Documents\VisualStudio Code\garage-booking-api\target\test-classes;C:\Users\Admin\Documents\VisualStudio Code\garage-booking-api\target\classes;C:\Users\Admin\.m2\repository\org\springframework\boot\spring-boot-starter-web\3.2.1\spring-boot-starter-web-3.2.1.jar;C:\Users\Admin\.m2\repository\org\springframework\boot\spring-boot-starter\3.2.1\spring-boot-starter-3.2.1.jar;C:\Users\Admin\.m2\repository\org\springframework\boot\spring-boot\3.2.1\spring-boot-3.2.1.jar;C:\Users\Admin\.m2\repository\org\springframework\boot\spring-boot-autoconfigure\3.2.1\spring-boot-autoconfigure-3.2.1.jar;C:\Users\Admin\.m2\repository\org\springframework\boot\spring-boot-starter-logging\3.2.1\spring-boot-starter-logging-3.2.1.jar;C:\Users\Admin\.m2\repository\ch\qos\logback\logback-classic\1.4.14\logback-classic-1.4.14.jar;C:\Users\Admin\.m2\repository\ch\qos\logback\logback-core\1.4.14\logback-core-1.4.14.jar;C:\Users\Admin\.m2\repository\org\apache\logging\log4j\log4j-to-slf4j\2.21.1\log4j-to-slf4j-2.21.1.jar;C:\Users\Admin\.m2\repository\org\apache\logging\log4j\log4j-api\2.21.1\log4j-api-2.21.1.jar;C:\Users\Admin\.m2\repository\org\slf4j\jul-to-slf4j\2.0.9\jul-to-slf4j-2.0.9.jar;C:\Users\Admin\.m2\repository\jakarta\annotation\jakarta.annotation-api\2.1.1\jakarta.annotation-api-2.1.1.jar;C:\Users\Admin\.m2\repository\org\springframework\boot\spring-boot-starter-json\3.2.1\spring-boot-starter-json-3.2.1.jar;C:\Users\Admin\.m2\repository\com\fasterxml\jackson\datatype\jackson-datatype-jdk8\2.15.3\jackson-datatype-jdk8-2.15.3.jar;C:\Users\Admin\.m2\repository\com\fasterxml\jackson\datatype\jackson-datatype-jsr310\2.15.3\jackson-datatype-jsr310-2.15.3.jar;C:\Users\Admin\.m2\repository\com\fasterxml\jackson\module\jackson-module-parameter-names\2.15.3\jackson-module-parameter-names-2.15.3.jar;C:\Users\Admin\.m2\repository\org\springframework\boot\spring-boot-starter-tomcat\3.2.1\spring-boot-starter-tomcat-3.2.1.jar;C:\Users\Admin\.m2\repository\org\apache\tomcat\embed\tomcat-embed-core\10.1.17\tomcat-embed-core-10.1.17.jar;C:\Users\Admin\.m2\repository\org\apache\tomcat\embed\tomcat-embed-el\10.1.17\tomcat-embed-el-10.1.17.jar;C:\Users\Admin\.m2\repository\org\apache\tomcat\embed\tomcat-embed-websocket\10.1.17\tomcat-embed-websocket-10.1.17.jar;C:\Users\Admin\.m2\repository\org\springframework\spring-web\6.1.2\spring-web-6.1.2.jar;C:\Users\Admin\.m2\repository\org\springframework\spring-beans\6.1.2\spring-beans-6.1.2.jar;C:\Users\Admin\.m2\repository\io\micrometer\micrometer-observation\1.12.1\micrometer-observation-1.12.1.jar;C:\Users\Admin\.m2\repository\io\micrometer\micrometer-commons\1.12.1\micrometer-commons-1.12.1.jar;C:\Users\Admin\.m2\repository\org\springframework\spring-webmvc\6.1.2\spring-webmvc-6.1.2.jar;C:\Users\Admin\.m2\repository\org\springframework\spring-context\6.1.2\spring-context-6.1.2.jar;C:\Users\Admin\.m2\repository\org\springframework\spring-expression\6.1.2\spring-expression-6.1.2.jar;C:\Users\Admin\.m2\repository\org\springframework\boot\spring-boot-starter-data-jpa\3.2.1\spring-boot-starter-data-jpa-3.2.1.jar;C:\Users\Admin\.m2\repository\org\springframework\boot\spring-boot-starter-aop\3.2.1\spring-boot-starter-aop-3.2.1.jar;C:\Users\Admin\.m2\repository\org\aspectj\aspectjweaver\1.9.21\aspectjweaver-1.9.21.jar;C:\Users\Admin\.m2\repository\org\springframework\boot\spring-boot-starter-jdbc\3.2.1\spring-boot-starter-jdbc-3.2.1.jar;C:\Users\Admin\.m2\repository\com\zaxxer\HikariCP\5.0.1\HikariCP-5.0.1.jar;C:\Users\Admin\.m2\repository\org\springframework\spring-jdbc\6.1.2\spring-jdbc-6.1.2.jar;C:\Users\Admin\.m2\repository\org\hibernate\orm\hibernate-core\6.4.1.Final\hibernate-core-6.4.1.Final.jar;C:\Users\Admin\.m2\repository\jakarta\persistence\jakarta.persistence-api\3.1.0\jakarta.persistence-api-3.1.0.jar;C:\Users\Admin\.m2\repository\jakarta\transaction\jakarta.transaction-api\2.0.1\jakarta.transaction-api-2.0.1.jar;C:\Users\Admin\.m2\repository\org\jboss\logging\jboss-logging\3.5.3.Final\jboss-logging-3.5.3.Final.jar;C:\Users\Admin\.m2\repository\org\hibernate\common\hibernate-commons-annotations\6.0.6.Final\hibernate-commons-annotations-6.0.6.Final.jar;C:\Users\Admin\.m2\repository\io\smallrye\jandex\3.1.2\jandex-3.1.2.jar;C:\Users\Admin\.m2\repository\com\fasterxml\classmate\1.6.0\classmate-1.6.0.jar;C:\Users\Admin\.m2\repository\net\bytebuddy\byte-buddy\1.14.10\byte-buddy-1.14.10.jar;C:\Users\Admin\.m2\repository\org\glassfish\jaxb\jaxb-runtime\4.0.4\jaxb-runtime-4.0.4.jar;C:\Users\Admin\.m2\repository\org\glassfish\jaxb\jaxb-core\4.0.4\jaxb-core-4.0.4.jar;C:\Users\Admin\.m2\repository\org\eclipse\angus\angus-activation\2.0.1\angus-activation-2.0.1.jar;C:\Users\Admin\.m2\repository\org\glassfish\jaxb\txw2\4.0.4\txw2-4.0.4.jar;C:\Users\Admin\.m2\repository\com\sun\istack\istack-commons-runtime\4.1.2\istack-commons-runtime-4.1.2.jar;C:\Users\Admin\.m2\repository\jakarta\inject\jakarta.inject-api\2.0.1\jakarta.inject-api-2.0.1.jar;C:\Users\Admin\.m2\repository\org\antlr\antlr4-runtime\4.13.0\antlr4-runtime-4.13.0.jar;C:\Users\Admin\.m2\repository\org\springframework\data\spring-data-jpa\3.2.1\spring-data-jpa-3.2.1.jar;C:\Users\Admin\.m2\repository\org\springframework\data\spring-data-commons\3.2.1\spring-data-commons-3.2.1.jar;C:\Users\Admin\.m2\repository\org\springframework\spring-orm\6.1.2\spring-orm-6.1.2.jar;C:\Users\Admin\.m2\repository\org\springframework\spring-tx\6.1.2\spring-tx-6.1.2.jar;C:\Users\Admin\.m2\repository\org\springframework\spring-aspects\6.1.2\spring-aspects-6.1.2.jar;C:\Users\Admin\.m2\repository\org\springframework\boot\spring-boot-starter-security\3.2.1\spring-boot-starter-security-3.2.1.jar;C:\Users\Admin\.m2\repository\org\springframework\spring-aop\6.1.2\spring-aop-6.1.2.jar;C:\Users\Admin\.m2\repository\org\springframework\security\spring-security-config\6.2.1\spring-security-config-6.2.1.jar;C:\Users\Admin\.m2\repository\org\springframework\security\spring-security-web\6.2.1\spring-security-web-6.2.1.jar;C:\Users\Admin\.m2\repository\org\postgresql\postgresql\42.2.20\postgresql-42.2.20.jar;C:\Users\Admin\.m2\repository\org\checkerframework\checker-qual\3.5.0\checker-qual-3.5.0.jar;C:\Users\Admin\.m2\repository\com\h2database\h2\2.2.224\h2-2.2.224.jar;C:\Users\Admin\.m2\repository\org\liquibase\liquibase-core\4.24.0\liquibase-core-4.24.0.jar;C:\Users\Admin\.m2\repository\com\opencsv\opencsv\5.8\opencsv-5.8.jar;C:\Users\Admin\.m2\repository\org\apache\commons\commons-lang3\3.13.0\commons-lang3-3.13.0.jar;C:\Users\Admin\.m2\repository\org\apache\commons\commons-text\1.10.0\commons-text-1.10.0.jar;C:\Users\Admin\.m2\repository\org\apache\commons\commons-collections4\4.4\commons-collections4-4.4.jar;C:\Users\Admin\.m2\repository\org\yaml\snakeyaml\2.2\snakeyaml-2.2.jar;C:\Users\Admin\.m2\repository\javax\xml\bind\jaxb-api\2.3.1\jaxb-api-2.3.1.jar;C:\Users\Admin\.m2\repository\org\projectlombok\lombok\1.18.30\lombok-1.18.30.jar;C:\Users\Admin\.m2\repository\io\jsonwebtoken\jjwt-api\0.11.5\jjwt-api-0.11.5.jar;C:\Users\Admin\.m2\repository\io\jsonwebtoken\jjwt-impl\0.11.5\jjwt-impl-0.11.5.jar;C:\Users\Admin\.m2\repository\io\jsonwebtoken\jjwt-jackson\0.11.5\jjwt-jackson-0.11.5.jar;C:\Users\Admin\.m2\repository\com\fasterxml\jackson\core\jackson-databind\2.15.3\jackson-databind-2.15.3.jar;C:\Users\Admin\.m2\repository\com\fasterxml\jackson\core\jackson-annotations\2.15.3\jackson-annotations-2.15.3.jar;C:\Users\Admin\.m2\repository\com\fasterxml\jackson\core\jackson-core\2.15.3\jackson-core-2.15.3.jar;C:\Users\Admin\.m2\repository\org\springframework\boot\spring-boot-starter-test\3.2.1\spring-boot-starter-test-3.2.1.jar;C:\Users\Admin\.m2\repository\org\springframework\boot\spring-boot-test\3.2.1\spring-boot-test-3.2.1.jar;C:\Users\Admin\.m2\repository\org\springframework\boot\spring-boot-test-autoconfigure\3.2.1\spring-boot-test-autoconfigure-3.2.1.jar;C:\Users\Admin\.m2\repository\com\jayway\jsonpath\json-path\2.8.0\json-path-2.8.0.jar;C:\Users\Admin\.m2\repository\jakarta\xml\bind\jakarta.xml.bind-api\4.0.1\jakarta.xml.bind-api-4.0.1.jar;C:\Users\Admin\.m2\repository\jakarta\activation\jakarta.activation-api\2.1.2\jakarta.activation-api-2.1.2.jar;C:\Users\Admin\.m2\repository\net\minidev\json-smart\2.5.0\json-smart-2.5.0.jar;C:\Users\Admin\.m2\repository\net\minidev\accessors-smart\2.5.0\accessors-smart-2.5.0.jar;C:\Users\Admin\.m2\repository\org\ow2\asm\asm\9.3\asm-9.3.jar;C:\Users\Admin\.m2\repository\org\assertj\assertj-core\3.24.2\assertj-core-3.24.2.jar;C:\Users\Admin\.m2\repository\org\awaitility\awaitility\4.2.0\awaitility-4.2.0.jar;C:\Users\Admin\.m2\repository\org\hamcrest\hamcrest\2.2\hamcrest-2.2.jar;C:\Users\Admin\.m2\repository\org\junit\jupiter\junit-jupiter\5.10.1\junit-jupiter-5.10.1.jar;C:\Users\Admin\.m2\repository\org\junit\jupiter\junit-jupiter-params\5.10.1\junit-jupiter-params-5.10.1.jar;C:\Users\Admin\.m2\repository\org\mockito\mockito-core\5.7.0\mockito-core-5.7.0.jar;C:\Users\Admin\.m2\repository\net\bytebuddy\byte-buddy-agent\1.14.10\byte-buddy-agent-1.14.10.jar;C:\Users\Admin\.m2\repository\org\objenesis\objenesis\3.3\objenesis-3.3.jar;C:\Users\Admin\.m2\repository\org\mockito\mockito-junit-jupiter\5.7.0\mockito-junit-jupiter-5.7.0.jar;C:\Users\Admin\.m2\repository\org\skyscreamer\jsonassert\1.5.1\jsonassert-1.5.1.jar;C:\Users\Admin\.m2\repository\com\vaadin\external\google\android-json\0.0.20131108.vaadin1\android-json-0.0.20131108.vaadin1.jar;C:\Users\Admin\.m2\repository\org\springframework\spring-core\6.1.2\spring-core-6.1.2.jar;C:\Users\Admin\.m2\repository\org\springframework\spring-jcl\6.1.2\spring-jcl-6.1.2.jar;C:\Users\Admin\.m2\repository\org\springframework\spring-test\6.1.2\spring-test-6.1.2.jar;C:\Users\Admin\.m2\repository\org\xmlunit\xmlunit-core\2.9.1\xmlunit-core-2.9.1.jar;C:\Users\Admin\.m2\repository\org\springframework\security\spring-security-test\6.2.1\spring-security-test-6.2.1.jar;C:\Users\Admin\.m2\repository\org\springframework\security\spring-security-core\6.2.1\spring-security-core-6.2.1.jar;C:\Users\Admin\.m2\repository\org\springframework\security\spring-security-crypto\6.2.1\spring-security-crypto-6.2.1.jar;C:\Users\Admin\.m2\repository\org\junit\jupiter\junit-jupiter-api\5.10.0\junit-jupiter-api-5.10.0.jar;C:\Users\Admin\.m2\repository\org\opentest4j\opentest4j\1.3.0\opentest4j-1.3.0.jar;C:\Users\Admin\.m2\repository\org\junit\platform\junit-platform-commons\1.10.1\junit-platform-commons-1.10.1.jar;C:\Users\Admin\.m2\repository\org\apiguardian\apiguardian-api\1.1.2\apiguardian-api-1.1.2.jar;C:\Users\Admin\.m2\repository\org\junit\jupiter\junit-jupiter-engine\5.10.0\junit-jupiter-engine-5.10.0.jar;C:\Users\Admin\.m2\repository\org\junit\platform\junit-platform-engine\1.10.1\junit-platform-engine-1.10.1.jar;C:\Users\Admin\.m2\repository\org\testcontainers\testcontainers\1.20.3\testcontainers-1.20.3.jar;C:\Users\Admin\.m2\repository\junit\junit\4.13.2\junit-4.13.2.jar;C:\Users\Admin\.m2\repository\org\hamcrest\hamcrest-core\2.2\hamcrest-core-2.2.jar;C:\Users\Admin\.m2\repository\org\slf4j\slf4j-api\2.0.9\slf4j-api-2.0.9.jar;C:\Users\Admin\.m2\repository\org\apache\commons\commons-compress\1.24.0\commons-compress-1.24.0.jar;C:\Users\Admin\.m2\repository\org\rnorth\duct-tape\duct-tape\1.0.8\duct-tape-1.0.8.jar;C:\Users\Admin\.m2\repository\org\jetbrains\annotations\17.0.0\annotations-17.0.0.jar;C:\Users\Admin\.m2\repository\com\github\docker-java\docker-java-api\3.4.0\docker-java-api-3.4.0.jar;C:\Users\Admin\.m2\repository\com\github\docker-java\docker-java-transport-zerodep\3.4.0\docker-java-transport-zerodep-3.4.0.jar;C:\Users\Admin\.m2\repository\com\github\docker-java\docker-java-transport\3.4.0\docker-java-transport-3.4.0.jar;C:\Users\Admin\.m2\repository\net\java\dev\jna\jna\5.13.0\jna-5.13.0.jar;C:\Users\Admin\.m2\repository\org\testcontainers\junit-jupiter\1.20.3\junit-jupiter-1.20.3.jar;C:\Users\Admin\.m2\repository\org\testcontainers\postgresql\1.20.3\postgresql-1.20.3.jar;C:\Users\Admin\.m2\repository\org\testcontainers\jdbc\1.20.3\jdbc-1.20.3.jar;C:\Users\Admin\.m2\repository\org\testcontainers\database-commons\1.20.3\database-commons-1.20.3.jar;, java.vm.vendor=Oracle Corporation, sun.arch.data.model=64, user.variant=, java.vendor.url=https://java.oracle.com/, user.timezone=Asia/Calcutta, jakarta.persistence.sharedCache.mode=UNSPECIFIED, org.jboss.logging.provider=slf4j, hibernate.jdbc.time_zone=UTC, java.vm.specification.version=17, os.name=Windows 10, jakarta.persistence.nonJtaDataSource=HikariDataSource (HikariPool-2), sun.java.launcher=SUN_STANDARD, user.country=IN, sun.boot.library.path=C:\Program Files\Java\jdk-17\bin, sun.java.command=C:\Users\Admin\AppData\Local\Temp\surefire13056370963483427124\surefirebooter-20260210085423728_3.jar C:\Users\Admin\AppData\Local\Temp\surefire13056370963483427124 2026-02-10T08-54-23_264-jvmRun1 surefire-20260210085423728_1tmp surefire_0-20260210085423728_2tmp, javax.persistence.nonJtaDataSource=HikariDataSource (HikariPool-2), hibernate.use_sql_comments=true, hibernate.transaction.jta.platform=org.hibernate.engine.transaction.jta.platform.internal.NoJtaPlatform@5c97d5d, jdk.debug=release, surefire.test.class.path=C:\Users\Admin\Documents\VisualStudio Code\garage-booking-api\target\test-classes;C:\Users\Admin\Documents\VisualStudio Code\garage-booking-api\target\classes;C:\Users\Admin\.m2\repository\org\springframework\boot\spring-boot-starter-web\3.2.1\spring-boot-starter-web-3.2.1.jar;C:\Users\Admin\.m2\repository\org\springframework\boot\spring-boot-starter\3.2.1\spring-boot-starter-3.2.1.jar;C:\Users\Admin\.m2\repository\org\springframework\boot\spring-boot\3.2.1\spring-boot-3.2.1.jar;C:\Users\Admin\.m2\repository\org\springframework\boot\spring-boot-autoconfigure\3.2.1\spring-boot-autoconfigure-3.2.1.jar;C:\Users\Admin\.m2\repository\org\springframework\boot\spring-boot-starter-logging\3.2.1\spring-boot-starter-logging-3.2.1.jar;C:\Users\Admin\.m2\repository\ch\qos\logback\logback-classic\1.4.14\logback-classic-1.4.14.jar;C:\Users\Admin\.m2\repository\ch\qos\logback\logback-core\1.4.14\logback-core-1.4.14.jar;C:\Users\Admin\.m2\repository\org\apache\logging\log4j\log4j-to-slf4j\2.21.1\log4j-to-slf4j-2.21.1.jar;C:\Users\Admin\.m2\repository\org\apache\logging\log4j\log4j-api\2.21.1\log4j-api-2.21.1.jar;C:\Users\Admin\.m2\repository\org\slf4j\jul-to-slf4j\2.0.9\jul-to-slf4j-2.0.9.jar;C:\Users\Admin\.m2\repository\jakarta\annotation\jakarta.annotation-api\2.1.1\jakarta.annotation-api-2.1.1.jar;C:\Users\Admin\.m2\repository\org\springframework\boot\spring-boot-starter-json\3.2.1\spring-boot-starter-json-3.2.1.jar;C:\Users\Admin\.m2\repository\com\fasterxml\jackson\datatype\jackson-datatype-jdk8\2.15.3\jackson-datatype-jdk8-2.15.3.jar;C:\Users\Admin\.m2\repository\com\fasterxml\jackson\datatype\jackson-datatype-jsr310\2.15.3\jackson-datatype-jsr310-2.15.3.jar;C:\Users\Admin\.m2\repository\com\fasterxml\jackson\module\jackson-module-parameter-names\2.15.3\jackson-module-parameter-names-2.15.3.jar;C:\Users\Admin\.m2\repository\org\springframework\boot\spring-boot-starter-tomcat\3.2.1\spring-boot-starter-tomcat-3.2.1.jar;C:\Users\Admin\.m2\repository\org\apache\tomcat\embed\tomcat-embed-core\10.1.17\tomcat-embed-core-10.1.17.jar;C:\Users\Admin\.m2\repository\org\apache\tomcat\embed\tomcat-embed-el\10.1.17\tomcat-embed-el-10.1.17.jar;C:\Users\Admin\.m2\repository\org\apache\tomcat\embed\tomcat-embed-websocket\10.1.17\tomcat-embed-websocket-10.1.17.jar;C:\Users\Admin\.m2\repository\org\springframework\spring-web\6.1.2\spring-web-6.1.2.jar;C:\Users\Admin\.m2\repository\org\springframework\spring-beans\6.1.2\spring-beans-6.1.2.jar;C:\Users\Admin\.m2\repository\io\micrometer\micrometer-observation\1.12.1\micrometer-observation-1.12.1.jar;C:\Users\Admin\.m2\repository\io\micrometer\micrometer-commons\1.12.1\micrometer-commons-1.12.1.jar;C:\Users\Admin\.m2\repository\org\springframework\spring-webmvc\6.1.2\spring-webmvc-6.1.2.jar;C:\Users\Admin\.m2\repository\org\springframework\spring-context\6.1.2\spring-context-6.1.2.jar;C:\Users\Admin\.m2\repository\org\springframework\spring-expression\6.1.2\spring-expression-6.1.2.jar;C:\Users\Admin\.m2\repository\org\springframework\boot\spring-boot-starter-data-jpa\3.2.1\spring-boot-starter-data-jpa-3.2.1.jar;C:\Users\Admin\.m2\repository\org\springframework\boot\spring-boot-starter-aop\3.2.1\spring-boot-starter-aop-3.2.1.jar;C:\Users\Admin\.m2\repository\org\aspectj\aspectjweaver\1.9.21\aspectjweaver-1.9.21.jar;C:\Users\Admin\.m2\repository\org\springframework\boot\spring-boot-starter-jdbc\3.2.1\spring-boot-starter-jdbc-3.2.1.jar;C:\Users\Admin\.m2\repository\com\zaxxer\HikariCP\5.0.1\HikariCP-5.0.1.jar;C:\Users\Admin\.m2\repository\org\springframework\spring-jdbc\6.1.2\spring-jdbc-6.1.2.jar;C:\Users\Admin\.m2\repository\org\hibernate\orm\hibernate-core\6.4.1.Final\hibernate-core-6.4.1.Final.jar;C:\Users\Admin\.m2\repository\jakarta\persistence\jakarta.persistence-api\3.1.0\jakarta.persistence-api-3.1.0.jar;C:\Users\Admin\.m2\repository\jakarta\transaction\jakarta.transaction-api\2.0.1\jakarta.transaction-api-2.0.1.jar;C:\Users\Admin\.m2\repository\org\jboss\logging\jboss-logging\3.5.3.Final\jboss-logging-3.5.3.Final.jar;C:\Users\Admin\.m2\repository\org\hibernate\common\hibernate-commons-annotations\6.0.6.Final\hibernate-commons-annotations-6.0.6.Final.jar;C:\Users\Admin\.m2\repository\io\smallrye\jandex\3.1.2\jandex-3.1.2.jar;C:\Users\Admin\.m2\repository\com\fasterxml\classmate\1.6.0\classmate-1.6.0.jar;C:\Users\Admin\.m2\repository\net\bytebuddy\byte-buddy\1.14.10\byte-buddy-1.14.10.jar;C:\Users\Admin\.m2\repository\org\glassfish\jaxb\jaxb-runtime\4.0.4\jaxb-runtime-4.0.4.jar;C:\Users\Admin\.m2\repository\org\glassfish\jaxb\jaxb-core\4.0.4\jaxb-core-4.0.4.jar;C:\Users\Admin\.m2\repository\org\eclipse\angus\angus-activation\2.0.1\angus-activation-2.0.1.jar;C:\Users\Admin\.m2\repository\org\glassfish\jaxb\txw2\4.0.4\txw2-4.0.4.jar;C:\Users\Admin\.m2\repository\com\sun\istack\istack-commons-runtime\4.1.2\istack-commons-runtime-4.1.2.jar;C:\Users\Admin\.m2\repository\jakarta\inject\jakarta.inject-api\2.0.1\jakarta.inject-api-2.0.1.jar;C:\Users\Admin\.m2\repository\org\antlr\antlr4-runtime\4.13.0\antlr4-runtime-4.13.0.jar;C:\Users\Admin\.m2\repository\org\springframework\data\spring-data-jpa\3.2.1\spring-data-jpa-3.2.1.jar;C:\Users\Admin\.m2\repository\org\springframework\data\spring-data-commons\3.2.1\spring-data-commons-3.2.1.jar;C:\Users\Admin\.m2\repository\org\springframework\spring-orm\6.1.2\spring-orm-6.1.2.jar;C:\Users\Admin\.m2\repository\org\springframework\spring-tx\6.1.2\spring-tx-6.1.2.jar;C:\Users\Admin\.m2\repository\org\springframework\spring-aspects\6.1.2\spring-aspects-6.1.2.jar;C:\Users\Admin\.m2\repository\org\springframework\boot\spring-boot-starter-security\3.2.1\spring-boot-starter-security-3.2.1.jar;C:\Users\Admin\.m2\repository\org\springframework\spring-aop\6.1.2\spring-aop-6.1.2.jar;C:\Users\Admin\.m2\repository\org\springframework\security\spring-security-config\6.2.1\spring-security-config-6.2.1.jar;C:\Users\Admin\.m2\repository\org\springframework\security\spring-security-web\6.2.1\spring-security-web-6.2.1.jar;C:\Users\Admin\.m2\repository\org\postgresql\postgresql\42.2.20\postgresql-42.2.20.jar;C:\Users\Admin\.m2\repository\org\checkerframework\checker-qual\3.5.0\checker-qual-3.5.0.jar;C:\Users\Admin\.m2\repository\com\h2database\h2\2.2.224\h2-2.2.224.jar;C:\Users\Admin\.m2\repository\org\liquibase\liquibase-core\4.24.0\liquibase-core-4.24.0.jar;C:\Users\Admin\.m2\repository\com\opencsv\opencsv\5.8\opencsv-5.8.jar;C:\Users\Admin\.m2\repository\org\apache\commons\commons-lang3\3.13.0\commons-lang3-3.13.0.jar;C:\Users\Admin\.m2\repository\org\apache\commons\commons-text\1.10.0\commons-text-1.10.0.jar;C:\Users\Admin\.m2\repository\org\apache\commons\commons-collections4\4.4\commons-collections4-4.4.jar;C:\Users\Admin\.m2\repository\org\yaml\snakeyaml\2.2\snakeyaml-2.2.jar;C:\Users\Admin\.m2\repository\javax\xml\bind\jaxb-api\2.3.1\jaxb-api-2.3.1.jar;C:\Users\Admin\.m2\repository\org\projectlombok\lombok\1.18.30\lombok-1.18.30.jar;C:\Users\Admin\.m2\repository\io\jsonwebtoken\jjwt-api\0.11.5\jjwt-api-0.11.5.jar;C:\Users\Admin\.m2\repository\io\jsonwebtoken\jjwt-impl\0.11.5\jjwt-impl-0.11.5.jar;C:\Users\Admin\.m2\repository\io\jsonwebtoken\jjwt-jackson\0.11.5\jjwt-jackson-0.11.5.jar;C:\Users\Admin\.m2\repository\com\fasterxml\jackson\core\jackson-databind\2.15.3\jackson-databind-2.15.3.jar;C:\Users\Admin\.m2\repository\com\fasterxml\jackson\core\jackson-annotations\2.15.3\jackson-annotations-2.15.3.jar;C:\Users\Admin\.m2\repository\com\fasterxml\jackson\core\jackson-core\2.15.3\jackson-core-2.15.3.jar;C:\Users\Admin\.m2\repository\org\springframework\boot\spring-boot-starter-test\3.2.1\spring-boot-starter-test-3.2.1.jar;C:\Users\Admin\.m2\repository\org\springframework\boot\spring-boot-test\3.2.1\spring-boot-test-3.2.1.jar;C:\Users\Admin\.m2\repository\org\springframework\boot\spring-boot-test-autoconfigure\3.2.1\spring-boot-test-autoconfigure-3.2.1.jar;C:\Users\Admin\.m2\repository\com\jayway\jsonpath\json-path\2.8.0\json-path-2.8.0.jar;C:\Users\Admin\.m2\repository\jakarta\xml\bind\jakarta.xml.bind-api\4.0.1\jakarta.xml.bind-api-4.0.1.jar;C:\Users\Admin\.m2\repository\jakarta\activation\jakarta.activation-api\2.1.2\jakarta.activation-api-2.1.2.jar;C:\Users\Admin\.m2\repository\net\minidev\json-smart\2.5.0\json-smart-2.5.0.jar;C:\Users\Admin\.m2\repository\net\minidev\accessors-smart\2.5.0\accessors-smart-2.5.0.jar;C:\Users\Admin\.m2\repository\org\ow2\asm\asm\9.3\asm-9.3.jar;C:\Users\Admin\.m2\repository\org\assertj\assertj-core\3.24.2\assertj-core-3.24.2.jar;C:\Users\Admin\.m2\repository\org\awaitility\awaitility\4.2.0\awaitility-4.2.0.jar;C:\Users\Admin\.m2\repository\org\hamcrest\hamcrest\2.2\hamcrest-2.2.jar;C:\Users\Admin\.m2\repository\org\junit\jupiter\junit-jupiter\5.10.1\junit-jupiter-5.10.1.jar;C:\Users\Admin\.m2\repository\org\junit\jupiter\junit-jupiter-params\5.10.1\junit-jupiter-params-5.10.1.jar;C:\Users\Admin\.m2\repository\org\mockito\mockito-core\5.7.0\mockito-core-5.7.0.jar;C:\Users\Admin\.m2\repository\net\bytebuddy\byte-buddy-agent\1.14.10\byte-buddy-agent-1.14.10.jar;C:\Users\Admin\.m2\repository\org\objenesis\objenesis\3.3\objenesis-3.3.jar;C:\Users\Admin\.m2\repository\org\mockito\mockito-junit-jupiter\5.7.0\mockito-junit-jupiter-5.7.0.jar;C:\Users\Admin\.m2\repository\org\skyscreamer\jsonassert\1.5.1\jsonassert-1.5.1.jar;C:\Users\Admin\.m2\repository\com\vaadin\external\google\android-json\0.0.20131108.vaadin1\android-json-0.0.20131108.vaadin1.jar;C:\Users\Admin\.m2\repository\org\springframework\spring-core\6.1.2\spring-core-6.1.2.jar;C:\Users\Admin\.m2\repository\org\springframework\spring-jcl\6.1.2\spring-jcl-6.1.2.jar;C:\Users\Admin\.m2\repository\org\springframework\spring-test\6.1.2\spring-test-6.1.2.jar;C:\Users\Admin\.m2\repository\org\xmlunit\xmlunit-core\2.9.1\xmlunit-core-2.9.1.jar;C:\Users\Admin\.m2\repository\org\springframework\security\spring-security-test\6.2.1\spring-security-test-6.2.1.jar;C:\Users\Admin\.m2\repository\org\springframework\security\spring-security-core\6.2.1\spring-security-core-6.2.1.jar;C:\Users\Admin\.m2\repository\org\springframework\security\spring-security-crypto\6.2.1\spring-security-crypto-6.2.1.jar;C:\Users\Admin\.m2\repository\org\junit\jupiter\junit-jupiter-api\5.10.0\junit-jupiter-api-5.10.0.jar;C:\Users\Admin\.m2\repository\org\opentest4j\opentest4j\1.3.0\opentest4j-1.3.0.jar;C:\Users\Admin\.m2\repository\org\junit\platform\junit-platform-commons\1.10.1\junit-platform-commons-1.10.1.jar;C:\Users\Admin\.m2\repository\org\apiguardian\apiguardian-api\1.1.2\apiguardian-api-1.1.2.jar;C:\Users\Admin\.m2\repository\org\junit\jupiter\junit-jupiter-engine\5.10.0\junit-jupiter-engine-5.10.0.jar;C:\Users\Admin\.m2\repository\org\junit\platform\junit-platform-engine\1.10.1\junit-platform-engine-1.10.1.jar;C:\Users\Admin\.m2\repository\org\testcontainers\testcontainers\1.20.3\testcontainers-1.20.3.jar;C:\Users\Admin\.m2\repository\junit\junit\4.13.2\junit-4.13.2.jar;C:\Users\Admin\.m2\repository\org\hamcrest\hamcrest-core\2.2\hamcrest-core-2.2.jar;C:\Users\Admin\.m2\repository\org\slf4j\slf4j-api\2.0.9\slf4j-api-2.0.9.jar;C:\Users\Admin\.m2\repository\org\apache\commons\commons-compress\1.24.0\commons-compress-1.24.0.jar;C:\Users\Admin\.m2\repository\org\rnorth\duct-tape\duct-tape\1.0.8\duct-tape-1.0.8.jar;C:\Users\Admin\.m2\repository\org\jetbrains\annotations\17.0.0\annotations-17.0.0.jar;C:\Users\Admin\.m2\repository\com\github\docker-java\docker-java-api\3.4.0\docker-java-api-3.4.0.jar;C:\Users\Admin\.m2\repository\com\github\docker-java\docker-java-transport-zerodep\3.4.0\docker-java-transport-zerodep-3.4.0.jar;C:\Users\Admin\.m2\repository\com\github\docker-java\docker-java-transport\3.4.0\docker-java-transport-3.4.0.jar;C:\Users\Admin\.m2\repository\net\java\dev\jna\jna\5.13.0\jna-5.13.0.jar;C:\Users\Admin\.m2\repository\org\testcontainers\junit-jupiter\1.20.3\junit-jupiter-1.20.3.jar;C:\Users\Admin\.m2\repository\org\testcontainers\postgresql\1.20.3\postgresql-1.20.3.jar;C:\Users\Admin\.m2\repository\org\testcontainers\jdbc\1.20.3\jdbc-1.20.3.jar;C:\Users\Admin\.m2\repository\org\testcontainers\database-commons\1.20.3\database-commons-1.20.3.jar;, sun.cpu.endian=little, hibernate.cdi.extensions=true, user.home=C:\Users\Admin, user.language=en, java.specification.vendor=Oracle Corporation, java.version.date=2024-07-16, java.home=C:\Program Files\Java\jdk-17, file.separator=\, basedir=C:\Users\Admin\Documents\VisualStudio Code\garage-booking-api, java.vm.compressedOopsMode=Zero based, line.separator=
, hibernate.persistenceUnitName=default, java.vm.specification.vendor=Oracle Corporation, java.specification.name=Java Platform API Specification, FILE_LOG_CHARSET=windows-1252, hibernate.transaction.coordinator_class=class org.hibernate.resource.transaction.backend.jdbc.internal.JdbcResourceLocalTransactionCoordinatorBuilderImpl, java.awt.headless=true, surefire.real.class.path=C:\Users\Admin\AppData\Local\Temp\surefire13056370963483427124\surefirebooter-20260210085423728_3.jar, jakarta.persistence.validation.mode=AUTO, hibernate.hbm2ddl.auto=create-drop, user.script=, sun.management.compiler=HotSpot 64-Bit Tiered Compilers, java.runtime.version=17.0.12+8-LTS-286, user.name=Admin, path.separator=;, os.version=10.0, java.runtime.name=Java(TM) SE Runtime Environment, file.encoding=Cp1252, java.vm.name=Java HotSpot(TM) 64-Bit Server VM, hibernate.show_sql=true, LOG_FILE=logs/application.log, localRepository=C:\Users\Admin\.m2\repository, java.vendor.url.bug=https://bugreport.java.com/bugreport/, java.io.tmpdir=C:\Users\Admin\AppData\Local\Temp\, java.version=17.0.12, hibernate.physical_naming_strategy=org.hibernate.boot.model.naming.CamelCaseToUnderscoresNamingStrategy, user.dir=C:\Users\Admin\Documents\VisualStudio Code\garage-booking-api, os.arch=amd64, java.vm.specification.name=Java Virtual Machine Specification, PID=13792, sun.os.patch.level=, CONSOLE_LOG_CHARSET=windows-1252, hibernate.boot.CfgXmlAccessService.key=org.hibernate.boot.registry.StandardServiceRegistryBuilder$1@49bc9588, native.encoding=Cp1252, java.library.path=C:\Program Files\Java\jdk-17\bin;C:\Windows\Sun\Java\bin;C:\Windows\system32;C:\Windows;c:\Users\Admin\AppData\Roaming\Code\User\globalStorage\github.copilot-chat\debugCommand;c:\Users\Admin\AppData\Roaming\Code\User\globalStorage\github.copilot-chat\copilotCli;C:\Program Files\Java\jdk-17\bin;C:\Program Files (x86)\Common Files\Oracle\Java\javapath;C:\Windows\system32;C:\Windows;C:\Program Files\PostgreSQL\15\bin;C:\Windows\System32\Wbem;C:\Windows\System32\WindowsPowerShell\v1.0\;C:\Windows\System32\OpenSSH\;C:\Program Files\Git\cmd;C:\Program Files\Git\bin;C:\apache-maven-3.9.12\bin;C:\Program Files\Docker\Docker\resources\bin;C:\Program Files\nodejs\;C:\Program Files\MySQL\MySQL Shell 8.0\bin\;C:\Users\Admin\AppData\Local\Microsoft\WindowsApps;C:\Users\Admin\AppData\Local\Programs\Microsoft VS Code\bin;C:\Users\Admin\AppData\Roaming\npm;c:\Users\Admin\.vscode\extensions\vscjava.vscode-java-debug-0.58.5\bundled\scripts\noConfigScripts;., java.vendor=Oracle Corporation, java.vm.info=mixed mode, sharing, java.vm.version=17.0.12+8-LTS-286, sun.io.unicode.encoding=UnicodeLittle, hibernate.archive.scanner=org.hibernate.boot.archive.scan.internal.DisabledScanner, hibernate.connection.datasource=HikariDataSource (HikariPool-2), CONSOLE_LOG_PATTERN=%d{yyyy-MM-dd HH:mm:ss} - %msg%n, java.class.version=61.0}
2026-02-10 08:54:47 - HikariPool-2 - Added connection conn13: url=jdbc:h2:mem:garage_test user=SA
2026-02-10 08:54:47 - Session factory constructed with filter configurations : {}
2026-02-10 08:54:47 - Registered SqmFunctionTemplate [NamedSqmFunctionTemplate(max)] under max; prior registration was null
2026-02-10 08:54:47 - Registered SqmFunctionTemplate [NamedSqmFunctionTemplate(min)] under min; prior registration was null
2026-02-10 08:54:47 - Registered SqmFunctionTemplate [NamedSqmFunctionTemplate(sum)] under sum; prior registration was null
2026-02-10 08:54:47 - Registered SqmFunctionTemplate [NamedSqmFunctionTemplate(avg)] under avg; prior registration was null
2026-02-10 08:54:47 - Registered SqmFunctionTemplate [org.hibernate.dialect.function.CountFunction@7b9c54c7] under count; prior registration was null
2026-02-10 08:54:47 - Registered SqmFunctionTemplate [org.hibernate.dialect.function.EveryAnyEmulation@496de48b] under every; prior registration was null
2026-02-10 08:54:47 - Registered SqmFunctionTemplate [org.hibernate.dialect.function.EveryAnyEmulation@7005b6e] under any; prior registration was null
2026-02-10 08:54:47 - Registered SqmFunctionTemplate [NamedSqmFunctionTemplate(floor)] under floor; prior registration was null
2026-02-10 08:54:47 - Registered SqmFunctionTemplate [NamedSqmFunctionTemplate(ceiling)] under ceiling; prior registration was null
2026-02-10 08:54:47 - Registered SqmFunctionTemplate [NamedSqmFunctionTemplate(mod)] under mod; prior registration was null
2026-02-10 08:54:47 - Registered SqmFunctionTemplate [NamedSqmFunctionTemplate(abs)] under abs; prior registration was null
2026-02-10 08:54:47 - Registered SqmFunctionTemplate [NamedSqmFunctionTemplate(sign)] under sign; prior registration was null
2026-02-10 08:54:47 - Registered SqmFunctionTemplate [NamedSqmFunctionTemplate(sqrt)] under sqrt; prior registration was null
2026-02-10 08:54:47 - Registered SqmFunctionTemplate [NamedSqmFunctionTemplate(ln)] under ln; prior registration was null
2026-02-10 08:54:47 - Registered SqmFunctionTemplate [NamedSqmFunctionTemplate(exp)] under exp; prior registration was null
2026-02-10 08:54:47 - Registered SqmFunctionTemplate [NamedSqmFunctionTemplate(power)] under power; prior registration was null
2026-02-10 08:54:47 - Registered SqmFunctionTemplate [NamedSqmFunctionTemplate(round)] under round; prior registration was null
2026-02-10 08:54:47 - Registered SqmFunctionTemplate [NamedSqmFunctionTemplate(sin)] under sin; prior registration was null
2026-02-10 08:54:47 - Registered SqmFunctionTemplate [NamedSqmFunctionTemplate(cos)] under cos; prior registration was null
2026-02-10 08:54:47 - Registered SqmFunctionTemplate [NamedSqmFunctionTemplate(tan)] under tan; prior registration was null
2026-02-10 08:54:47 - Registered SqmFunctionTemplate [NamedSqmFunctionTemplate(asin)] under asin; prior registration was null
2026-02-10 08:54:47 - Registered SqmFunctionTemplate [NamedSqmFunctionTemplate(acos)] under acos; prior registration was null
2026-02-10 08:54:47 - Registered SqmFunctionTemplate [NamedSqmFunctionTemplate(atan)] under atan; prior registration was null
2026-02-10 08:54:47 - Registered SqmFunctionTemplate [NamedSqmFunctionTemplate(atan2)] under atan2; prior registration was null
2026-02-10 08:54:47 - Registered SqmFunctionTemplate [org.hibernate.query.sqm.function.PatternBasedSqmFunctionDescriptor@2a3d9ed3] under sinh; prior registration was null
2026-02-10 08:54:47 - Registered SqmFunctionTemplate [org.hibernate.query.sqm.function.PatternBasedSqmFunctionDescriptor@339ecd3f] under cosh; prior registration was null
2026-02-10 08:54:47 - Registered SqmFunctionTemplate [org.hibernate.query.sqm.function.PatternBasedSqmFunctionDescriptor@15f12e7b] under tanh; prior registration was null
2026-02-10 08:54:47 - Registered SqmFunctionTemplate [org.hibernate.query.sqm.function.PatternBasedSqmFunctionDescriptor@102fcc80] under pi; prior registration was null
2026-02-10 08:54:47 - Registered SqmFunctionTemplate [org.hibernate.query.sqm.function.PatternBasedSqmFunctionDescriptor@56221350] under log; prior registration was null
2026-02-10 08:54:47 - Registered SqmFunctionTemplate [NamedSqmFunctionTemplate(coalesce)] under coalesce; prior registration was null
2026-02-10 08:54:47 - Registered SqmFunctionTemplate [NamedSqmFunctionTemplate(nullif)] under nullif; prior registration was null
2026-02-10 08:54:47 - Registered SqmFunctionTemplate [NamedSqmFunctionTemplate(left)] under left; prior registration was null
2026-02-10 08:54:47 - Registered SqmFunctionTemplate [NamedSqmFunctionTemplate(right)] under right; prior registration was null
2026-02-10 08:54:47 - Registered SqmFunctionTemplate [NamedSqmFunctionTemplate(replace)] under replace; prior registration was null
2026-02-10 08:54:47 - Registered SqmFunctionTemplate [NamedSqmFunctionTemplate(concat)] under concat; prior registration was null
2026-02-10 08:54:47 - Registered SqmFunctionTemplate [NamedSqmFunctionTemplate(lower)] under lower; prior registration was null
2026-02-10 08:54:47 - Registered SqmFunctionTemplate [NamedSqmFunctionTemplate(upper)] under upper; prior registration was null
2026-02-10 08:54:47 - Registered SqmFunctionTemplate [NamedSqmFunctionTemplate(substring)] under substring; prior registration was null
2026-02-10 08:54:47 - Registered SqmFunctionTemplate [NamedSqmFunctionTemplate(locate)] under locate; prior registration was null
2026-02-10 08:54:47 - Registered SqmFunctionTemplate [NamedSqmFunctionTemplate(character_length)] under character_length; prior registration was null
2026-02-10 08:54:47 - Registering alternate key : length -> character_length
2026-02-10 08:54:47 - Registered SqmFunctionTemplate [org.hibernate.dialect.function.LocatePositionEmulation@1390db9e] under position; prior registration was null
2026-02-10 08:54:47 - Registered SqmFunctionTemplate [org.hibernate.dialect.function.InsertSubstringOverlayEmulation@f0ead61] under overlay; prior registration was null
2026-02-10 08:54:47 - Registered SqmFunctionTemplate [org.hibernate.dialect.function.TrimFunction@61ab2bcc] under trim; prior registration was null
2026-02-10 08:54:47 - Registered SqmFunctionTemplate [org.hibernate.dialect.function.CastFunction@27551c3a] under cast; prior registration was null
2026-02-10 08:54:47 - Registered SqmFunctionTemplate [org.hibernate.query.sqm.function.PatternBasedSqmFunctionDescriptor@328c6f65] under collate; prior registration was null
2026-02-10 08:54:47 - Registered SqmFunctionTemplate [org.hibernate.dialect.function.ExtractFunction@4893a9f0] under extract; prior registration was null
2026-02-10 08:54:47 - Registered SqmFunctionTemplate [NamedSqmFunctionTemplate(least)] under least; prior registration was null
2026-02-10 08:54:47 - Registered SqmFunctionTemplate [NamedSqmFunctionTemplate(greatest)] under greatest; prior registration was null
2026-02-10 08:54:47 - Registered SqmFunctionTemplate [org.hibernate.dialect.function.CoalesceIfnullEmulation@70de1e65] under ifnull; prior registration was null
2026-02-10 08:54:47 - Registered SqmFunctionTemplate [NamedSqmFunctionTemplate(lpad)] under lpad; prior registration was null
2026-02-10 08:54:47 - Registered SqmFunctionTemplate [NamedSqmFunctionTemplate(rpad)] under rpad; prior registration was null
2026-02-10 08:54:47 - Registered SqmFunctionTemplate [org.hibernate.dialect.function.LpadRpadPadEmulation@7f657888] under pad; prior registration was null
2026-02-10 08:54:47 - Registered SqmFunctionTemplate [org.hibernate.dialect.function.CastStrEmulation@2ec3d746] under str; prior registration was null
2026-02-10 08:54:47 - Registered SqmFunctionTemplate [org.hibernate.dialect.function.FormatFunction@7bca3747] under format; prior registration was null
[...]
2026-02-10 08:54:49 - Natively generated identity (com.mvgore.garageapi.entity.GarageServiceEntity) : 2
2026-02-10 08:54:49 - HHH000387: ResultSet's statement was not registered
2026-02-10 08:54:49 - Exception clearing maxRows/queryTimeout [The object is already closed [90007-224]]
2026-02-10 08:54:49 - committing
2026-02-10 08:54:49 - Processing flush-time cascades
2026-02-10 08:54:49 - Dirty checking collections
2026-02-10 08:54:49 - Flushed: 0 insertions, 0 updates, 0 deletions to 1 objects
2026-02-10 08:54:49 - Flushed: 0 (re)creations, 0 updates, 0 removals to 0 collections
2026-02-10 08:54:49 - Listing entities:
2026-02-10 08:54:49 - com.mvgore.garageapi.entity.GarageServiceEntity{duration=30, price=500.0, garage=com.mvgore.garageapi.entity.Garage#2, name=Oil Change, id=2}
2026-02-10 08:54:49 - Skipping reading Query result cache data: cache-enabled = false, cache-mode = NORMAL
2026-02-10 08:54:49 - Initializer list:
	  com.mvgore.garageapi.entity.Booking(b).garage -> EntitySelectFetchInitializer(com.mvgore.garageapi.entity.Booking(b).garage)@1011410827 (ToOneAttributeMapping(NavigableRole[com.mvgore.garageapi.entity.Booking.garage])@853725463)
	  com.mvgore.garageapi.entity.Booking(b).customer -> EntitySelectFetchInitializer(com.mvgore.garageapi.entity.Booking(b).customer)@334122903 (ToOneAttributeMapping(NavigableRole[com.mvgore.garageapi.entity.Booking.customer])@1869230993)
	  com.mvgore.garageapi.entity.Booking(b) -> EntityResultInitializer(com.mvgore.garageapi.entity.Booking(b))@1471935717 (SingleTableEntityPersister(com.mvgore.garageapi.entity.Booking))
	  com.mvgore.garageapi.entity.Booking(b).service -> EntitySelectFetchInitializer(com.mvgore.garageapi.entity.Booking(b).service)@274404071 (ToOneAttributeMapping(NavigableRole[com.mvgore.garageapi.entity.Booking.service])@1972575586)

2026-02-10 08:54:49 - 
    /* SELECT
        b 
    FROM
        Booking b 
    WHERE
        b.garage = :garage 
        AND b.bookingTime < :end 
        AND b.bookingTime >= :start */ select
            b1_0.id,
            b1_0.booking_time,
            b1_0.customer_id,
            b1_0.garage_id,
            b1_0.service_id,
            b1_0.status 
        from
            bookings b1_0 
        where
            b1_0.garage_id=? 
            and b1_0.booking_time<? 
            and b1_0.booking_time>=?
Hibernate: 
    /* SELECT
        b 
    FROM
        Booking b 
    WHERE
        b.garage = :garage 
        AND b.bookingTime < :end 
        AND b.bookingTime >= :start */ select
            b1_0.id,
            b1_0.booking_time,
            b1_0.customer_id,
            b1_0.garage_id,
            b1_0.service_id,
            b1_0.status 
        from
            bookings b1_0 
        where
            b1_0.garage_id=? 
            and b1_0.booking_time<? 
            and b1_0.booking_time>=?
2026-02-10 08:54:49 - On TransactionImpl creation, JpaCompliance#isJpaTransactionComplianceEnabled == false
2026-02-10 08:54:49 - begin
2026-02-10 08:54:49 - jakarta.persistence.PersistenceUnitUtil.getIdentifier is only intended to work with enhanced entities (although Hibernate also adapts this support to its proxies); however the passed entity was not enhanced (nor a proxy).. may not be able to read identifier
2026-02-10 08:54:49 - Executing identity-insert immediately
2026-02-10 08:54:49 - 
    /* insert for
        com.mvgore.garageapi.entity.Booking */insert 
    into
        bookings (booking_time, customer_id, garage_id, service_id, status, id) 
    values
        (?, ?, ?, ?, ?, default)
Hibernate: 
    /* insert for
        com.mvgore.garageapi.entity.Booking */insert 
    into
        bookings (booking_time, customer_id, garage_id, service_id, status, id) 
    values
        (?, ?, ?, ?, ?, default)
2026-02-10 08:54:49 - Natively generated identity (com.mvgore.garageapi.entity.Booking) : 2
2026-02-10 08:54:49 - HHH000387: ResultSet's statement was not registered
2026-02-10 08:54:49 - Exception clearing maxRows/queryTimeout [The object is already closed [90007-224]]
2026-02-10 08:54:49 - committing
2026-02-10 08:54:49 - Processing flush-time cascades
2026-02-10 08:54:49 - Dirty checking collections
2026-02-10 08:54:49 - Flushed: 0 insertions, 0 updates, 0 deletions to 1 objects
2026-02-10 08:54:49 - Flushed: 0 (re)creations, 0 updates, 0 removals to 0 collections
2026-02-10 08:54:49 - Listing entities:
2026-02-10 08:54:49 - com.mvgore.garageapi.entity.Booking{bookingTime=2026-02-10T10:00, service=com.mvgore.garageapi.entity.GarageServiceEntity#2, garage=com.mvgore.garageapi.entity.Garage#2, id=2, customer=com.mvgore.garageapi.entity.User#3, status=PENDING}
2026-02-10 08:54:49 - Skipping reading Query result cache data: cache-enabled = false, cache-mode = NORMAL
2026-02-10 08:54:49 - Initializer list:
	  com.mvgore.garageapi.entity.Booking(b).garage -> EntitySelectFetchInitializer(com.mvgore.garageapi.entity.Booking(b).garage)@473466627 (ToOneAttributeMapping(NavigableRole[com.mvgore.garageapi.entity.Booking.garage])@853725463)
	  com.mvgore.garageapi.entity.Booking(b).customer -> EntitySelectFetchInitializer(com.mvgore.garageapi.entity.Booking(b).customer)@1008511132 (ToOneAttributeMapping(NavigableRole[com.mvgore.garageapi.entity.Booking.customer])@1869230993)
	  com.mvgore.garageapi.entity.Booking(b) -> EntityResultInitializer(com.mvgore.garageapi.entity.Booking(b))@1326853624 (SingleTableEntityPersister(com.mvgore.garageapi.entity.Booking))
	  com.mvgore.garageapi.entity.Booking(b).service -> EntitySelectFetchInitializer(com.mvgore.garageapi.entity.Booking(b).service)@264958250 (ToOneAttributeMapping(NavigableRole[com.mvgore.garageapi.entity.Booking.service])@1972575586)

2026-02-10 08:54:49 - 
    /* SELECT
        b 
    FROM
        Booking b 
    WHERE
        b.garage = :garage 
        AND b.bookingTime < :end 
        AND b.bookingTime >= :start */ select
            b1_0.id,
            b1_0.booking_time,
            b1_0.customer_id,
            b1_0.garage_id,
            b1_0.service_id,
            b1_0.status 
        from
            bookings b1_0 
        where
            b1_0.garage_id=? 
            and b1_0.booking_time<? 
            and b1_0.booking_time>=?
Hibernate: 
    /* SELECT
        b 
    FROM
        Booking b 
    WHERE
        b.garage = :garage 
        AND b.bookingTime < :end 
        AND b.bookingTime >= :start */ select
            b1_0.id,
            b1_0.booking_time,
            b1_0.customer_id,
            b1_0.garage_id,
            b1_0.service_id,
            b1_0.status 
        from
            bookings b1_0 
        where
            b1_0.garage_id=? 
            and b1_0.booking_time<? 
            and b1_0.booking_time>=?
2026-02-10 08:54:49 - Extracted JDBC value [0] - [2]
2026-02-10 08:54:49 - (EntityResultInitializer) Hydrated EntityKey (com.mvgore.garageapi.entity.Booking(b)): 2
2026-02-10 08:54:49 - (EntityResultInitializer) Created new entity instance [com.mvgore.garageapi.entity.Booking(b)#2] : 1888809134
2026-02-10 08:54:49 - Extracted JDBC value [2] - [3]
2026-02-10 08:54:49 - Extracted JDBC value [3] - [2]
2026-02-10 08:54:49 - Extracted JDBC value [4] - [2]
2026-02-10 08:54:49 - (EntitySelectFetchInitializer) Invoking session#internalLoad for entity (com.mvgore.garageapi.entity.Booking(b).customer#3) : 3
2026-02-10 08:54:49 - Skipping reading Query result cache data: cache-enabled = false, cache-mode = IGNORE
2026-02-10 08:54:49 - Initializer list:
	  com.mvgore.garageapi.entity.User.bookings -> DelayedCollectionInitializer(com.mvgore.garageapi.entity.User.bookings)@672074807 (PluralAttribute(com.mvgore.garageapi.entity.User.bookings))
	  com.mvgore.garageapi.entity.User.garages -> DelayedCollectionInitializer(com.mvgore.garageapi.entity.User.garages)@1814259326 (PluralAttribute(com.mvgore.garageapi.entity.User.garages))
	  com.mvgore.garageapi.entity.User -> EntityResultInitializer(com.mvgore.garageapi.entity.User)@2030988974 (SingleTableEntityPersister(com.mvgore.garageapi.entity.User))

2026-02-10 08:54:49 - 
    select
        u1_0.id,
        u1_0.email,
        u1_0.name,
        u1_0.password,
        u1_0.role 
    from
        users u1_0 
    where
        u1_0.id=?
Hibernate: 
    select
        u1_0.id,
        u1_0.email,
        u1_0.name,
        u1_0.password,
        u1_0.role 
    from
        users u1_0 
    where
        u1_0.id=?
2026-02-10 08:54:49 - (EntityResultInitializer) Hydrated EntityKey (com.mvgore.garageapi.entity.User): 3
2026-02-10 08:54:49 - Extracted JDBC value [0] - [3]
2026-02-10 08:54:49 - (DelayedCollectionInitializer) Current row collection key : com.mvgore.garageapi.entity.User.bookings#3
2026-02-10 08:54:49 - Extracted JDBC value [0] - [3]
2026-02-10 08:54:49 - (DelayedCollectionInitializer) Current row collection key : com.mvgore.garageapi.entity.User.garages#3
2026-02-10 08:54:49 - (EntityResultInitializer) Created new entity instance [com.mvgore.garageapi.entity.User#3] : 152151757
2026-02-10 08:54:49 - Extracted JDBC value [1] - [customer@test.com]
2026-02-10 08:54:49 - Extracted JDBC value [2] - [Customer]
2026-02-10 08:54:49 - Extracted JDBC value [3] - [pass]
2026-02-10 08:54:49 - Extracted JDBC value [4] - [CUSTOMER]
2026-02-10 08:54:49 - (EntityResultInitializer) Done materializing entityInstance : com.mvgore.garageapi.entity.User#3
2026-02-10 08:54:49 - Calling top-level assembler (0 / 1) : org.hibernate.sql.results.graph.entity.internal.EntityAssembler@250284ae
2026-02-10 08:54:49 - (EntitySelectFetchInitializer) Entity [com.mvgore.garageapi.entity.Booking(b).customer#3] : 3 has being loaded by session.internalLoad.
2026-02-10 08:54:49 - (EntitySelectFetchInitializer) Invoking session#internalLoad for entity (com.mvgore.garageapi.entity.Booking(b).garage#2) : 2
2026-02-10 08:54:49 - Skipping reading Query result cache data: cache-enabled = false, cache-mode = IGNORE
2026-02-10 08:54:49 - Initializer list:
	  com.mvgore.garageapi.entity.Garage.services -> DelayedCollectionInitializer(com.mvgore.garageapi.entity.Garage.services)@564230413 (PluralAttribute(com.mvgore.garageapi.entity.Garage.services))
	  com.mvgore.garageapi.entity.Garage.owner -> EntityJoinedFetchInitializer(com.mvgore.garageapi.entity.Garage.owner)@618018140 (ToOneAttributeMapping(NavigableRole[com.mvgore.garageapi.entity.Garage.owner])@777823742)
	  com.mvgore.garageapi.entity.Garage.owner.bookings -> DelayedCollectionInitializer(com.mvgore.garageapi.entity.Garage.owner.bookings)@1776609547 (PluralAttribute(com.mvgore.garageapi.entity.User.bookings))
	  com.mvgore.garageapi.entity.Garage.owner.garages -> DelayedCollectionInitializer(com.mvgore.garageapi.entity.Garage.owner.garages)@1483880301 (PluralAttribute(com.mvgore.garageapi.entity.User.garages))
	  com.mvgore.garageapi.entity.Garage.bookings -> DelayedCollectionInitializer(com.mvgore.garageapi.entity.Garage.bookings)@1915835519 (PluralAttribute(com.mvgore.garageapi.entity.Garage.bookings))
	  com.mvgore.garageapi.entity.Garage -> EntityResultInitializer(com.mvgore.garageapi.entity.Garage)@1742267312 (SingleTableEntityPersister(com.mvgore.garageapi.entity.Garage))

2026-02-10 08:54:49 - 
    select
        g1_0.id,
        g1_0.description,
        g1_0.location,
        g1_0.name,
        g1_0.owner_id,
        o1_0.id,
        o1_0.email,
        o1_0.name,
        o1_0.password,
        o1_0.role,
        g1_0.price_range 
    from
        garages g1_0 
    join
        users o1_0 
            on o1_0.id=g1_0.owner_id 
    where
        g1_0.id=?
Hibernate: 
    select
        g1_0.id,
        g1_0.description,
        g1_0.location,
        g1_0.name,
        g1_0.owner_id,
        o1_0.id,
        o1_0.email,
        o1_0.name,
        o1_0.password,
        o1_0.role,
        g1_0.price_range 
    from
        garages g1_0 
    join
        users o1_0 
            on o1_0.id=g1_0.owner_id 
    where
        g1_0.id=?
2026-02-10 08:54:49 - Extracted JDBC value [5] - [4]
2026-02-10 08:54:49 - (EntityJoinedFetchInitializer) Hydrated EntityKey (com.mvgore.garageapi.entity.Garage.owner): 4
2026-02-10 08:54:49 - Extracted JDBC value [4] - [4]
2026-02-10 08:54:49 - (EntityResultInitializer) Hydrated EntityKey (com.mvgore.garageapi.entity.Garage): 2
2026-02-10 08:54:49 - Extracted JDBC value [0] - [2]
2026-02-10 08:54:49 - (DelayedCollectionInitializer) Current row collection key : com.mvgore.garageapi.entity.Garage.bookings#2
2026-02-10 08:54:49 - Extracted JDBC value [5] - [4]
2026-02-10 08:54:49 - (DelayedCollectionInitializer) Current row collection key : com.mvgore.garageapi.entity.Garage.owner.bookings#4
2026-02-10 08:54:49 - Extracted JDBC value [5] - [4]
2026-02-10 08:54:49 - (DelayedCollectionInitializer) Current row collection key : com.mvgore.garageapi.entity.Garage.owner.garages#4
2026-02-10 08:54:49 - Extracted JDBC value [0] - [2]
2026-02-10 08:54:49 - (DelayedCollectionInitializer) Current row collection key : com.mvgore.garageapi.entity.Garage.services#2
2026-02-10 08:54:49 - (EntityJoinedFetchInitializer) Created new entity instance [com.mvgore.garageapi.entity.Garage.owner#4] : 407917344
2026-02-10 08:54:49 - (EntityResultInitializer) Created new entity instance [com.mvgore.garageapi.entity.Garage#2] : 943060729
2026-02-10 08:54:49 - Extracted JDBC value [6] - [owner@test.com]
2026-02-10 08:54:49 - Extracted JDBC value [7] - [Owner]
2026-02-10 08:54:49 - Extracted JDBC value [8] - [pass]
2026-02-10 08:54:49 - Extracted JDBC value [9] - [GARAGE_OWNER]
2026-02-10 08:54:49 - (EntityJoinedFetchInitializer) Done materializing entityInstance : com.mvgore.garageapi.entity.Garage.owner#4
2026-02-10 08:54:49 - Extracted JDBC value [1] - [null]
2026-02-10 08:54:49 - Extracted JDBC value [2] - [Pune]
2026-02-10 08:54:49 - Extracted JDBC value [3] - [Garage]
2026-02-10 08:54:49 - Extracted JDBC value [10] - [null]
2026-02-10 08:54:49 - (EntityResultInitializer) Done materializing entityInstance : com.mvgore.garageapi.entity.Garage#2
2026-02-10 08:54:49 - Calling top-level assembler (0 / 1) : org.hibernate.sql.results.graph.entity.internal.EntityAssembler@f04b315
2026-02-10 08:54:49 - (EntitySelectFetchInitializer) Entity [com.mvgore.garageapi.entity.Booking(b).garage#2] : 2 has being loaded by session.internalLoad.
2026-02-10 08:54:49 - (EntitySelectFetchInitializer) Invoking session#internalLoad for entity (com.mvgore.garageapi.entity.Booking(b).service#2) : 2
2026-02-10 08:54:49 - Skipping reading Query result cache data: cache-enabled = false, cache-mode = IGNORE
2026-02-10 08:54:49 - Initializer list:
	  com.mvgore.garageapi.entity.GarageServiceEntity.garage.owner.garages -> DelayedCollectionInitializer(com.mvgore.garageapi.entity.GarageServiceEntity.garage.owner.garages)@2093457610 (PluralAttribute(com.mvgore.garageapi.entity.User.garages))
	  com.mvgore.garageapi.entity.GarageServiceEntity.garage -> EntityJoinedFetchInitializer(com.mvgore.garageapi.entity.GarageServiceEntity.garage)@158835918 (ToOneAttributeMapping(NavigableRole[com.mvgore.garageapi.entity.GarageServiceEntity.garage])@211087905)
	  com.mvgore.garageapi.entity.GarageServiceEntity.garage.services -> DelayedCollectionInitializer(com.mvgore.garageapi.entity.GarageServiceEntity.garage.services)@1180769252 (PluralAttribute(com.mvgore.garageapi.entity.Garage.services))
	  com.mvgore.garageapi.entity.GarageServiceEntity.garage.bookings -> DelayedCollectionInitializer(com.mvgore.garageapi.entity.GarageServiceEntity.garage.bookings)@1826067494 (PluralAttribute(com.mvgore.garageapi.entity.Garage.bookings))
	  com.mvgore.garageapi.entity.GarageServiceEntity.garage.owner.bookings -> DelayedCollectionInitializer(com.mvgore.garageapi.entity.GarageServiceEntity.garage.owner.bookings)@769108102 (PluralAttribute(com.mvgore.garageapi.entity.User.bookings))
	  com.mvgore.garageapi.entity.GarageServiceEntity.garage.owner -> EntityJoinedFetchInitializer(com.mvgore.garageapi.entity.GarageServiceEntity.garage.owner)@422721574 (ToOneAttributeMapping(NavigableRole[com.mvgore.garageapi.entity.Garage.owner])@777823742)
	  com.mvgore.garageapi.entity.GarageServiceEntity -> EntityResultInitializer(com.mvgore.garageapi.entity.GarageServiceEntity)@1472380639 (SingleTableEntityPersister(com.mvgore.garageapi.entity.GarageServiceEntity))

2026-02-10 08:54:49 - 
    select
        gse1_0.id,
        gse1_0.duration,
        gse1_0.garage_id,
        g1_0.id,
        g1_0.description,
        g1_0.location,
        g1_0.name,
        g1_0.owner_id,
        o1_0.id,
        o1_0.email,
        o1_0.name,
        o1_0.password,
        o1_0.role,
        g1_0.price_range,
        gse1_0.name,
        gse1_0.price 
    from
        services gse1_0 
    join
        garages g1_0 
            on g1_0.id=gse1_0.garage_id 
    left join
        users o1_0 
            on o1_0.id=g1_0.owner_id 
    where
        gse1_0.id=?
Hibernate: 
    select
        gse1_0.id,
        gse1_0.duration,
        gse1_0.garage_id,
        g1_0.id,
        g1_0.description,
        g1_0.location,
        g1_0.name,
        g1_0.owner_id,
        o1_0.id,
        o1_0.email,
        o1_0.name,
        o1_0.password,
        o1_0.role,
        g1_0.price_range,
        gse1_0.name,
        gse1_0.price 
    from
        services gse1_0 
    join
        garages g1_0 
            on g1_0.id=gse1_0.garage_id 
    left join
        users o1_0 
            on o1_0.id=g1_0.owner_id 
    where
        gse1_0.id=?
2026-02-10 08:54:49 - Extracted JDBC value [8] - [4]
2026-02-10 08:54:49 - (EntityJoinedFetchInitializer) Hydrated EntityKey (com.mvgore.garageapi.entity.GarageServiceEntity.garage.owner): 4
2026-02-10 08:54:49 - Extracted JDBC value [7] - [4]
2026-02-10 08:54:49 - Extracted JDBC value [3] - [2]
2026-02-10 08:54:49 - (EntityJoinedFetchInitializer) Hydrated EntityKey (com.mvgore.garageapi.entity.GarageServiceEntity.garage): 2
2026-02-10 08:54:49 - Extracted JDBC value [2] - [2]
2026-02-10 08:54:49 - (EntityResultInitializer) Hydrated EntityKey (com.mvgore.garageapi.entity.GarageServiceEntity): 2
2026-02-10 08:54:49 - Extracted JDBC value [3] - [2]
2026-02-10 08:54:49 - (DelayedCollectionInitializer) Current row collection key : com.mvgore.garageapi.entity.GarageServiceEntity.garage.bookings#2
2026-02-10 08:54:49 - Extracted JDBC value [8] - [4]
2026-02-10 08:54:49 - (DelayedCollectionInitializer) Current row collection key : com.mvgore.garageapi.entity.GarageServiceEntity.garage.owner.bookings#4
2026-02-10 08:54:49 - Extracted JDBC value [8] - [4]
2026-02-10 08:54:49 - (DelayedCollectionInitializer) Current row collection key : com.mvgore.garageapi.entity.GarageServiceEntity.garage.owner.garages#4
2026-02-10 08:54:49 - Extracted JDBC value [3] - [2]
2026-02-10 08:54:49 - (DelayedCollectionInitializer) Current row collection key : com.mvgore.garageapi.entity.GarageServiceEntity.garage.services#2
2026-02-10 08:54:49 - (EntityResultInitializer) Created new entity instance [com.mvgore.garageapi.entity.GarageServiceEntity#2] : 530355333
2026-02-10 08:54:49 - Extracted JDBC value [1] - [30]
2026-02-10 08:54:49 - Extracted JDBC value [14] - [Oil Change]
2026-02-10 08:54:49 - Extracted JDBC value [15] - [500.0]
2026-02-10 08:54:49 - (EntityResultInitializer) Done materializing entityInstance : com.mvgore.garageapi.entity.GarageServiceEntity#2
2026-02-10 08:54:49 - Calling top-level assembler (0 / 1) : org.hibernate.sql.results.graph.entity.internal.EntityAssembler@5deae5ef
2026-02-10 08:54:49 - (EntitySelectFetchInitializer) Entity [com.mvgore.garageapi.entity.Booking(b).service#2] : 2 has being loaded by session.internalLoad.
2026-02-10 08:54:49 - Extracted JDBC value [1] - [2026-02-10T10:00]
2026-02-10 08:54:49 - Extracted JDBC value [5] - [PENDING]
2026-02-10 08:54:49 - (EntityResultInitializer) Done materializing entityInstance : com.mvgore.garageapi.entity.Booking(b)#2
2026-02-10 08:54:49 - Calling top-level assembler (0 / 1) : org.hibernate.sql.results.graph.entity.internal.EntityAssembler@791ff1b9
]]></system-out>
  </testcase>
</testsuite>